2020-10-11 14:45:10 [INFO] config: Config(feed=FeedConfig(base_url='https://release-feeds.zhimingwang.org/', author='release-feeds', aggregate_title='Aggregate software releases'), packages=['ffmpeg', 'golang-defaults', 'pandoc', 'python3-defaults', 'rustc', 'zsh'])
2020-10-11 14:45:10 [INFO] GET https://sources.debian.org/api/src/ffmpeg/
2020-10-11 14:45:10 [INFO] GET https://sources.debian.org/api/src/python3-defaults/
2020-10-11 14:45:10 [INFO] GET https://sources.debian.org/api/src/rustc/
2020-10-11 14:45:10 [INFO] GET https://sources.debian.org/api/src/pandoc/
2020-10-11 14:45:10 [INFO] GET https://sources.debian.org/api/src/zsh/
2020-10-11 14:45:11 [WARNING] retrying download_watch_file for python3-defaults (attempt #1)
2020-10-11 14:45:11 [WARNING] retrying download_watch_file for pandoc (attempt #1)
2020-10-11 14:45:11 [WARNING] retrying download_watch_file for zsh (attempt #1)
2020-10-11 14:45:11 [WARNING] retrying download_watch_file for ffmpeg (attempt #1)
2020-10-11 14:45:11 [WARNING] retrying download_watch_file for rustc (attempt #1)
2020-10-11 14:45:12 [INFO] golang-defaults 1.15.2: https://golang.org/dl/go1.15.2.src.tar.gz
2020-10-11 14:45:13 [INFO] GET https://sources.debian.org/api/src/python3-defaults/
2020-10-11 14:45:13 [INFO] GET https://sources.debian.org/api/src/pandoc/
2020-10-11 14:45:13 [INFO] GET https://sources.debian.org/api/src/zsh/
2020-10-11 14:45:13 [INFO] GET https://sources.debian.org/api/src/ffmpeg/
2020-10-11 14:45:13 [INFO] GET https://sources.debian.org/api/src/rustc/
2020-10-11 14:45:13 [WARNING] retrying download_watch_file for pandoc (attempt #2)
2020-10-11 14:45:13 [WARNING] retrying download_watch_file for zsh (attempt #2)
2020-10-11 14:45:13 [WARNING] retrying download_watch_file for python3-defaults (attempt #2)
2020-10-11 14:45:13 [WARNING] retrying download_watch_file for ffmpeg (attempt #2)
2020-10-11 14:45:13 [WARNING] retrying download_watch_file for rustc (attempt #2)
2020-10-11 14:45:17 [INFO] GET https://sources.debian.org/api/src/pandoc/
2020-10-11 14:45:17 [INFO] GET https://sources.debian.org/api/src/zsh/
2020-10-11 14:45:17 [INFO] GET https://sources.debian.org/api/src/python3-defaults/
2020-10-11 14:45:17 [INFO] GET https://sources.debian.org/api/src/ffmpeg/
2020-10-11 14:45:17 [INFO] GET https://sources.debian.org/api/src/rustc/
2020-10-11 14:45:17 [WARNING] retrying download_watch_file for pandoc (attempt #3)
2020-10-11 14:45:17 [ERROR] failed to update entry for pandoc: no sid version found for pandoc: {"package":"pandoc","path":"pandoc","pathl":[["pandoc","/src/pandoc/"]],"suite":"","type":"package","versions":[{"area":"main","suites":[],"version":"2.9.2.1-1"},{"area":"main","suites":[],"version":"2.9.1.1-3"},{"area":"main","suites":["buster"],"version":"2.2.1-3"},{"area":"main","suites":["stretch"],"version":"1.17.2~dfsg-3"},{"area":"main","suites":["jessie","jessie-kfreebsd"],"version":"1.12.4.2~dfsg-1"},{"area":"main","suites":["wheezy"],"version":"1.9.4.2-2"},{"area":"main","suites":["squeeze"],"version":"1.5.1.1-5"},{"area":"main","suites":["lenny"],"version":"0.46+2"}]}

2020-10-11 14:45:17 [WARNING] retrying download_watch_file for python3-defaults (attempt #3)
2020-10-11 14:45:17 [ERROR] failed to update entry for python3-defaults: no sid version found for python3-defaults: {"package":"python3-defaults","path":"python3-defaults","pathl":[["python3-defaults","/src/python3-defaults/"]],"suite":"","type":"package","versions":[{"area":"main","suites":["experimental"],"version":"3.8.5-1"},{"area":"main","suites":[],"version":"3.8.2-3"},{"area":"main","suites":["buster"],"version":"3.7.3-1"},{"area":"main","suites":["stretch"],"version":"3.5.3-1"},{"area":"main","suites":["jessie","jessie-kfreebsd"],"version":"3.4.2-2"},{"area":"main","suites":["wheezy"],"version":"3.2.3-6"},{"area":"main","suites":["squeeze"],"version":"3.1.3-12+squeeze1"}]}

2020-10-11 14:45:17 [WARNING] retrying download_watch_file for ffmpeg (attempt #3)
2020-10-11 14:45:17 [ERROR] failed to update entry for ffmpeg: no sid version found for ffmpeg: {"package":"ffmpeg","path":"ffmpeg","pathl":[["ffmpeg","/src/ffmpeg/"]],"suite":"","type":"package","versions":[{"area":"main","suites":[],"version":"7:4.3.1-4"},{"area":"main","suites":["buster"],"version":"7:4.1.6-1~deb10u1"},{"area":"main","suites":["stretch"],"version":"7:3.2.14-1~deb9u1"},{"area":"main","suites":["jessie-backports"],"version":"7:3.2.10-1~deb9u1~bpo8+1"},{"area":"main","suites":["jessie-backports"],"version":"7:3.2.5-1~bpo8+1"},{"area":"main","suites":["squeeze-lts"],"version":"4:0.5.10-1+deb6u1"},{"area":"main","suites":["squeeze"],"version":"4:0.5.10-1"},{"area":"main","suites":["etch"],"version":"0.cvs20060823-8+etch1"},{"area":"main","suites":["etch-m68k"],"version":"0.cvs20060823-8"},{"area":"main","suites":["sarge"],"version":"0.cvs20050313-2sarge1"}]}

2020-10-11 14:45:17 [WARNING] retrying download_watch_file for zsh (attempt #3)
2020-10-11 14:45:17 [ERROR] failed to update entry for zsh: no sid version found for zsh: {"package":"zsh","path":"zsh","pathl":[["zsh","/src/zsh/"]],"suite":"","type":"package","versions":[{"area":"main","suites":[],"version":"5.8-5"},{"area":"main","suites":["buster"],"version":"5.7.1-1"},{"area":"main","suites":["stretch"],"version":"5.3.1-4"},{"area":"main","suites":["jessie","jessie-kfreebsd"],"version":"5.0.7-5"},{"area":"main","suites":["wheezy"],"version":"4.3.17-1"},{"area":"main","suites":["squeeze"],"version":"4.3.10-14"},{"area":"main","suites":["lenny"],"version":"4.3.6-6"},{"area":"main","suites":["etch","etch-m68k"],"version":"4.3.2-25"},{"area":"main","suites":["sarge"],"version":"4.2.5-7"},{"area":"main","suites":["woody"],"version":"4.0.4-33"},{"area":"main","suites":["potato"],"version":"3.1.9.dev6-7"},{"area":"main","suites":["slink"],"version":"3.1.2-10"},{"area":"main","suites":["hamm"],"version":"3.1.2-8"}]}

2020-10-11 14:45:17 [WARNING] retrying download_watch_file for rustc (attempt #3)
2020-10-11 14:45:17 [ERROR] failed to update entry for rustc: no sid version found for rustc: {"package":"rustc","path":"rustc","pathl":[["rustc","/src/rustc/"]],"suite":"","type":"package","versions":[{"area":"main","suites":["experimental"],"version":"1.47.0~beta.2+dfsg1-1~exp1"},{"area":"main","suites":[],"version":"1.46.0+dfsg1-1"},{"area":"main","suites":[],"version":"1.45.0+dfsg1-2"},{"area":"main","suites":[],"version":"1.43.0+dfsg1-1"},{"area":"main","suites":[],"version":"1.42.0+dfsg1-1"},{"area":"main","suites":[],"version":"1.41.1+dfsg1-1"},{"area":"main","suites":["buster"],"version":"1.41.1+dfsg1-1~deb10u1"},{"area":"main","suites":[],"version":"1.40.0+dfsg1-5"},{"area":"main","suites":[],"version":"1.39.0+dfsg1-4"},{"area":"main","suites":[],"version":"1.37.0+dfsg1-1"},{"area":"main","suites":[],"version":"1.36.0+dfsg1-2"},{"area":"main","suites":["buster"],"version":"1.34.2+dfsg1-1"},{"area":"main","suites":["stretch"],"version":"1.34.2+dfsg1-1~deb9u1"}]}

2020-10-11 14:45:17 [INFO] no updates found
2020-10-11 14:45:17 [ERROR] failed: pandoc, python3-defaults, ffmpeg, zsh, rustc
