2020-11-09 11:09:30 [INFO] persisted: Persisted(last_successful_crawls={'ffmpeg': '2020-11-09 11:07:58.188895+00:00', 'golang-defaults': '2020-11-09 11:07:57.345323+00:00', 'pandoc': '2020-11-09 11:07:57.530986+00:00', 'python3-defaults': '2020-11-09 11:07:57.211117+00:00', 'rustc': '2020-11-09 11:07:57.537124+00:00', 'zsh': '2020-11-09 11:07:57.538040+00:00'})
2020-11-09 11:09:30 [INFO] config: Config(feed=FeedConfig(base_url='https://release-feeds.zhimingwang.org/', author='release-feeds', aggregate_title='Aggregate software releases'), packages=['ffmpeg', 'golang-defaults', 'python3-defaults', 'rustc', 'zsh'])
2020-11-09 11:09:30 [INFO] GET https://sources.debian.org/api/src/ffmpeg/
2020-11-09 11:09:30 [INFO] GET https://sources.debian.org/api/src/rustc/
2020-11-09 11:09:30 [INFO] GET https://sources.debian.org/api/src/zsh/
2020-11-09 11:09:30 [INFO] GET https://sources.debian.org/api/src/python3-defaults/
2020-11-09 11:09:30 [INFO] GET https://sources.debian.org/api/src/python3-defaults/3.8.6-1/debian/watch
2020-11-09 11:09:30 [INFO] GET https://sources.debian.org/api/src/zsh/5.8-5/debian/watch
2020-11-09 11:09:30 [INFO] GET https://sources.debian.org/api/src/ffmpeg/7:4.3.1-5/debian/watch
2020-11-09 11:09:30 [INFO] GET https://sources.debian.org/api/src/rustc/1.47.0+dfsg1-1/debian/watch
2020-11-09 11:09:31 [INFO] GET https://sources.debian.org/data/main/z/zsh/5.8-5/debian/watch
2020-11-09 11:09:31 [INFO] GET https://sources.debian.org/data/main/p/python3-defaults/3.8.6-1/debian/watch
2020-11-09 11:09:31 [INFO] GET https://sources.debian.org/data/main/f/ffmpeg/7:4.3.1-5/debian/watch
2020-11-09 11:09:31 [INFO] GET https://sources.debian.org/data/main/r/rustc/1.47.0+dfsg1-1/debian/watch
2020-11-09 11:09:32 [INFO] python3-defaults 3.9.0: https://www.python.org/ftp/python/3.9.0/Python-3.9.0.tar.xz
2020-11-09 11:09:32 [INFO] rustc 1.47.0: https://static.rust-lang.org/dist/rustc-1.47.0-src.tar.xz
2020-11-09 11:09:32 [INFO] golang-defaults 1.15.4: https://golang.org/dl/go1.15.4.src.tar.gz
2020-11-09 11:09:32 [INFO] zsh 5.8: https://www.zsh.org/pub/zsh-5.8.tar.xz
2020-11-09 11:09:33 [INFO] ffmpeg 4.3.1: https://ffmpeg.org/releases/ffmpeg-4.3.1.tar.xz
2020-11-09 11:09:33 [INFO] no updates found
2020-11-09 11:09:33 [INFO] removed docs/pandoc.xml
2020-11-09 11:09:33 [INFO] generated docs/aggregate.xml
