2020-11-30 08:35:21 [INFO] persisted: Persisted(last_successful_crawls={'ffmpeg': '2020-11-30 07:11:01.199878+00:00', 'golang-defaults': '2020-11-30 07:10:56.453648+00:00', 'python3-defaults': '2020-11-30 07:11:00.115955+00:00', 'rustc': '2020-11-30 07:11:00.386501+00:00', 'zsh': '2020-11-30 07:11:00.531480+00:00'})
2020-11-30 08:35:21 [INFO] config: Config(feed=FeedConfig(base_url='https://release-feeds.zhimingwang.org/', author='release-feeds', aggregate_title='Aggregate software releases'), packages=['ffmpeg', 'golang-defaults', 'python3-defaults', 'rustc', 'zsh'])
2020-11-30 08:35:21 [INFO] GET https://sources.debian.org/api/src/ffmpeg/
2020-11-30 08:35:21 [INFO] GET https://sources.debian.org/api/src/python3-defaults/
2020-11-30 08:35:21 [INFO] GET https://sources.debian.org/api/src/rustc/
2020-11-30 08:35:21 [INFO] GET https://sources.debian.org/api/src/zsh/
2020-11-30 08:35:22 [INFO] GET https://sources.debian.org/api/src/rustc/1.47.0+dfsg1-1/debian/watch
2020-11-30 08:35:22 [INFO] GET https://sources.debian.org/api/src/ffmpeg/7:4.3.1-5/debian/watch
2020-11-30 08:35:22 [INFO] GET https://sources.debian.org/api/src/python3-defaults/3.9.0-3/debian/watch
2020-11-30 08:35:22 [INFO] GET https://sources.debian.org/api/src/zsh/5.8-5/debian/watch
2020-11-30 08:35:22 [INFO] GET https://sources.debian.org/data/main/p/python3-defaults/3.9.0-3/debian/watch
2020-11-30 08:35:22 [INFO] GET https://sources.debian.org/data/main/z/zsh/5.8-5/debian/watch
2020-11-30 08:35:22 [INFO] GET https://sources.debian.org/data/main/f/ffmpeg/7:4.3.1-5/debian/watch
2020-11-30 08:35:22 [INFO] GET https://sources.debian.org/data/main/r/rustc/1.47.0+dfsg1-1/debian/watch
2020-11-30 08:35:23 [INFO] python3-defaults 3.9.0: https://www.python.org/ftp/python/3.9.0/Python-3.9.0.tar.xz
2020-11-30 08:35:23 [INFO] golang-defaults 1.15.5: https://golang.org/dl/go1.15.5.src.tar.gz
2020-11-30 08:35:24 [INFO] rustc 1.48.0: https://static.rust-lang.org/dist/rustc-1.48.0-src.tar.xz
2020-11-30 08:35:24 [INFO] ffmpeg 4.3.1: https://ffmpeg.org/releases/ffmpeg-4.3.1.tar.xz
2020-11-30 08:35:43 [WARNING] retrying uscan for zsh (attempt #1)
2020-11-30 08:36:05 [WARNING] retrying uscan for zsh (attempt #2)
2020-11-30 08:36:30 [WARNING] retrying uscan for zsh (attempt #3)
2020-11-30 08:36:30 [ERROR] failed to update entry for zsh: uscan for zsh failed
2020-11-30 08:36:30 [INFO] no updates found
2020-11-30 08:36:30 [ERROR] failed: zsh
