2021-05-04 22:57:45 [INFO] persisted: Persisted(last_successful_crawls={'ffmpeg': '2021-05-04 22:46:49.924931+00:00', 'golang-defaults': '2021-05-04 22:46:48.457207+00:00', 'python3-defaults': '2021-05-04 22:46:48.754589+00:00', 'rustc': '2021-05-04 22:46:49.031978+00:00', 'zsh': '2021-05-04 22:46:49.149499+00:00'})
2021-05-04 22:57:45 [INFO] config: Config(feed=FeedConfig(base_url='https://release-feeds.zhimingwang.org/', author='release-feeds', aggregate_title='Aggregate software releases'), packages=['ffmpeg', 'golang-defaults', 'python3-defaults', 'rustc', 'zsh'])
2021-05-04 22:57:45 [INFO] GET https://sources.debian.org/api/src/ffmpeg/
2021-05-04 22:57:45 [INFO] GET https://sources.debian.org/api/src/python3-defaults/
2021-05-04 22:57:45 [INFO] GET https://sources.debian.org/api/src/rustc/
2021-05-04 22:57:45 [INFO] GET https://sources.debian.org/api/src/zsh/
2021-05-04 22:57:45 [INFO] GET https://sources.debian.org/api/src/rustc/1.48.0+dfsg1-2/debian/watch
2021-05-04 22:57:45 [INFO] GET https://sources.debian.org/api/src/python3-defaults/3.9.2-3/debian/watch
2021-05-04 22:57:45 [INFO] GET https://sources.debian.org/api/src/ffmpeg/7:4.3.2-0+deb11u1/debian/watch
2021-05-04 22:57:45 [INFO] GET https://sources.debian.org/api/src/zsh/5.8-6/debian/watch
2021-05-04 22:57:46 [INFO] GET https://sources.debian.org/data/main/p/python3-defaults/3.9.2-3/debian/watch
2021-05-04 22:57:46 [INFO] GET https://sources.debian.org/data/main/z/zsh/5.8-6/debian/watch
2021-05-04 22:57:46 [INFO] GET https://sources.debian.org/data/main/f/ffmpeg/7:4.3.2-0+deb11u1/debian/watch
2021-05-04 22:57:46 [INFO] GET https://sources.debian.org/data/main/r/rustc/1.48.0+dfsg1-2/debian/watch
2021-05-04 22:57:46 [INFO] golang-defaults 1.16.3: https://golang.org/dl/go1.16.3.src.tar.gz
2021-05-04 22:57:46 [INFO] python3-defaults 3.9.5: https://www.python.org/ftp/python/3.9.5/Python-3.9.5.tar.xz
2021-05-04 22:57:46 [WARNING] retrying uscan for zsh (attempt #1)
2021-05-04 22:57:47 [INFO] rustc 1.51.0: https://static.rust-lang.org/dist/rustc-1.51.0-src.tar.xz
2021-05-04 22:57:47 [INFO] ffmpeg 4.4: https://ffmpeg.org/releases/ffmpeg-4.4.tar.xz
2021-05-04 22:57:49 [WARNING] retrying uscan for zsh (attempt #2)
2021-05-04 22:57:53 [WARNING] retrying uscan for zsh (attempt #3)
2021-05-04 22:57:53 [ERROR] failed to update entry for zsh: uscan for zsh failed
2021-05-04 22:57:53 [INFO] no updates found
2021-05-04 22:57:53 [ERROR] failed: zsh
