2021-01-13 17:47:13 [INFO] persisted: Persisted(last_successful_crawls={'ffmpeg': '2021-01-13 16:12:50.667541+00:00', 'golang-defaults': '2021-01-13 16:12:49.525077+00:00', 'python3-defaults': '2021-01-13 16:12:49.423660+00:00', 'rustc': '2021-01-13 16:12:50.021658+00:00', 'zsh': '2021-01-13 16:12:49.858337+00:00'})
2021-01-13 17:47:13 [INFO] config: Config(feed=FeedConfig(base_url='https://release-feeds.zhimingwang.org/', author='release-feeds', aggregate_title='Aggregate software releases'), packages=['ffmpeg', 'golang-defaults', 'python3-defaults', 'rustc', 'zsh'])
2021-01-13 17:47:13 [INFO] GET https://sources.debian.org/api/src/ffmpeg/
2021-01-13 17:47:13 [INFO] GET https://sources.debian.org/api/src/python3-defaults/
2021-01-13 17:47:13 [INFO] GET https://sources.debian.org/api/src/rustc/
2021-01-13 17:47:13 [INFO] GET https://sources.debian.org/api/src/zsh/
2021-01-13 17:47:13 [INFO] GET https://sources.debian.org/api/src/rustc/1.48.0+dfsg1-2/debian/watch
2021-01-13 17:47:13 [INFO] GET https://sources.debian.org/api/src/python3-defaults/3.9.1-1/debian/watch
2021-01-13 17:47:13 [INFO] GET https://sources.debian.org/api/src/ffmpeg/7:4.3.1-6/debian/watch
2021-01-13 17:47:13 [INFO] GET https://sources.debian.org/api/src/zsh/5.8-5/debian/watch
2021-01-13 17:47:14 [INFO] GET https://sources.debian.org/data/main/p/python3-defaults/3.9.1-1/debian/watch
2021-01-13 17:47:14 [INFO] GET https://sources.debian.org/data/main/z/zsh/5.8-5/debian/watch
2021-01-13 17:47:14 [INFO] GET https://sources.debian.org/data/main/f/ffmpeg/7:4.3.1-6/debian/watch
2021-01-13 17:47:14 [INFO] GET https://sources.debian.org/data/main/r/rustc/1.48.0+dfsg1-2/debian/watch
2021-01-13 17:47:14 [INFO] python3-defaults 3.9.1: https://www.python.org/ftp/python/3.9.1/Python-3.9.1.tar.xz
2021-01-13 17:47:14 [INFO] golang-defaults 1.15.6: https://golang.org/dl/go1.15.6.src.tar.gz
2021-01-13 17:47:15 [INFO] rustc 1.49.0: https://static.rust-lang.org/dist/rustc-1.49.0-src.tar.xz
2021-01-13 17:47:15 [INFO] ffmpeg 4.3.1: https://ffmpeg.org/releases/ffmpeg-4.3.1.tar.xz
2021-01-13 17:47:34 [WARNING] retrying uscan for zsh (attempt #1)
2021-01-13 17:47:57 [WARNING] retrying uscan for zsh (attempt #2)
2021-01-13 17:48:21 [WARNING] retrying uscan for zsh (attempt #3)
2021-01-13 17:48:21 [ERROR] failed to update entry for zsh: uscan for zsh failed
2021-01-13 17:48:21 [INFO] no updates found
2021-01-13 17:48:21 [ERROR] failed: zsh
