2021-09-06 11:53:07 [INFO] persisted: Persisted(last_successful_crawls={'ffmpeg': '2021-09-06 11:43:08.157487+00:00', 'golang-defaults': '2021-09-06 11:43:06.964074+00:00', 'python3-defaults': '2021-09-06 11:43:06.460575+00:00', 'rustc': '2021-09-06 11:43:07.792603+00:00', 'zsh': '2021-09-06 11:43:07.150920+00:00'})
2021-09-06 11:53:07 [INFO] config: Config(feed=FeedConfig(base_url='https://release-feeds.zhimingwang.org/', author='release-feeds', aggregate_title='Aggregate software releases'), packages=['ffmpeg', 'golang-defaults', 'python3-defaults', 'rustc', 'zsh'])
2021-09-06 11:53:07 [INFO] GET https://sources.debian.org/api/src/ffmpeg/
2021-09-06 11:53:07 [INFO] GET https://sources.debian.org/api/src/python3-defaults/
2021-09-06 11:53:07 [INFO] GET https://sources.debian.org/api/src/rustc/
2021-09-06 11:53:07 [INFO] GET https://sources.debian.org/api/src/zsh/
2021-09-06 11:53:08 [INFO] GET https://sources.debian.org/api/src/zsh/5.8-7/debian/watch
2021-09-06 11:53:08 [INFO] GET https://sources.debian.org/api/src/python3-defaults/3.9.2-3/debian/watch
2021-09-06 11:53:08 [INFO] GET https://sources.debian.org/api/src/rustc/1.49.0+dfsg1-1/debian/watch
2021-09-06 11:53:08 [INFO] GET https://sources.debian.org/api/src/ffmpeg/7:4.4-5/debian/watch
2021-09-06 11:53:08 [INFO] GET https://sources.debian.org/data/main/r/rustc/1.49.0%2Bdfsg1-1/debian/watch
2021-09-06 11:53:08 [INFO] GET https://sources.debian.org/data/main/p/python3-defaults/3.9.2-3/debian/watch
2021-09-06 11:53:08 [INFO] GET https://sources.debian.org/data/main/f/ffmpeg/7%3A4.4-5/debian/watch
2021-09-06 11:53:08 [INFO] GET https://sources.debian.org/data/main/z/zsh/5.8-7/debian/watch
2021-09-06 11:53:09 [INFO] golang-defaults 1.17: https://golang.org/dl/go1.17.src.tar.gz
2021-09-06 11:53:09 [INFO] python3-defaults 3.9.7: https://www.python.org/ftp/python/3.9.7/Python-3.9.7.tar.xz
2021-09-06 11:53:09 [INFO] rustc 1.54.0: https://static.rust-lang.org/dist/rustc-1.54.0-src.tar.xz
2021-09-06 11:53:10 [INFO] ffmpeg 4.4: https://ffmpeg.org/releases/ffmpeg-4.4.tar.xz
2021-09-06 11:53:29 [WARNING] retrying uscan for zsh (attempt #1)
2021-09-06 11:53:51 [WARNING] retrying uscan for zsh (attempt #2)
2021-09-06 11:54:16 [WARNING] retrying uscan for zsh (attempt #3)
2021-09-06 11:54:16 [ERROR] failed to update entry for zsh: uscan for zsh failed
2021-09-06 11:54:16 [INFO] no updates found
2021-09-06 11:54:16 [ERROR] failed: zsh
