2021-09-29 12:17:20 [INFO] persisted: Persisted(last_successful_crawls={'ffmpeg': '2021-09-29 12:04:09.421477+00:00', 'golang-defaults': '2021-09-29 12:04:08.070098+00:00', 'python3-defaults': '2021-09-29 12:04:08.306109+00:00', 'rustc': '2021-09-29 12:04:08.578508+00:00', 'zsh': '2021-09-29 12:04:08.754742+00:00'})
2021-09-29 12:17:20 [INFO] config: Config(feed=FeedConfig(base_url='https://release-feeds.zhimingwang.org/', author='release-feeds', aggregate_title='Aggregate software releases'), packages=['ffmpeg', 'golang-defaults', 'python3-defaults', 'rustc', 'zsh'])
2021-09-29 12:17:20 [INFO] GET https://sources.debian.org/api/src/ffmpeg/
2021-09-29 12:17:20 [INFO] GET https://sources.debian.org/api/src/python3-defaults/
2021-09-29 12:17:20 [INFO] GET https://sources.debian.org/api/src/rustc/
2021-09-29 12:17:20 [INFO] GET https://sources.debian.org/api/src/zsh/
2021-09-29 12:17:20 [INFO] GET https://sources.debian.org/api/src/python3-defaults/3.9.2-3/debian/watch
2021-09-29 12:17:20 [INFO] GET https://sources.debian.org/api/src/ffmpeg/7:4.4-6/debian/watch
2021-09-29 12:17:20 [INFO] GET https://sources.debian.org/api/src/rustc/1.50.0+dfsg1-1/debian/watch
2021-09-29 12:17:20 [INFO] GET https://sources.debian.org/api/src/zsh/5.8-10/debian/watch
2021-09-29 12:17:20 [INFO] GET https://sources.debian.org/data/main/p/python3-defaults/3.9.2-3/debian/watch
2021-09-29 12:17:20 [INFO] GET https://sources.debian.org/data/main/f/ffmpeg/7%3A4.4-6/debian/watch
2021-09-29 12:17:20 [INFO] GET https://sources.debian.org/data/main/z/zsh/5.8-10/debian/watch
2021-09-29 12:17:20 [INFO] GET https://sources.debian.org/data/main/r/rustc/1.50.0%2Bdfsg1-1/debian/watch
2021-09-29 12:17:22 [INFO] python3-defaults 3.9.7: https://www.python.org/ftp/python/3.9.7/Python-3.9.7.tar.xz
2021-09-29 12:17:22 [INFO] rustc 1.55.0: https://static.rust-lang.org/dist/rustc-1.55.0-src.tar.xz
2021-09-29 12:17:22 [INFO] zsh 5.8: https://www.zsh.org/pub/zsh-5.8.tar.xz
2021-09-29 12:17:22 [INFO] golang-defaults 1.17.1: https://golang.org/dl/go1.17.1.src.tar.gz
2021-09-29 12:17:23 [INFO] ffmpeg 4.4: https://ffmpeg.org/releases/ffmpeg-4.4.tar.xz
2021-09-29 12:17:23 [INFO] no updates found
