2021-04-18 08:47:38 [INFO] persisted: Persisted(last_successful_crawls={'ffmpeg': '2021-04-18 08:31:59.428203+00:00', 'golang-defaults': '2021-04-18 08:31:58.259003+00:00', 'python3-defaults': '2021-04-18 08:31:58.274505+00:00', 'rustc': '2021-04-18 08:31:59.682356+00:00', 'zsh': '2021-04-18 08:31:58.782255+00:00'})
2021-04-18 08:47:38 [INFO] config: Config(feed=FeedConfig(base_url='https://release-feeds.zhimingwang.org/', author='release-feeds', aggregate_title='Aggregate software releases'), packages=['ffmpeg', 'golang-defaults', 'python3-defaults', 'rustc', 'zsh'])
2021-04-18 08:47:38 [INFO] GET https://sources.debian.org/api/src/ffmpeg/
2021-04-18 08:47:38 [INFO] GET https://sources.debian.org/api/src/python3-defaults/
2021-04-18 08:47:38 [INFO] GET https://sources.debian.org/api/src/rustc/
2021-04-18 08:47:38 [INFO] GET https://sources.debian.org/api/src/zsh/
2021-04-18 08:47:39 [INFO] GET https://sources.debian.org/api/src/zsh/5.8-6/debian/watch
2021-04-18 08:47:39 [INFO] GET https://sources.debian.org/api/src/python3-defaults/3.9.2-3/debian/watch
2021-04-18 08:47:39 [INFO] GET https://sources.debian.org/api/src/rustc/1.48.0+dfsg1-2/debian/watch
2021-04-18 08:47:39 [INFO] GET https://sources.debian.org/api/src/ffmpeg/7:4.3.2-0+deb11u1/debian/watch
2021-04-18 08:47:39 [INFO] GET https://sources.debian.org/data/main/p/python3-defaults/3.9.2-3/debian/watch
2021-04-18 08:47:39 [INFO] GET https://sources.debian.org/data/main/z/zsh/5.8-6/debian/watch
2021-04-18 08:47:39 [INFO] GET https://sources.debian.org/data/main/f/ffmpeg/7:4.3.2-0+deb11u1/debian/watch
2021-04-18 08:47:39 [INFO] GET https://sources.debian.org/data/main/r/rustc/1.48.0+dfsg1-2/debian/watch
2021-04-18 08:47:39 [INFO] golang-defaults 1.16.3: https://golang.org/dl/go1.16.3.src.tar.gz
2021-04-18 08:47:40 [INFO] python3-defaults 3.9.4: https://www.python.org/ftp/python/3.9.4/Python-3.9.4.tar.xz
2021-04-18 08:47:40 [INFO] rustc 1.51.0: https://static.rust-lang.org/dist/rustc-1.51.0-src.tar.xz
2021-04-18 08:47:40 [INFO] zsh 5.8: https://www.zsh.org/pub/zsh-5.8.tar.xz
2021-04-18 08:48:00 [WARNING] retrying uscan for ffmpeg (attempt #1)
2021-04-18 08:48:22 [WARNING] retrying uscan for ffmpeg (attempt #2)
2021-04-18 08:48:47 [WARNING] retrying uscan for ffmpeg (attempt #3)
2021-04-18 08:48:47 [ERROR] failed to update entry for ffmpeg: uscan for ffmpeg failed
2021-04-18 08:48:47 [INFO] no updates found
2021-04-18 08:48:47 [ERROR] failed: ffmpeg
