2021-06-15 12:53:49 [INFO] persisted: Persisted(last_successful_crawls={'ffmpeg': '2021-06-15 12:35:04.472621+00:00', 'golang-defaults': '2021-06-15 12:35:03.204793+00:00', 'python3-defaults': '2021-06-15 12:35:02.952453+00:00', 'rustc': '2021-06-15 12:35:03.946963+00:00', 'zsh': '2021-06-15 12:35:03.541087+00:00'})
2021-06-15 12:53:49 [INFO] config: Config(feed=FeedConfig(base_url='https://release-feeds.zhimingwang.org/', author='release-feeds', aggregate_title='Aggregate software releases'), packages=['ffmpeg', 'golang-defaults', 'python3-defaults', 'rustc', 'zsh'])
2021-06-15 12:53:49 [INFO] GET https://sources.debian.org/api/src/ffmpeg/
2021-06-15 12:53:49 [INFO] GET https://sources.debian.org/api/src/python3-defaults/
2021-06-15 12:53:49 [INFO] GET https://sources.debian.org/api/src/rustc/
2021-06-15 12:53:49 [INFO] GET https://sources.debian.org/api/src/zsh/
2021-06-15 12:53:50 [INFO] GET https://sources.debian.org/api/src/python3-defaults/3.9.2-3/debian/watch
2021-06-15 12:53:50 [INFO] GET https://sources.debian.org/api/src/rustc/1.48.0+dfsg1-2/debian/watch
2021-06-15 12:53:50 [INFO] GET https://sources.debian.org/api/src/ffmpeg/7:4.3.2-0+deb11u2/debian/watch
2021-06-15 12:53:50 [INFO] GET https://sources.debian.org/api/src/zsh/5.8-6/debian/watch
2021-06-15 12:53:50 [INFO] GET https://sources.debian.org/data/main/p/python3-defaults/3.9.2-3/debian/watch
2021-06-15 12:53:50 [INFO] GET https://sources.debian.org/data/main/f/ffmpeg/7:4.3.2-0+deb11u2/debian/watch
2021-06-15 12:53:50 [INFO] GET https://sources.debian.org/data/main/z/zsh/5.8-6/debian/watch
2021-06-15 12:53:50 [INFO] GET https://sources.debian.org/data/main/r/rustc/1.48.0+dfsg1-2/debian/watch
2021-06-15 12:53:51 [INFO] python3-defaults 3.9.5: https://www.python.org/ftp/python/3.9.5/Python-3.9.5.tar.xz
2021-06-15 12:53:51 [INFO] golang-defaults 1.16.5: https://golang.org/dl/go1.16.5.src.tar.gz
2021-06-15 12:53:51 [INFO] rustc 1.52.1: https://static.rust-lang.org/dist/rustc-1.52.1-src.tar.xz
2021-06-15 12:53:51 [INFO] zsh 5.8: https://www.zsh.org/pub/zsh-5.8.tar.xz
2021-06-15 12:54:11 [WARNING] retrying uscan for ffmpeg (attempt #1)
2021-06-15 12:54:33 [WARNING] retrying uscan for ffmpeg (attempt #2)
2021-06-15 12:54:57 [WARNING] retrying uscan for ffmpeg (attempt #3)
2021-06-15 12:54:57 [ERROR] failed to update entry for ffmpeg: uscan for ffmpeg failed
2021-06-15 12:54:57 [INFO] no updates found
2021-06-15 12:54:57 [ERROR] failed: ffmpeg
