2021-11-08 06:29:54 [INFO] persisted: Persisted(last_successful_crawls={'ffmpeg': '2021-11-08 06:16:44.178895+00:00', 'golang-defaults': '2021-11-08 06:16:43.022808+00:00', 'python3-defaults': '2021-11-08 06:16:43.009809+00:00', 'rustc': '2021-11-08 06:16:43.175088+00:00', 'zsh': '2021-11-08 06:16:43.530135+00:00'})
2021-11-08 06:29:54 [INFO] config: Config(feed=FeedConfig(base_url='https://release-feeds.zhimingwang.org/', author='release-feeds', aggregate_title='Aggregate software releases'), packages=['ffmpeg', 'golang-defaults', 'python3-defaults', 'rustc', 'zsh'])
2021-11-08 06:29:54 [INFO] GET https://sources.debian.org/api/src/ffmpeg/
2021-11-08 06:29:54 [INFO] GET https://sources.debian.org/api/src/python3-defaults/
2021-11-08 06:29:54 [INFO] GET https://sources.debian.org/api/src/rustc/
2021-11-08 06:29:54 [INFO] GET https://sources.debian.org/api/src/zsh/
2021-11-08 06:29:55 [INFO] GET https://sources.debian.org/api/src/python3-defaults/3.9.7-1/debian/watch
2021-11-08 06:29:55 [INFO] GET https://sources.debian.org/api/src/ffmpeg/7:4.4.1-1/debian/watch
2021-11-08 06:29:55 [INFO] GET https://sources.debian.org/api/src/rustc/1.56.0+dfsg1-2/debian/watch
2021-11-08 06:29:55 [INFO] GET https://sources.debian.org/api/src/zsh/5.8-10/debian/watch
2021-11-08 06:29:55 [INFO] GET https://sources.debian.org/data/main/p/python3-defaults/3.9.7-1/debian/watch
2021-11-08 06:29:55 [INFO] GET https://sources.debian.org/data/main/f/ffmpeg/7%3A4.4.1-1/debian/watch
2021-11-08 06:29:55 [INFO] GET https://sources.debian.org/data/main/z/zsh/5.8-10/debian/watch
2021-11-08 06:29:55 [INFO] GET https://sources.debian.org/data/main/r/rustc/1.56.0%2Bdfsg1-2/debian/watch
2021-11-08 06:29:56 [INFO] python3-defaults 3.10.0: https://www.python.org/ftp/python/3.10.0/Python-3.10.0.tar.xz
2021-11-08 06:29:56 [INFO] golang-defaults 1.17.3: https://golang.org/dl/go1.17.3.src.tar.gz
2021-11-08 06:29:57 [INFO] rustc 1.56.1: https://static.rust-lang.org/dist/rustc-1.56.1-src.tar.xz
2021-11-08 06:29:57 [INFO] ffmpeg 4.4.1: https://ffmpeg.org/releases/ffmpeg-4.4.1.tar.xz
2021-11-08 06:30:16 [WARNING] retrying uscan for zsh (attempt #1)
2021-11-08 06:30:38 [WARNING] retrying uscan for zsh (attempt #2)
2021-11-08 06:31:03 [WARNING] retrying uscan for zsh (attempt #3)
2021-11-08 06:31:03 [ERROR] failed to update entry for zsh: uscan for zsh failed
2021-11-08 06:31:03 [INFO] no updates found
2021-11-08 06:31:03 [ERROR] failed: zsh
