2021-01-28 10:00:06 [INFO] persisted: Persisted(last_successful_crawls={'ffmpeg': '2021-01-28 09:39:26.695091+00:00', 'golang-defaults': '2021-01-28 09:39:25.852478+00:00', 'python3-defaults': '2021-01-28 09:39:25.735650+00:00', 'rustc': '2021-01-28 09:39:26.123293+00:00', 'zsh': '2021-01-28 09:39:26.047128+00:00'})
2021-01-28 10:00:06 [INFO] config: Config(feed=FeedConfig(base_url='https://release-feeds.zhimingwang.org/', author='release-feeds', aggregate_title='Aggregate software releases'), packages=['ffmpeg', 'golang-defaults', 'python3-defaults', 'rustc', 'zsh'])
2021-01-28 10:00:06 [INFO] GET https://sources.debian.org/api/src/ffmpeg/
2021-01-28 10:00:06 [INFO] GET https://sources.debian.org/api/src/python3-defaults/
2021-01-28 10:00:06 [INFO] GET https://sources.debian.org/api/src/rustc/
2021-01-28 10:00:06 [INFO] GET https://sources.debian.org/api/src/zsh/
2021-01-28 10:00:07 [INFO] GET https://sources.debian.org/api/src/python3-defaults/3.9.1-1/debian/watch
2021-01-28 10:00:07 [INFO] GET https://sources.debian.org/api/src/ffmpeg/7:4.3.1-8/debian/watch
2021-01-28 10:00:07 [INFO] GET https://sources.debian.org/api/src/rustc/1.48.0+dfsg1-2/debian/watch
2021-01-28 10:00:07 [INFO] GET https://sources.debian.org/api/src/zsh/5.8-5/debian/watch
2021-01-28 10:00:07 [INFO] GET https://sources.debian.org/data/main/p/python3-defaults/3.9.1-1/debian/watch
2021-01-28 10:00:07 [INFO] GET https://sources.debian.org/data/main/z/zsh/5.8-5/debian/watch
2021-01-28 10:00:07 [INFO] GET https://sources.debian.org/data/main/f/ffmpeg/7:4.3.1-8/debian/watch
2021-01-28 10:00:07 [INFO] GET https://sources.debian.org/data/main/r/rustc/1.48.0+dfsg1-2/debian/watch
2021-01-28 10:00:07 [INFO] golang-defaults 1.15.7: https://golang.org/dl/go1.15.7.src.tar.gz
2021-01-28 10:00:08 [INFO] python3-defaults 3.9.1: https://www.python.org/ftp/python/3.9.1/Python-3.9.1.tar.xz
2021-01-28 10:00:08 [INFO] zsh 5.8: https://www.zsh.org/pub/zsh-5.8.tar.xz
2021-01-28 10:00:08 [INFO] rustc 1.49.0: https://static.rust-lang.org/dist/rustc-1.49.0-src.tar.xz
2021-01-28 10:00:09 [INFO] ffmpeg 4.3.1: https://ffmpeg.org/releases/ffmpeg-4.3.1.tar.xz
2021-01-28 10:00:09 [INFO] no updates found
