2021-08-07 05:09:32 [INFO] persisted: Persisted(last_successful_crawls={'ffmpeg': '2021-08-07 04:55:20.580702+00:00', 'golang-defaults': '2021-08-07 04:55:20.085837+00:00', 'python3-defaults': '2021-08-07 04:55:19.485084+00:00', 'rustc': '2021-08-07 04:55:20.683681+00:00', 'zsh': '2021-08-07 04:55:19.987552+00:00'})
2021-08-07 05:09:32 [INFO] config: Config(feed=FeedConfig(base_url='https://release-feeds.zhimingwang.org/', author='release-feeds', aggregate_title='Aggregate software releases'), packages=['ffmpeg', 'golang-defaults', 'python3-defaults', 'rustc', 'zsh'])
2021-08-07 05:09:32 [INFO] GET https://sources.debian.org/api/src/rustc/
2021-08-07 05:09:32 [INFO] GET https://sources.debian.org/api/src/ffmpeg/
2021-08-07 05:09:32 [INFO] GET https://sources.debian.org/api/src/python3-defaults/
2021-08-07 05:09:32 [INFO] GET https://sources.debian.org/api/src/zsh/
2021-08-07 05:09:32 [INFO] GET https://sources.debian.org/api/src/python3-defaults/3.9.2-3/debian/watch
2021-08-07 05:09:32 [INFO] GET https://sources.debian.org/api/src/ffmpeg/7:4.3.2-0+deb11u2/debian/watch
2021-08-07 05:09:32 [INFO] GET https://sources.debian.org/api/src/zsh/5.8-6/debian/watch
2021-08-07 05:09:32 [INFO] GET https://sources.debian.org/api/src/rustc/1.48.0+dfsg1-2/debian/watch
2021-08-07 05:09:32 [INFO] GET https://sources.debian.org/data/main/p/python3-defaults/3.9.2-3/debian/watch
2021-08-07 05:09:32 [INFO] GET https://sources.debian.org/data/main/f/ffmpeg/7%3A4.3.2-0%2Bdeb11u2/debian/watch
2021-08-07 05:09:32 [INFO] GET https://sources.debian.org/data/main/z/zsh/5.8-6/debian/watch
2021-08-07 05:09:33 [INFO] GET https://sources.debian.org/data/main/r/rustc/1.48.0%2Bdfsg1-2/debian/watch
2021-08-07 05:09:33 [INFO] python3-defaults 3.9.6: https://www.python.org/ftp/python/3.9.6/Python-3.9.6.tar.xz
2021-08-07 05:09:33 [INFO] zsh 5.8: https://www.zsh.org/pub/zsh-5.8.tar.xz
2021-08-07 05:09:34 [INFO] golang-defaults 1.16.7: https://golang.org/dl/go1.16.7.src.tar.gz
2021-08-07 05:09:34 [INFO] ffmpeg 4.4: https://ffmpeg.org/releases/ffmpeg-4.4.tar.xz
2021-08-07 05:09:34 [INFO] rustc 1.54.0: https://static.rust-lang.org/dist/rustc-1.54.0-src.tar.xz
2021-08-07 05:09:34 [INFO] no updates found
