2021-02-11 07:45:07 [INFO] persisted: Persisted(last_successful_crawls={'ffmpeg': '2021-02-11 07:32:20.238301+00:00', 'golang-defaults': '2021-02-11 07:32:19.370615+00:00', 'python3-defaults': '2021-02-11 07:32:19.227432+00:00', 'rustc': '2021-02-11 07:32:19.324478+00:00', 'zsh': '2021-02-11 07:32:19.498299+00:00'})
2021-02-11 07:45:07 [INFO] config: Config(feed=FeedConfig(base_url='https://release-feeds.zhimingwang.org/', author='release-feeds', aggregate_title='Aggregate software releases'), packages=['ffmpeg', 'golang-defaults', 'python3-defaults', 'rustc', 'zsh'])
2021-02-11 07:45:07 [INFO] GET https://sources.debian.org/api/src/rustc/
2021-02-11 07:45:07 [INFO] GET https://sources.debian.org/api/src/ffmpeg/
2021-02-11 07:45:07 [INFO] GET https://sources.debian.org/api/src/python3-defaults/
2021-02-11 07:45:07 [INFO] GET https://sources.debian.org/api/src/zsh/
2021-02-11 07:45:07 [INFO] GET https://sources.debian.org/api/src/rustc/1.48.0+dfsg1-2/debian/watch
2021-02-11 07:45:07 [INFO] GET https://sources.debian.org/api/src/python3-defaults/3.9.1-1/debian/watch
2021-02-11 07:45:07 [INFO] GET https://sources.debian.org/api/src/ffmpeg/7:4.3.1-8/debian/watch
2021-02-11 07:45:07 [INFO] GET https://sources.debian.org/api/src/zsh/5.8-6/debian/watch
2021-02-11 07:45:07 [INFO] GET https://sources.debian.org/data/main/p/python3-defaults/3.9.1-1/debian/watch
2021-02-11 07:45:07 [INFO] GET https://sources.debian.org/data/main/z/zsh/5.8-6/debian/watch
2021-02-11 07:45:07 [INFO] GET https://sources.debian.org/data/main/f/ffmpeg/7:4.3.1-8/debian/watch
2021-02-11 07:45:07 [INFO] GET https://sources.debian.org/data/main/r/rustc/1.48.0+dfsg1-2/debian/watch
2021-02-11 07:45:08 [INFO] golang-defaults 1.15.8: https://golang.org/dl/go1.15.8.src.tar.gz
2021-02-11 07:45:08 [INFO] python3-defaults 3.9.1: https://www.python.org/ftp/python/3.9.1/Python-3.9.1.tar.xz
2021-02-11 07:45:08 [INFO] rustc 1.49.0: https://static.rust-lang.org/dist/rustc-1.49.0-src.tar.xz
2021-02-11 07:45:08 [INFO] zsh 5.8: https://www.zsh.org/pub/zsh-5.8.tar.xz
2021-02-11 07:45:24 [WARNING] retrying uscan for ffmpeg (attempt #1)
2021-02-11 07:45:26 [WARNING] retrying uscan for ffmpeg (attempt #2)
2021-02-11 07:45:34 [WARNING] retrying uscan for ffmpeg (attempt #3)
2021-02-11 07:45:34 [ERROR] failed to update entry for ffmpeg: uscan for ffmpeg failed
2021-02-11 07:45:34 [INFO] no updates found
2021-02-11 07:45:34 [ERROR] failed: ffmpeg
