2021-02-25 14:00:16 [INFO] persisted: Persisted(last_successful_crawls={'ffmpeg': '2021-02-19 05:53:06.718413+00:00', 'golang-defaults': '2021-02-19 05:53:05.879045+00:00', 'python3-defaults': '2021-02-19 05:53:05.760344+00:00', 'rustc': '2021-02-19 05:53:06.213264+00:00', 'zsh': '2021-02-19 05:53:06.031917+00:00'})
2021-02-25 14:00:16 [INFO] config: Config(feed=FeedConfig(base_url='https://release-feeds.zhimingwang.org/', author='release-feeds', aggregate_title='Aggregate software releases'), packages=['ffmpeg', 'golang-defaults', 'python3-defaults', 'rustc', 'zsh'])
2021-02-25 14:00:16 [INFO] GET https://sources.debian.org/api/src/rustc/
2021-02-25 14:00:16 [INFO] GET https://sources.debian.org/api/src/python3-defaults/
2021-02-25 14:00:16 [INFO] GET https://sources.debian.org/api/src/zsh/
2021-02-25 14:00:16 [INFO] GET https://sources.debian.org/api/src/ffmpeg/
2021-02-25 14:00:17 [INFO] GET https://sources.debian.org/api/src/python3-defaults/3.9.1-1/debian/watch
2021-02-25 14:00:17 [INFO] GET https://sources.debian.org/api/src/rustc/1.48.0+dfsg1-2/debian/watch
2021-02-25 14:00:17 [INFO] GET https://sources.debian.org/api/src/zsh/5.8-6/debian/watch
2021-02-25 14:00:17 [INFO] GET https://sources.debian.org/api/src/ffmpeg/7:4.3.2-0+deb11u1/debian/watch
2021-02-25 14:00:17 [INFO] GET https://sources.debian.org/data/main/z/zsh/5.8-6/debian/watch
2021-02-25 14:00:17 [INFO] GET https://sources.debian.org/data/main/p/python3-defaults/3.9.1-1/debian/watch
2021-02-25 14:00:17 [INFO] GET https://sources.debian.org/data/main/f/ffmpeg/7:4.3.2-0+deb11u1/debian/watch
2021-02-25 14:00:17 [INFO] GET https://sources.debian.org/data/main/r/rustc/1.48.0+dfsg1-2/debian/watch
2021-02-25 14:00:17 [INFO] golang-defaults 1.16: https://golang.org/dl/go1.16.src.tar.gz
2021-02-25 14:00:18 [INFO] python3-defaults 3.9.2: https://www.python.org/ftp/python/3.9.2/Python-3.9.2.tar.xz
2021-02-25 14:00:18 [INFO] zsh 5.8: https://www.zsh.org/pub/zsh-5.8.tar.xz
2021-02-25 14:00:18 [WARNING] retrying uscan for rustc (attempt #1)
2021-02-25 14:00:19 [INFO] ffmpeg 4.3.2: https://ffmpeg.org/releases/ffmpeg-4.3.2.tar.xz
2021-02-25 14:00:21 [WARNING] retrying uscan for rustc (attempt #2)
2021-02-25 14:00:25 [WARNING] retrying uscan for rustc (attempt #3)
2021-02-25 14:00:25 [ERROR] failed to update entry for rustc: uscan for rustc failed
2021-02-25 14:00:25 [INFO] no updates found
2021-02-25 14:00:25 [ERROR] failed: rustc
