2021-11-02 10:37:40 [INFO] persisted: Persisted(last_successful_crawls={'ffmpeg': '2021-11-02 04:31:07.139989+00:00', 'golang-defaults': '2021-11-02 04:31:06.065632+00:00', 'python3-defaults': '2021-11-02 04:31:05.780131+00:00', 'rustc': '2021-11-02 04:31:06.263789+00:00', 'zsh': '2021-11-02 04:31:06.052546+00:00'})
2021-11-02 10:37:40 [INFO] config: Config(feed=FeedConfig(base_url='https://release-feeds.zhimingwang.org/', author='release-feeds', aggregate_title='Aggregate software releases'), packages=['ffmpeg', 'golang-defaults', 'python3-defaults', 'rustc', 'zsh'])
2021-11-02 10:37:40 [INFO] GET https://sources.debian.org/api/src/ffmpeg/
2021-11-02 10:37:40 [INFO] GET https://sources.debian.org/api/src/python3-defaults/
2021-11-02 10:37:40 [INFO] GET https://sources.debian.org/api/src/rustc/
2021-11-02 10:37:40 [INFO] GET https://sources.debian.org/api/src/zsh/
2021-11-02 10:37:40 [INFO] GET https://sources.debian.org/api/src/python3-defaults/3.9.2-3/debian/watch
2021-11-02 10:37:40 [INFO] GET https://sources.debian.org/api/src/ffmpeg/7:4.4.1-1/debian/watch
2021-11-02 10:37:40 [INFO] GET https://sources.debian.org/api/src/zsh/5.8-10/debian/watch
2021-11-02 10:37:40 [INFO] GET https://sources.debian.org/api/src/rustc/1.56.0+dfsg1-2/debian/watch
2021-11-02 10:37:40 [INFO] GET https://sources.debian.org/data/main/p/python3-defaults/3.9.2-3/debian/watch
2021-11-02 10:37:40 [INFO] GET https://sources.debian.org/data/main/f/ffmpeg/7%3A4.4.1-1/debian/watch
2021-11-02 10:37:40 [INFO] GET https://sources.debian.org/data/main/z/zsh/5.8-10/debian/watch
2021-11-02 10:37:40 [INFO] GET https://sources.debian.org/data/main/r/rustc/1.56.0%2Bdfsg1-2/debian/watch
2021-11-02 10:37:42 [INFO] python3-defaults 3.10.0: https://www.python.org/ftp/python/3.10.0/Python-3.10.0.tar.xz
2021-11-02 10:37:43 [INFO] rustc 1.56.1: https://static.rust-lang.org/dist/rustc-1.56.1-src.tar.xz
2021-11-02 10:37:43 [INFO] golang-defaults 1.17.2: https://golang.org/dl/go1.17.2.src.tar.gz
2021-11-02 10:37:44 [INFO] ffmpeg 4.4.1: https://ffmpeg.org/releases/ffmpeg-4.4.1.tar.xz
2021-11-02 10:38:02 [WARNING] retrying uscan for zsh (attempt #1)
2021-11-02 10:38:25 [WARNING] retrying uscan for zsh (attempt #2)
2021-11-02 10:38:49 [WARNING] retrying uscan for zsh (attempt #3)
2021-11-02 10:38:49 [ERROR] failed to update entry for zsh: uscan for zsh failed
2021-11-02 10:38:49 [INFO] no updates found
2021-11-02 10:38:49 [ERROR] failed: zsh
