2021-09-20 08:03:48 [INFO] persisted: Persisted(last_successful_crawls={'ffmpeg': '2021-09-20 07:52:51.065844+00:00', 'golang-defaults': '2021-09-20 07:52:49.690433+00:00', 'python3-defaults': '2021-09-20 07:52:49.893903+00:00', 'rustc': '2021-09-20 07:52:50.267609+00:00', 'zsh': '2021-09-20 07:52:50.455720+00:00'})
2021-09-20 08:03:48 [INFO] config: Config(feed=FeedConfig(base_url='https://release-feeds.zhimingwang.org/', author='release-feeds', aggregate_title='Aggregate software releases'), packages=['ffmpeg', 'golang-defaults', 'python3-defaults', 'rustc', 'zsh'])
2021-09-20 08:03:48 [INFO] GET https://sources.debian.org/api/src/ffmpeg/
2021-09-20 08:03:48 [INFO] GET https://sources.debian.org/api/src/python3-defaults/
2021-09-20 08:03:48 [INFO] GET https://sources.debian.org/api/src/zsh/
2021-09-20 08:03:48 [INFO] GET https://sources.debian.org/api/src/rustc/
2021-09-20 08:03:48 [INFO] GET https://sources.debian.org/api/src/python3-defaults/3.9.2-3/debian/watch
2021-09-20 08:03:48 [INFO] GET https://sources.debian.org/api/src/zsh/5.8-10/debian/watch
2021-09-20 08:03:48 [INFO] GET https://sources.debian.org/api/src/rustc/1.50.0+dfsg1-1/debian/watch
2021-09-20 08:03:48 [INFO] GET https://sources.debian.org/api/src/ffmpeg/7:4.4-6/debian/watch
2021-09-20 08:03:49 [INFO] GET https://sources.debian.org/data/main/p/python3-defaults/3.9.2-3/debian/watch
2021-09-20 08:03:49 [INFO] GET https://sources.debian.org/data/main/r/rustc/1.50.0%2Bdfsg1-1/debian/watch
2021-09-20 08:03:49 [INFO] GET https://sources.debian.org/data/main/f/ffmpeg/7%3A4.4-6/debian/watch
2021-09-20 08:03:49 [INFO] GET https://sources.debian.org/data/main/z/zsh/5.8-10/debian/watch
2021-09-20 08:03:50 [INFO] python3-defaults 3.9.7: https://www.python.org/ftp/python/3.9.7/Python-3.9.7.tar.xz
2021-09-20 08:03:50 [INFO] rustc 1.55.0: https://static.rust-lang.org/dist/rustc-1.55.0-src.tar.xz
2021-09-20 08:03:50 [INFO] golang-defaults 1.17.1: https://golang.org/dl/go1.17.1.src.tar.gz
2021-09-20 08:03:51 [INFO] zsh 5.8: https://www.zsh.org/pub/zsh-5.8.tar.xz
2021-09-20 08:04:10 [WARNING] retrying uscan for ffmpeg (attempt #1)
2021-09-20 08:04:32 [WARNING] retrying uscan for ffmpeg (attempt #2)
2021-09-20 08:04:56 [WARNING] retrying uscan for ffmpeg (attempt #3)
2021-09-20 08:04:56 [ERROR] failed to update entry for ffmpeg: uscan for ffmpeg failed
2021-09-20 08:04:56 [INFO] no updates found
2021-09-20 08:04:56 [ERROR] failed: ffmpeg
