2022-01-26 18:38:55 [INFO] persisted: Persisted(last_successful_crawls={'ffmpeg': '2022-01-26 18:28:55.388120+00:00', 'golang-defaults': '2022-01-26 18:28:54.697446+00:00', 'python3-defaults': '2022-01-26 18:28:54.051539+00:00', 'rustc': '2022-01-26 18:28:54.658073+00:00', 'zsh': '2022-01-26 18:28:54.548763+00:00'})
2022-01-26 18:38:55 [INFO] config: Config(feed=FeedConfig(base_url='https://release-feeds.zhimingwang.org/', author='release-feeds', aggregate_title='Aggregate software releases'), packages=['ffmpeg', 'golang-defaults', 'python3-defaults', 'rustc', 'zsh'])
2022-01-26 18:38:55 [INFO] GET https://sources.debian.org/api/src/ffmpeg/
2022-01-26 18:38:55 [INFO] GET https://sources.debian.org/api/src/python3-defaults/
2022-01-26 18:38:55 [INFO] GET https://sources.debian.org/api/src/rustc/
2022-01-26 18:38:55 [INFO] GET https://sources.debian.org/api/src/zsh/
2022-01-26 18:38:55 [INFO] GET https://sources.debian.org/api/src/zsh/5.8-10/debian/watch
2022-01-26 18:38:55 [INFO] GET https://sources.debian.org/api/src/python3-defaults/3.9.8-1/debian/watch
2022-01-26 18:38:55 [INFO] GET https://sources.debian.org/api/src/ffmpeg/7:4.4.1-3/debian/watch
2022-01-26 18:38:55 [INFO] GET https://sources.debian.org/api/src/rustc/1.56.0+dfsg1-2/debian/watch
2022-01-26 18:38:55 [INFO] GET https://sources.debian.org/data/main/p/python3-defaults/3.9.8-1/debian/watch
2022-01-26 18:38:55 [INFO] GET https://sources.debian.org/data/main/f/ffmpeg/7%3A4.4.1-3/debian/watch
2022-01-26 18:38:55 [INFO] GET https://sources.debian.org/data/main/z/zsh/5.8-10/debian/watch
2022-01-26 18:38:55 [INFO] GET https://sources.debian.org/data/main/r/rustc/1.56.0%2Bdfsg1-2/debian/watch
2022-01-26 18:38:56 [INFO] python3-defaults 3.10.2: https://www.python.org/ftp/python/3.10.2/Python-3.10.2.tar.xz
2022-01-26 18:38:57 [INFO] zsh 5.8: https://www.zsh.org/pub/zsh-5.8.tar.xz
2022-01-26 18:38:57 [INFO] golang-defaults 1.17.6: https://golang.org/dl/go1.17.6.src.tar.gz
2022-01-26 18:38:58 [INFO] rustc 1.58.1: https://static.rust-lang.org/dist/rustc-1.58.1-src.tar.xz
2022-01-26 18:39:15 [WARNING] retrying uscan for ffmpeg (attempt #1)
2022-01-26 18:39:21 [WARNING] retrying uscan for ffmpeg (attempt #2)
2022-01-26 18:39:26 [WARNING] retrying uscan for ffmpeg (attempt #3)
2022-01-26 18:39:26 [ERROR] failed to update entry for ffmpeg: uscan for ffmpeg failed
2022-01-26 18:39:26 [INFO] no updates found
2022-01-26 18:39:26 [ERROR] failed: ffmpeg
