2022-07-27 00:16:04 [INFO] persisted: Persisted(last_successful_crawls={'ffmpeg': '2022-07-26 19:42:49.414892+00:00', 'golang-defaults': '2022-07-26 19:42:48.683701+00:00', 'python3-defaults': '2022-07-26 19:42:48.178910+00:00', 'rustc': '2022-07-26 19:42:48.496942+00:00', 'zsh': '2022-07-26 19:42:48.660772+00:00'})
2022-07-27 00:16:04 [INFO] config: Config(feed=FeedConfig(base_url='https://release-feeds.zhimingwang.org/', author='release-feeds', aggregate_title='Aggregate software releases'), packages=['ffmpeg', 'golang-defaults', 'python3-defaults', 'rustc', 'zsh'])
2022-07-27 00:16:04 [INFO] GET https://sources.debian.org/api/src/ffmpeg/
2022-07-27 00:16:04 [INFO] GET https://sources.debian.org/api/src/rustc/
2022-07-27 00:16:04 [INFO] GET https://sources.debian.org/api/src/python3-defaults/
2022-07-27 00:16:04 [INFO] GET https://sources.debian.org/api/src/zsh/
2022-07-27 00:16:04 [INFO] GET https://sources.debian.org/api/src/ffmpeg/7:5.0.1-3/debian/watch
2022-07-27 00:16:04 [INFO] GET https://sources.debian.org/api/src/python3-defaults/3.10.5-3/debian/watch
2022-07-27 00:16:04 [INFO] GET https://sources.debian.org/api/src/zsh/5.9-1/debian/watch
2022-07-27 00:16:04 [INFO] GET https://sources.debian.org/api/src/rustc/1.59.0+dfsg1-2/debian/watch
2022-07-27 00:16:04 [INFO] GET https://sources.debian.org/data/main/p/python3-defaults/3.10.5-3/debian/watch
2022-07-27 00:16:04 [INFO] GET https://sources.debian.org/data/main/f/ffmpeg/7%3A5.0.1-3/debian/watch
2022-07-27 00:16:04 [INFO] GET https://sources.debian.org/data/main/z/zsh/5.9-1/debian/watch
2022-07-27 00:16:04 [INFO] GET https://sources.debian.org/data/main/r/rustc/1.59.0%2Bdfsg1-2/debian/watch
2022-07-27 00:16:05 [INFO] python3-defaults 3.10.5: https://www.python.org/ftp/python/3.10.5/Python-3.10.5.tar.xz
2022-07-27 00:16:06 [INFO] golang-defaults 1.18.4: https://golang.org/dl/go1.18.4.src.tar.gz
2022-07-27 00:16:06 [INFO] zsh 5.9: https://www.zsh.org/pub/zsh-5.9.tar.xz
2022-07-27 00:16:06 [INFO] rustc 1.62.1: https://static.rust-lang.org/dist/rustc-1.62.1-src.tar.xz
2022-07-27 00:16:28 [WARNING] retrying uscan for ffmpeg (attempt #1)
2022-07-27 00:16:54 [WARNING] retrying uscan for ffmpeg (attempt #2)
2022-07-27 00:17:19 [WARNING] retrying uscan for ffmpeg (attempt #3)
2022-07-27 00:17:19 [ERROR] failed to update entry for ffmpeg: uscan for ffmpeg failed
2022-07-27 00:17:19 [INFO] no updates found
2022-07-27 00:17:19 [ERROR] failed: ffmpeg
