2022-11-14 19:15:59 [INFO] persisted: Persisted(last_successful_crawls={'ffmpeg': '2022-11-14 19:03:48.752649+00:00', 'golang-defaults': '2022-11-14 19:03:48.036672+00:00', 'python3-defaults': '2022-11-14 19:03:47.527133+00:00', 'rustc': '2022-11-14 19:03:47.515060+00:00', 'zsh': '2022-11-14 19:03:47.953971+00:00'})
2022-11-14 19:15:59 [INFO] config: Config(feed=FeedConfig(base_url='https://release-feeds.zhimingwang.org/', author='release-feeds', aggregate_title='Aggregate software releases'), packages=['ffmpeg', 'golang-defaults', 'python3-defaults', 'rustc', 'zsh'])
2022-11-14 19:15:59 [INFO] GET https://sources.debian.org/api/src/python3-defaults/
2022-11-14 19:15:59 [INFO] GET https://sources.debian.org/api/src/ffmpeg/
2022-11-14 19:15:59 [INFO] GET https://sources.debian.org/api/src/rustc/
2022-11-14 19:15:59 [INFO] GET https://sources.debian.org/api/src/zsh/
2022-11-14 19:15:59 [INFO] GET https://sources.debian.org/api/src/python3-defaults/3.10.6-2/debian/watch
2022-11-14 19:15:59 [INFO] GET https://sources.debian.org/api/src/ffmpeg/7:5.1.2-1/debian/watch
2022-11-14 19:15:59 [INFO] GET https://sources.debian.org/api/src/rustc/1.62.1+dfsg1-1/debian/watch
2022-11-14 19:15:59 [INFO] GET https://sources.debian.org/api/src/zsh/5.9-2/debian/watch
2022-11-14 19:16:00 [INFO] GET https://sources.debian.org/data/main/z/zsh/5.9-2/debian/watch
2022-11-14 19:16:00 [INFO] GET https://sources.debian.org/data/main/p/python3-defaults/3.10.6-2/debian/watch
2022-11-14 19:16:00 [INFO] GET https://sources.debian.org/data/main/f/ffmpeg/7%3A5.1.2-1/debian/watch
2022-11-14 19:16:00 [INFO] GET https://sources.debian.org/data/main/r/rustc/1.62.1%2Bdfsg1-1/debian/watch
2022-11-14 19:16:00 [INFO] rustc 1.65.0: https://static.rust-lang.org/dist/rustc-1.65.0-src.tar.xz
2022-11-14 19:16:01 [INFO] zsh 5.9: https://www.zsh.org/pub/zsh-5.9.tar.xz
2022-11-14 19:16:01 [INFO] golang-defaults 1.19.3: https://golang.org/dl/go1.19.3.src.tar.gz
2022-11-14 19:16:02 [INFO] ffmpeg 5.1.2: https://ffmpeg.org/releases/ffmpeg-5.1.2.tar.xz
2022-11-14 19:16:20 [WARNING] retrying uscan for python3-defaults (attempt #1)
2022-11-14 19:16:43 [WARNING] retrying uscan for python3-defaults (attempt #2)
2022-11-14 19:17:07 [WARNING] retrying uscan for python3-defaults (attempt #3)
2022-11-14 19:17:07 [ERROR] failed to update entry for python3-defaults: uscan for python3-defaults failed
2022-11-14 19:17:07 [INFO] no updates found
2022-11-14 19:17:07 [ERROR] failed: python3-defaults
