2022-03-28 07:26:37 [INFO] persisted: Persisted(last_successful_crawls={'ffmpeg': '2022-03-28 07:16:37.262734+00:00', 'golang-defaults': '2022-03-28 07:16:36.804593+00:00', 'python3-defaults': '2022-03-28 07:16:36.127149+00:00', 'rustc': '2022-03-28 07:16:37.362127+00:00', 'zsh': '2022-03-28 07:16:36.527691+00:00'})
2022-03-28 07:26:37 [INFO] config: Config(feed=FeedConfig(base_url='https://release-feeds.zhimingwang.org/', author='release-feeds', aggregate_title='Aggregate software releases'), packages=['ffmpeg', 'golang-defaults', 'python3-defaults', 'rustc', 'zsh'])
2022-03-28 07:26:37 [INFO] GET https://sources.debian.org/api/src/rustc/
2022-03-28 07:26:37 [INFO] GET https://sources.debian.org/api/src/ffmpeg/
2022-03-28 07:26:37 [INFO] GET https://sources.debian.org/api/src/python3-defaults/
2022-03-28 07:26:37 [INFO] GET https://sources.debian.org/api/src/zsh/
2022-03-28 07:26:37 [INFO] GET https://sources.debian.org/api/src/python3-defaults/3.10.4-1/debian/watch
2022-03-28 07:26:37 [INFO] GET https://sources.debian.org/api/src/zsh/5.8.1-1/debian/watch
2022-03-28 07:26:37 [INFO] GET https://sources.debian.org/api/src/ffmpeg/7:4.4.1-3/debian/watch
2022-03-28 07:26:37 [INFO] GET https://sources.debian.org/api/src/rustc/1.57.0+dfsg1-1/debian/watch
2022-03-28 07:26:37 [INFO] GET https://sources.debian.org/data/main/p/python3-defaults/3.10.4-1/debian/watch
2022-03-28 07:26:37 [INFO] GET https://sources.debian.org/data/main/z/zsh/5.8.1-1/debian/watch
2022-03-28 07:26:37 [INFO] GET https://sources.debian.org/data/main/f/ffmpeg/7%3A4.4.1-3/debian/watch
2022-03-28 07:26:37 [INFO] GET https://sources.debian.org/data/main/r/rustc/1.57.0%2Bdfsg1-1/debian/watch
2022-03-28 07:26:38 [INFO] python3-defaults 3.10.4: https://www.python.org/ftp/python/3.10.4/Python-3.10.4.tar.xz
2022-03-28 07:26:39 [INFO] rustc 1.59.0: https://static.rust-lang.org/dist/rustc-1.59.0-src.tar.xz
2022-03-28 07:26:39 [INFO] zsh 5.8.1: https://www.zsh.org/pub/zsh-5.8.1.tar.xz
2022-03-28 07:26:39 [INFO] golang-defaults 1.18: https://golang.org/dl/go1.18.src.tar.gz
2022-03-28 07:26:58 [WARNING] retrying uscan for ffmpeg (attempt #1)
2022-03-28 07:27:21 [WARNING] retrying uscan for ffmpeg (attempt #2)
2022-03-28 07:27:45 [WARNING] retrying uscan for ffmpeg (attempt #3)
2022-03-28 07:27:45 [ERROR] failed to update entry for ffmpeg: uscan for ffmpeg failed
2022-03-28 07:27:45 [INFO] no updates found
2022-03-28 07:27:45 [ERROR] failed: ffmpeg
