2022-10-19 11:50:03 [INFO] persisted: Persisted(last_successful_crawls={'ffmpeg': '2022-10-19 11:40:53.003338+00:00', 'golang-defaults': '2022-10-19 11:40:51.824381+00:00', 'python3-defaults': '2022-10-19 11:40:51.567420+00:00', 'rustc': '2022-10-19 11:40:51.627876+00:00', 'zsh': '2022-10-19 11:40:51.928770+00:00'})
2022-10-19 11:50:03 [INFO] config: Config(feed=FeedConfig(base_url='https://release-feeds.zhimingwang.org/', author='release-feeds', aggregate_title='Aggregate software releases'), packages=['ffmpeg', 'golang-defaults', 'python3-defaults', 'rustc', 'zsh'])
2022-10-19 11:50:03 [INFO] GET https://sources.debian.org/api/src/ffmpeg/
2022-10-19 11:50:03 [INFO] GET https://sources.debian.org/api/src/python3-defaults/
2022-10-19 11:50:03 [INFO] GET https://sources.debian.org/api/src/rustc/
2022-10-19 11:50:03 [INFO] GET https://sources.debian.org/api/src/zsh/
2022-10-19 11:50:03 [INFO] GET https://sources.debian.org/api/src/python3-defaults/3.10.6-1/debian/watch
2022-10-19 11:50:03 [INFO] GET https://sources.debian.org/api/src/zsh/5.9-1/debian/watch
2022-10-19 11:50:03 [INFO] GET https://sources.debian.org/api/src/rustc/1.61.0+dfsg1-2/debian/watch
2022-10-19 11:50:03 [INFO] GET https://sources.debian.org/api/src/ffmpeg/7:5.1.2-1/debian/watch
2022-10-19 11:50:03 [INFO] GET https://sources.debian.org/data/main/p/python3-defaults/3.10.6-1/debian/watch
2022-10-19 11:50:03 [INFO] GET https://sources.debian.org/data/main/r/rustc/1.61.0%2Bdfsg1-2/debian/watch
2022-10-19 11:50:03 [INFO] GET https://sources.debian.org/data/main/f/ffmpeg/7%3A5.1.2-1/debian/watch
2022-10-19 11:50:03 [INFO] GET https://sources.debian.org/data/main/z/zsh/5.9-1/debian/watch
2022-10-19 11:50:04 [INFO] rustc 1.64.0: https://static.rust-lang.org/dist/rustc-1.64.0-src.tar.xz
2022-10-19 11:50:04 [INFO] golang-defaults 1.19.2: https://golang.org/dl/go1.19.2.src.tar.gz
2022-10-19 11:50:05 [INFO] zsh 5.9: https://www.zsh.org/pub/zsh-5.9.tar.xz
2022-10-19 11:50:05 [INFO] ffmpeg 5.1.2: https://ffmpeg.org/releases/ffmpeg-5.1.2.tar.xz
2022-10-19 11:50:24 [WARNING] retrying uscan for python3-defaults (attempt #1)
2022-10-19 11:50:46 [WARNING] retrying uscan for python3-defaults (attempt #2)
2022-10-19 11:51:10 [WARNING] retrying uscan for python3-defaults (attempt #3)
2022-10-19 11:51:10 [ERROR] failed to update entry for python3-defaults: uscan for python3-defaults failed
2022-10-19 11:51:10 [INFO] no updates found
2022-10-19 11:51:10 [ERROR] failed: python3-defaults
