2022-06-15 21:43:08 [INFO] persisted: Persisted(last_successful_crawls={'ffmpeg': '2022-06-15 21:34:26.737208+00:00', 'golang-defaults': '2022-06-15 21:34:26.175198+00:00', 'python3-defaults': '2022-06-15 21:34:25.557682+00:00', 'rustc': '2022-06-15 21:34:26.066875+00:00', 'zsh': '2022-06-15 21:34:25.919213+00:00'})
2022-06-15 21:43:08 [INFO] config: Config(feed=FeedConfig(base_url='https://release-feeds.zhimingwang.org/', author='release-feeds', aggregate_title='Aggregate software releases'), packages=['ffmpeg', 'golang-defaults', 'python3-defaults', 'rustc', 'zsh'])
2022-06-15 21:43:08 [INFO] GET https://sources.debian.org/api/src/ffmpeg/
2022-06-15 21:43:08 [INFO] GET https://sources.debian.org/api/src/python3-defaults/
2022-06-15 21:43:08 [INFO] GET https://sources.debian.org/api/src/rustc/
2022-06-15 21:43:08 [INFO] GET https://sources.debian.org/api/src/zsh/
2022-06-15 21:43:09 [INFO] GET https://sources.debian.org/api/src/python3-defaults/3.10.4-1/debian/watch
2022-06-15 21:43:09 [INFO] GET https://sources.debian.org/api/src/zsh/5.9-1/debian/watch
2022-06-15 21:43:09 [INFO] GET https://sources.debian.org/api/src/rustc/1.59.0+dfsg1-1/debian/watch
2022-06-15 21:43:09 [INFO] GET https://sources.debian.org/api/src/ffmpeg/7:4.4.2-1/debian/watch
2022-06-15 21:43:09 [INFO] GET https://sources.debian.org/data/main/p/python3-defaults/3.10.4-1/debian/watch
2022-06-15 21:43:09 [INFO] GET https://sources.debian.org/data/main/z/zsh/5.9-1/debian/watch
2022-06-15 21:43:09 [INFO] GET https://sources.debian.org/data/main/r/rustc/1.59.0%2Bdfsg1-1/debian/watch
2022-06-15 21:43:09 [INFO] GET https://sources.debian.org/data/main/f/ffmpeg/7%3A4.4.2-1/debian/watch
2022-06-15 21:43:10 [INFO] python3-defaults 3.10.5: https://www.python.org/ftp/python/3.10.5/Python-3.10.5.tar.xz
2022-06-15 21:43:10 [WARNING] retrying uscan for ffmpeg (attempt #1)
2022-06-15 21:43:10 [INFO] zsh 5.9: https://www.zsh.org/pub/zsh-5.9.tar.xz
2022-06-15 21:43:10 [INFO] golang-defaults 1.18.3: https://golang.org/dl/go1.18.3.src.tar.gz
2022-06-15 21:43:10 [INFO] rustc 1.61.0: https://static.rust-lang.org/dist/rustc-1.61.0-src.tar.xz
2022-06-15 21:43:12 [WARNING] retrying uscan for ffmpeg (attempt #2)
2022-06-15 21:43:17 [WARNING] retrying uscan for ffmpeg (attempt #3)
2022-06-15 21:43:17 [ERROR] failed to update entry for ffmpeg: uscan for ffmpeg failed
2022-06-15 21:43:17 [INFO] no updates found
2022-06-15 21:43:17 [ERROR] failed: ffmpeg
