2022-11-05 22:27:55 [INFO] persisted: Persisted(last_successful_crawls={'ffmpeg': '2022-11-05 22:16:52.713282+00:00', 'golang-defaults': '2022-11-05 22:16:51.970159+00:00', 'python3-defaults': '2022-11-05 22:16:51.415176+00:00', 'rustc': '2022-11-05 22:16:51.474072+00:00', 'zsh': '2022-11-05 22:16:51.944634+00:00'})
2022-11-05 22:27:55 [INFO] config: Config(feed=FeedConfig(base_url='https://release-feeds.zhimingwang.org/', author='release-feeds', aggregate_title='Aggregate software releases'), packages=['ffmpeg', 'golang-defaults', 'python3-defaults', 'rustc', 'zsh'])
2022-11-05 22:27:55 [INFO] GET https://sources.debian.org/api/src/python3-defaults/
2022-11-05 22:27:55 [INFO] GET https://sources.debian.org/api/src/ffmpeg/
2022-11-05 22:27:55 [INFO] GET https://sources.debian.org/api/src/zsh/
2022-11-05 22:27:55 [INFO] GET https://sources.debian.org/api/src/rustc/
2022-11-05 22:27:55 [INFO] GET https://sources.debian.org/api/src/python3-defaults/3.10.6-1/debian/watch
2022-11-05 22:27:55 [INFO] GET https://sources.debian.org/api/src/rustc/1.62.1+dfsg1-1/debian/watch
2022-11-05 22:27:55 [INFO] GET https://sources.debian.org/api/src/zsh/5.9-1/debian/watch
2022-11-05 22:27:55 [INFO] GET https://sources.debian.org/api/src/ffmpeg/7:5.1.2-1/debian/watch
2022-11-05 22:27:55 [INFO] GET https://sources.debian.org/data/main/p/python3-defaults/3.10.6-1/debian/watch
2022-11-05 22:27:55 [INFO] GET https://sources.debian.org/data/main/r/rustc/1.62.1%2Bdfsg1-1/debian/watch
2022-11-05 22:27:55 [INFO] GET https://sources.debian.org/data/main/z/zsh/5.9-1/debian/watch
2022-11-05 22:27:55 [INFO] GET https://sources.debian.org/data/main/f/ffmpeg/7%3A5.1.2-1/debian/watch
2022-11-05 22:27:56 [INFO] rustc 1.65.0: https://static.rust-lang.org/dist/rustc-1.65.0-src.tar.xz
2022-11-05 22:27:56 [INFO] zsh 5.9: https://www.zsh.org/pub/zsh-5.9.tar.xz
2022-11-05 22:27:57 [INFO] golang-defaults 1.19.3: https://golang.org/dl/go1.19.3.src.tar.gz
2022-11-05 22:27:57 [INFO] ffmpeg 5.1.2: https://ffmpeg.org/releases/ffmpeg-5.1.2.tar.xz
2022-11-05 22:28:16 [WARNING] retrying uscan for python3-defaults (attempt #1)
2022-11-05 22:28:38 [WARNING] retrying uscan for python3-defaults (attempt #2)
2022-11-05 22:29:03 [WARNING] retrying uscan for python3-defaults (attempt #3)
2022-11-05 22:29:03 [ERROR] failed to update entry for python3-defaults: uscan for python3-defaults failed
2022-11-05 22:29:03 [INFO] no updates found
2022-11-05 22:29:03 [ERROR] failed: python3-defaults
