2022-07-28 06:31:48 [INFO] persisted: Persisted(last_successful_crawls={'ffmpeg': '2022-07-28 06:17:12.511804+00:00', 'golang-defaults': '2022-07-28 06:17:11.376897+00:00', 'python3-defaults': '2022-07-28 06:17:10.916681+00:00', 'rustc': '2022-07-28 06:17:11.583237+00:00', 'zsh': '2022-07-28 06:17:11.513605+00:00'})
2022-07-28 06:31:48 [INFO] config: Config(feed=FeedConfig(base_url='https://release-feeds.zhimingwang.org/', author='release-feeds', aggregate_title='Aggregate software releases'), packages=['ffmpeg', 'golang-defaults', 'python3-defaults', 'rustc', 'zsh'])
2022-07-28 06:31:48 [INFO] GET https://sources.debian.org/api/src/ffmpeg/
2022-07-28 06:31:48 [INFO] GET https://sources.debian.org/api/src/python3-defaults/
2022-07-28 06:31:48 [INFO] GET https://sources.debian.org/api/src/rustc/
2022-07-28 06:31:48 [INFO] GET https://sources.debian.org/api/src/zsh/
2022-07-28 06:31:49 [INFO] GET https://sources.debian.org/api/src/python3-defaults/3.10.5-3/debian/watch
2022-07-28 06:31:49 [INFO] GET https://sources.debian.org/api/src/ffmpeg/7:5.0.1-3/debian/watch
2022-07-28 06:31:49 [INFO] GET https://sources.debian.org/api/src/rustc/1.59.0+dfsg1-2/debian/watch
2022-07-28 06:31:49 [INFO] GET https://sources.debian.org/api/src/zsh/5.9-1/debian/watch
2022-07-28 06:31:49 [INFO] GET https://sources.debian.org/data/main/p/python3-defaults/3.10.5-3/debian/watch
2022-07-28 06:31:49 [INFO] GET https://sources.debian.org/data/main/r/rustc/1.59.0%2Bdfsg1-2/debian/watch
2022-07-28 06:31:49 [INFO] GET https://sources.debian.org/data/main/f/ffmpeg/7%3A5.0.1-3/debian/watch
2022-07-28 06:31:49 [INFO] GET https://sources.debian.org/data/main/z/zsh/5.9-1/debian/watch
2022-07-28 06:31:50 [INFO] python3-defaults 3.10.5: https://www.python.org/ftp/python/3.10.5/Python-3.10.5.tar.xz
2022-07-28 06:31:50 [INFO] rustc 1.62.1: https://static.rust-lang.org/dist/rustc-1.62.1-src.tar.xz
2022-07-28 06:31:50 [INFO] golang-defaults 1.18.4: https://golang.org/dl/go1.18.4.src.tar.gz
2022-07-28 06:31:50 [INFO] zsh 5.9: https://www.zsh.org/pub/zsh-5.9.tar.xz
2022-07-28 06:32:14 [WARNING] retrying uscan for ffmpeg (attempt #1)
2022-07-28 06:32:36 [WARNING] retrying uscan for ffmpeg (attempt #2)
2022-07-28 06:33:04 [WARNING] retrying uscan for ffmpeg (attempt #3)
2022-07-28 06:33:04 [ERROR] failed to update entry for ffmpeg: uscan for ffmpeg failed
2022-07-28 06:33:04 [INFO] no updates found
2022-07-28 06:33:04 [ERROR] failed: ffmpeg
