2022-03-23 23:52:50 [INFO] persisted: Persisted(last_successful_crawls={'ffmpeg': '2022-03-23 23:43:03.542648+00:00', 'golang-defaults': '2022-03-23 23:43:03.245228+00:00', 'python3-defaults': '2022-03-23 23:43:02.620432+00:00', 'rustc': '2022-03-23 23:43:03.419598+00:00', 'zsh': '2022-03-23 23:43:02.979281+00:00'})
2022-03-23 23:52:50 [INFO] config: Config(feed=FeedConfig(base_url='https://release-feeds.zhimingwang.org/', author='release-feeds', aggregate_title='Aggregate software releases'), packages=['ffmpeg', 'golang-defaults', 'python3-defaults', 'rustc', 'zsh'])
2022-03-23 23:52:50 [INFO] GET https://sources.debian.org/api/src/ffmpeg/
2022-03-23 23:52:50 [INFO] GET https://sources.debian.org/api/src/python3-defaults/
2022-03-23 23:52:50 [INFO] GET https://sources.debian.org/api/src/rustc/
2022-03-23 23:52:50 [INFO] GET https://sources.debian.org/api/src/zsh/
2022-03-23 23:52:50 [INFO] GET https://sources.debian.org/api/src/python3-defaults/3.9.8-1/debian/watch
2022-03-23 23:52:50 [INFO] GET https://sources.debian.org/api/src/ffmpeg/7:4.4.1-3/debian/watch
2022-03-23 23:52:50 [INFO] GET https://sources.debian.org/api/src/zsh/5.8.1-1/debian/watch
2022-03-23 23:52:50 [INFO] GET https://sources.debian.org/api/src/rustc/1.57.0+dfsg1-1/debian/watch
2022-03-23 23:52:50 [INFO] GET https://sources.debian.org/data/main/p/python3-defaults/3.9.8-1/debian/watch
2022-03-23 23:52:50 [INFO] GET https://sources.debian.org/data/main/f/ffmpeg/7%3A4.4.1-3/debian/watch
2022-03-23 23:52:50 [INFO] GET https://sources.debian.org/data/main/z/zsh/5.8.1-1/debian/watch
2022-03-23 23:52:50 [INFO] GET https://sources.debian.org/data/main/r/rustc/1.57.0%2Bdfsg1-1/debian/watch
2022-03-23 23:52:51 [INFO] python3-defaults 3.10.3: https://www.python.org/ftp/python/3.10.3/Python-3.10.3.tar.xz
2022-03-23 23:52:51 [INFO] rustc 1.59.0: https://static.rust-lang.org/dist/rustc-1.59.0-src.tar.xz
2022-03-23 23:52:52 [INFO] zsh 5.8.1: https://www.zsh.org/pub/zsh-5.8.1.tar.xz
2022-03-23 23:52:52 [INFO] golang-defaults 1.18: https://golang.org/dl/go1.18.src.tar.gz
2022-03-23 23:52:55 [WARNING] retrying uscan for ffmpeg (attempt #1)
2022-03-23 23:52:57 [WARNING] retrying uscan for ffmpeg (attempt #2)
2022-03-23 23:53:02 [WARNING] retrying uscan for ffmpeg (attempt #3)
2022-03-23 23:53:02 [ERROR] failed to update entry for ffmpeg: uscan for ffmpeg failed
2022-03-23 23:53:02 [INFO] no updates found
2022-03-23 23:53:02 [ERROR] failed: ffmpeg
