2022-06-28 21:26:13 [INFO] persisted: Persisted(last_successful_crawls={'ffmpeg': '2022-06-28 21:15:51.737233+00:00', 'golang-defaults': '2022-06-28 21:15:51.246077+00:00', 'python3-defaults': '2022-06-28 21:15:50.652958+00:00', 'rustc': '2022-06-28 21:15:51.160068+00:00', 'zsh': '2022-06-28 21:15:51.091606+00:00'})
2022-06-28 21:26:13 [INFO] config: Config(feed=FeedConfig(base_url='https://release-feeds.zhimingwang.org/', author='release-feeds', aggregate_title='Aggregate software releases'), packages=['ffmpeg', 'golang-defaults', 'python3-defaults', 'rustc', 'zsh'])
2022-06-28 21:26:13 [INFO] GET https://sources.debian.org/api/src/ffmpeg/
2022-06-28 21:26:13 [INFO] GET https://sources.debian.org/api/src/python3-defaults/
2022-06-28 21:26:13 [INFO] GET https://sources.debian.org/api/src/rustc/
2022-06-28 21:26:13 [INFO] GET https://sources.debian.org/api/src/zsh/
2022-06-28 21:26:13 [INFO] GET https://sources.debian.org/api/src/python3-defaults/3.10.4-1/debian/watch
2022-06-28 21:26:13 [INFO] GET https://sources.debian.org/api/src/rustc/1.59.0+dfsg1-2/debian/watch
2022-06-28 21:26:13 [INFO] GET https://sources.debian.org/api/src/zsh/5.9-1/debian/watch
2022-06-28 21:26:13 [INFO] GET https://sources.debian.org/api/src/ffmpeg/7:5.0.1-3/debian/watch
2022-06-28 21:26:13 [INFO] GET https://sources.debian.org/data/main/p/python3-defaults/3.10.4-1/debian/watch
2022-06-28 21:26:13 [INFO] GET https://sources.debian.org/data/main/r/rustc/1.59.0%2Bdfsg1-2/debian/watch
2022-06-28 21:26:13 [INFO] GET https://sources.debian.org/data/main/z/zsh/5.9-1/debian/watch
2022-06-28 21:26:13 [INFO] GET https://sources.debian.org/data/main/f/ffmpeg/7%3A5.0.1-3/debian/watch
2022-06-28 21:26:15 [INFO] python3-defaults 3.10.5: https://www.python.org/ftp/python/3.10.5/Python-3.10.5.tar.xz
2022-06-28 21:26:15 [INFO] golang-defaults 1.18.3: https://golang.org/dl/go1.18.3.src.tar.gz
2022-06-28 21:26:16 [INFO] rustc 1.61.0: https://static.rust-lang.org/dist/rustc-1.61.0-src.tar.xz
2022-06-28 21:26:16 [INFO] ffmpeg 5.0.1: https://ffmpeg.org/releases/ffmpeg-5.0.1.tar.xz
2022-06-28 21:26:35 [WARNING] retrying uscan for zsh (attempt #1)
2022-06-28 21:26:57 [WARNING] retrying uscan for zsh (attempt #2)
2022-06-28 21:27:22 [WARNING] retrying uscan for zsh (attempt #3)
2022-06-28 21:27:22 [ERROR] failed to update entry for zsh: uscan for zsh failed
2022-06-28 21:27:22 [INFO] no updates found
2022-06-28 21:27:22 [ERROR] failed: zsh
