2022-03-02 14:48:20 [INFO] persisted: Persisted(last_successful_crawls={'ffmpeg': '2022-03-02 14:38:56.443597+00:00', 'golang-defaults': '2022-03-02 14:38:55.451476+00:00', 'python3-defaults': '2022-03-02 14:38:54.863183+00:00', 'rustc': '2022-03-02 14:38:55.161603+00:00', 'zsh': '2022-03-02 14:38:55.417126+00:00'})
2022-03-02 14:48:20 [INFO] config: Config(feed=FeedConfig(base_url='https://release-feeds.zhimingwang.org/', author='release-feeds', aggregate_title='Aggregate software releases'), packages=['ffmpeg', 'golang-defaults', 'python3-defaults', 'rustc', 'zsh'])
2022-03-02 14:48:20 [INFO] GET https://sources.debian.org/api/src/ffmpeg/
2022-03-02 14:48:20 [INFO] GET https://sources.debian.org/api/src/python3-defaults/
2022-03-02 14:48:20 [INFO] GET https://sources.debian.org/api/src/rustc/
2022-03-02 14:48:20 [INFO] GET https://sources.debian.org/api/src/zsh/
2022-03-02 14:48:20 [INFO] GET https://sources.debian.org/api/src/python3-defaults/3.9.8-1/debian/watch
2022-03-02 14:48:20 [INFO] GET https://sources.debian.org/api/src/zsh/5.8.1-1/debian/watch
2022-03-02 14:48:20 [INFO] GET https://sources.debian.org/api/src/rustc/1.56.0+dfsg1-2/debian/watch
2022-03-02 14:48:20 [INFO] GET https://sources.debian.org/api/src/ffmpeg/7:4.4.1-3/debian/watch
2022-03-02 14:48:20 [INFO] GET https://sources.debian.org/data/main/p/python3-defaults/3.9.8-1/debian/watch
2022-03-02 14:48:20 [INFO] GET https://sources.debian.org/data/main/r/rustc/1.56.0%2Bdfsg1-2/debian/watch
2022-03-02 14:48:20 [INFO] GET https://sources.debian.org/data/main/z/zsh/5.8.1-1/debian/watch
2022-03-02 14:48:20 [INFO] GET https://sources.debian.org/data/main/f/ffmpeg/7%3A4.4.1-3/debian/watch
2022-03-02 14:48:21 [INFO] python3-defaults 3.10.2: https://www.python.org/ftp/python/3.10.2/Python-3.10.2.tar.xz
2022-03-02 14:48:22 [WARNING] retrying uscan for ffmpeg (attempt #1)
2022-03-02 14:48:22 [INFO] zsh 5.8.1: https://www.zsh.org/pub/zsh-5.8.1.tar.xz
2022-03-02 14:48:22 [INFO] rustc 1.59.0: https://static.rust-lang.org/dist/rustc-1.59.0-src.tar.xz
2022-03-02 14:48:22 [INFO] golang-defaults 1.17.7: https://golang.org/dl/go1.17.7.src.tar.gz
2022-03-02 14:48:44 [WARNING] retrying uscan for ffmpeg (attempt #2)
2022-03-02 14:48:50 [WARNING] retrying uscan for ffmpeg (attempt #3)
2022-03-02 14:48:50 [ERROR] failed to update entry for ffmpeg: uscan for ffmpeg failed
2022-03-02 14:48:50 [INFO] no updates found
2022-03-02 14:48:50 [ERROR] failed: ffmpeg
