2022-09-06 23:30:09 [INFO] persisted: Persisted(last_successful_crawls={'ffmpeg': '2022-09-06 22:56:33.573959+00:00', 'golang-defaults': '2022-09-06 22:56:32.487201+00:00', 'python3-defaults': '2022-09-06 22:56:31.672350+00:00', 'rustc': '2022-09-06 22:56:31.989534+00:00', 'zsh': '2022-09-06 22:56:32.426532+00:00'})
2022-09-06 23:30:09 [INFO] config: Config(feed=FeedConfig(base_url='https://release-feeds.zhimingwang.org/', author='release-feeds', aggregate_title='Aggregate software releases'), packages=['ffmpeg', 'golang-defaults', 'python3-defaults', 'rustc', 'zsh'])
2022-09-06 23:30:09 [INFO] GET https://sources.debian.org/api/src/ffmpeg/
2022-09-06 23:30:09 [INFO] GET https://sources.debian.org/api/src/python3-defaults/
2022-09-06 23:30:09 [INFO] GET https://sources.debian.org/api/src/rustc/
2022-09-06 23:30:09 [INFO] GET https://sources.debian.org/api/src/zsh/
2022-09-06 23:30:09 [INFO] GET https://sources.debian.org/api/src/python3-defaults/3.10.6-1/debian/watch
2022-09-06 23:30:09 [INFO] GET https://sources.debian.org/api/src/zsh/5.9-1/debian/watch
2022-09-06 23:30:09 [INFO] GET https://sources.debian.org/api/src/rustc/1.60.0+dfsg1-1/debian/watch
2022-09-06 23:30:09 [INFO] GET https://sources.debian.org/api/src/ffmpeg/7:5.1.1-1/debian/watch
2022-09-06 23:30:09 [INFO] GET https://sources.debian.org/data/main/p/python3-defaults/3.10.6-1/debian/watch
2022-09-06 23:30:09 [INFO] GET https://sources.debian.org/data/main/r/rustc/1.60.0%2Bdfsg1-1/debian/watch
2022-09-06 23:30:09 [INFO] GET https://sources.debian.org/data/main/z/zsh/5.9-1/debian/watch
2022-09-06 23:30:09 [INFO] GET https://sources.debian.org/data/main/f/ffmpeg/7%3A5.1.1-1/debian/watch
2022-09-06 23:30:10 [INFO] rustc 1.63.0: https://static.rust-lang.org/dist/rustc-1.63.0-src.tar.xz
2022-09-06 23:30:11 [INFO] golang-defaults 1.19.1: https://golang.org/dl/go1.19.1.src.tar.gz
2022-09-06 23:30:11 [INFO] zsh 5.9: https://www.zsh.org/pub/zsh-5.9.tar.xz
2022-09-06 23:30:11 [WARNING] retrying uscan for python3-defaults (attempt #1)
2022-09-06 23:30:12 [INFO] ffmpeg 5.1.1: https://ffmpeg.org/releases/ffmpeg-5.1.1.tar.xz
2022-09-06 23:30:14 [WARNING] retrying uscan for python3-defaults (attempt #2)
2022-09-06 23:30:20 [WARNING] retrying uscan for python3-defaults (attempt #3)
2022-09-06 23:30:20 [ERROR] failed to update entry for python3-defaults: uscan for python3-defaults failed
2022-09-06 23:30:20 [INFO] no updates found
2022-09-06 23:30:20 [ERROR] failed: python3-defaults
