2022-09-27 21:39:35 [INFO] persisted: Persisted(last_successful_crawls={'ffmpeg': '2022-09-26 22:04:06.137415+00:00', 'golang-defaults': '2022-09-26 22:04:05.467002+00:00', 'python3-defaults': '2022-09-26 22:04:04.983392+00:00', 'rustc': '2022-09-26 22:04:04.982850+00:00', 'zsh': '2022-09-26 22:04:05.483173+00:00'})
2022-09-27 21:39:35 [INFO] config: Config(feed=FeedConfig(base_url='https://release-feeds.zhimingwang.org/', author='release-feeds', aggregate_title='Aggregate software releases'), packages=['ffmpeg', 'golang-defaults', 'python3-defaults', 'rustc', 'zsh'])
2022-09-27 21:39:35 [INFO] GET https://sources.debian.org/api/src/ffmpeg/
2022-09-27 21:39:35 [INFO] GET https://sources.debian.org/api/src/python3-defaults/
2022-09-27 21:39:35 [INFO] GET https://sources.debian.org/api/src/rustc/
2022-09-27 21:39:35 [INFO] GET https://sources.debian.org/api/src/zsh/
2022-09-27 21:39:36 [INFO] GET https://sources.debian.org/api/src/python3-defaults/3.10.6-1/debian/watch
2022-09-27 21:39:36 [INFO] GET https://sources.debian.org/api/src/ffmpeg/7:5.1.1-2/debian/watch
2022-09-27 21:39:36 [INFO] GET https://sources.debian.org/api/src/zsh/5.9-1/debian/watch
2022-09-27 21:39:36 [INFO] GET https://sources.debian.org/api/src/rustc/1.61.0+dfsg1-1/debian/watch
2022-09-27 21:39:36 [INFO] GET https://sources.debian.org/data/main/p/python3-defaults/3.10.6-1/debian/watch
2022-09-27 21:39:36 [INFO] GET https://sources.debian.org/data/main/f/ffmpeg/7%3A5.1.1-2/debian/watch
2022-09-27 21:39:36 [INFO] GET https://sources.debian.org/data/main/r/rustc/1.61.0%2Bdfsg1-1/debian/watch
2022-09-27 21:39:36 [INFO] GET https://sources.debian.org/data/main/z/zsh/5.9-1/debian/watch
2022-09-27 21:39:37 [INFO] python3-defaults 3.10.7: https://www.python.org/ftp/python/3.10.7/Python-3.10.7.tar.xz
2022-09-27 21:39:37 [WARNING] retrying uscan for rustc (attempt #1)
2022-09-27 21:39:37 [INFO] golang-defaults 1.19.1: https://golang.org/dl/go1.19.1.src.tar.gz
2022-09-27 21:39:37 [INFO] zsh 5.9: https://www.zsh.org/pub/zsh-5.9.tar.xz
2022-09-27 21:39:38 [INFO] ffmpeg 5.1.2: https://ffmpeg.org/releases/ffmpeg-5.1.2.tar.xz
2022-09-27 21:39:39 [WARNING] retrying uscan for rustc (attempt #2)
2022-09-27 21:39:43 [WARNING] retrying uscan for rustc (attempt #3)
2022-09-27 21:39:43 [ERROR] failed to update entry for rustc: uscan for rustc failed
2022-09-27 21:39:43 [INFO] no updates found
2022-09-27 21:39:43 [ERROR] failed: rustc
