2022-04-13 17:47:10 [INFO] persisted: Persisted(last_successful_crawls={'ffmpeg': '2022-04-13 17:39:57.833536+00:00', 'golang-defaults': '2022-04-13 17:39:57.299442+00:00', 'python3-defaults': '2022-04-13 17:39:56.724438+00:00', 'rustc': '2022-04-13 17:39:56.903819+00:00', 'zsh': '2022-04-13 17:39:57.315061+00:00'})
2022-04-13 17:47:10 [INFO] config: Config(feed=FeedConfig(base_url='https://release-feeds.zhimingwang.org/', author='release-feeds', aggregate_title='Aggregate software releases'), packages=['ffmpeg', 'golang-defaults', 'python3-defaults', 'rustc', 'zsh'])
2022-04-13 17:47:10 [INFO] GET https://sources.debian.org/api/src/ffmpeg/
2022-04-13 17:47:10 [INFO] GET https://sources.debian.org/api/src/rustc/
2022-04-13 17:47:10 [INFO] GET https://sources.debian.org/api/src/python3-defaults/
2022-04-13 17:47:10 [INFO] GET https://sources.debian.org/api/src/zsh/
2022-04-13 17:47:10 [INFO] GET https://sources.debian.org/api/src/rustc/1.58.1+dfsg1-1/debian/watch
2022-04-13 17:47:10 [INFO] GET https://sources.debian.org/api/src/ffmpeg/7:4.4.1-3/debian/watch
2022-04-13 17:47:10 [INFO] GET https://sources.debian.org/api/src/python3-defaults/3.10.4-1/debian/watch
2022-04-13 17:47:10 [INFO] GET https://sources.debian.org/api/src/zsh/5.8.1-1/debian/watch
2022-04-13 17:47:10 [INFO] GET https://sources.debian.org/data/main/p/python3-defaults/3.10.4-1/debian/watch
2022-04-13 17:47:10 [INFO] GET https://sources.debian.org/data/main/f/ffmpeg/7%3A4.4.1-3/debian/watch
2022-04-13 17:47:10 [INFO] GET https://sources.debian.org/data/main/r/rustc/1.58.1%2Bdfsg1-1/debian/watch
2022-04-13 17:47:10 [INFO] GET https://sources.debian.org/data/main/z/zsh/5.8.1-1/debian/watch
2022-04-13 17:47:11 [WARNING] retrying uscan for zsh (attempt #1)
2022-04-13 17:47:11 [INFO] python3-defaults 3.10.4: https://www.python.org/ftp/python/3.10.4/Python-3.10.4.tar.xz
2022-04-13 17:47:11 [INFO] rustc 1.60.0: https://static.rust-lang.org/dist/rustc-1.60.0-src.tar.xz
2022-04-13 17:47:12 [INFO] golang-defaults 1.18.1: https://golang.org/dl/go1.18.1.src.tar.gz
2022-04-13 17:47:12 [INFO] ffmpeg 5.0.1: https://ffmpeg.org/releases/ffmpeg-5.0.1.tar.xz
2022-04-13 17:47:14 [WARNING] retrying uscan for zsh (attempt #2)
2022-04-13 17:47:18 [WARNING] retrying uscan for zsh (attempt #3)
2022-04-13 17:47:18 [ERROR] failed to update entry for zsh: uscan for zsh failed
2022-04-13 17:47:18 [INFO] no updates found
2022-04-13 17:47:18 [ERROR] failed: zsh
