2022-04-06 08:34:10 [INFO] persisted: Persisted(last_successful_crawls={'ffmpeg': '2022-04-06 08:21:45.204314+00:00', 'golang-defaults': '2022-04-06 08:21:44.300934+00:00', 'python3-defaults': '2022-04-06 08:21:44.069187+00:00', 'rustc': '2022-04-06 08:21:44.514589+00:00', 'zsh': '2022-04-06 08:21:45.557859+00:00'})
2022-04-06 08:34:10 [INFO] config: Config(feed=FeedConfig(base_url='https://release-feeds.zhimingwang.org/', author='release-feeds', aggregate_title='Aggregate software releases'), packages=['ffmpeg', 'golang-defaults', 'python3-defaults', 'rustc', 'zsh'])
2022-04-06 08:34:10 [INFO] GET https://sources.debian.org/api/src/ffmpeg/
2022-04-06 08:34:10 [INFO] GET https://sources.debian.org/api/src/python3-defaults/
2022-04-06 08:34:10 [INFO] GET https://sources.debian.org/api/src/rustc/
2022-04-06 08:34:10 [INFO] GET https://sources.debian.org/api/src/zsh/
2022-04-06 08:34:11 [INFO] GET https://sources.debian.org/api/src/python3-defaults/3.10.4-1/debian/watch
2022-04-06 08:34:11 [INFO] GET https://sources.debian.org/api/src/ffmpeg/7:4.4.1-3/debian/watch
2022-04-06 08:34:11 [INFO] GET https://sources.debian.org/api/src/zsh/5.8.1-1/debian/watch
2022-04-06 08:34:11 [INFO] GET https://sources.debian.org/api/src/rustc/1.58.1+dfsg1-1/debian/watch
2022-04-06 08:34:11 [INFO] GET https://sources.debian.org/data/main/p/python3-defaults/3.10.4-1/debian/watch
2022-04-06 08:34:11 [INFO] GET https://sources.debian.org/data/main/z/zsh/5.8.1-1/debian/watch
2022-04-06 08:34:11 [INFO] GET https://sources.debian.org/data/main/f/ffmpeg/7%3A4.4.1-3/debian/watch
2022-04-06 08:34:11 [INFO] GET https://sources.debian.org/data/main/r/rustc/1.58.1%2Bdfsg1-1/debian/watch
2022-04-06 08:34:12 [INFO] python3-defaults 3.10.4: https://www.python.org/ftp/python/3.10.4/Python-3.10.4.tar.xz
2022-04-06 08:34:12 [INFO] rustc 1.59.0: https://static.rust-lang.org/dist/rustc-1.59.0-src.tar.xz
2022-04-06 08:34:13 [INFO] golang-defaults 1.18: https://golang.org/dl/go1.18.src.tar.gz
2022-04-06 08:34:13 [INFO] ffmpeg 5.0.1: https://ffmpeg.org/releases/ffmpeg-5.0.1.tar.xz
2022-04-06 08:34:32 [WARNING] retrying uscan for zsh (attempt #1)
2022-04-06 08:34:55 [WARNING] retrying uscan for zsh (attempt #2)
2022-04-06 08:35:19 [WARNING] retrying uscan for zsh (attempt #3)
2022-04-06 08:35:19 [ERROR] failed to update entry for zsh: uscan for zsh failed
2022-04-06 08:35:19 [INFO] no updates found
2022-04-06 08:35:19 [ERROR] failed: zsh
