2022-04-20 02:35:25 [INFO] persisted: Persisted(last_successful_crawls={'ffmpeg': '2022-04-20 01:46:16.538878+00:00', 'golang-defaults': '2022-04-20 01:46:15.350678+00:00', 'python3-defaults': '2022-04-20 01:46:14.688489+00:00', 'rustc': '2022-04-20 01:46:15.041969+00:00', 'zsh': '2022-04-20 01:46:15.545030+00:00'})
2022-04-20 02:35:25 [INFO] config: Config(feed=FeedConfig(base_url='https://release-feeds.zhimingwang.org/', author='release-feeds', aggregate_title='Aggregate software releases'), packages=['ffmpeg', 'golang-defaults', 'python3-defaults', 'rustc', 'zsh'])
2022-04-20 02:35:25 [INFO] GET https://sources.debian.org/api/src/ffmpeg/
2022-04-20 02:35:25 [INFO] GET https://sources.debian.org/api/src/python3-defaults/
2022-04-20 02:35:25 [INFO] GET https://sources.debian.org/api/src/zsh/
2022-04-20 02:35:25 [INFO] GET https://sources.debian.org/api/src/rustc/
2022-04-20 02:35:25 [INFO] GET https://sources.debian.org/api/src/python3-defaults/3.10.4-1/debian/watch
2022-04-20 02:35:25 [INFO] GET https://sources.debian.org/api/src/ffmpeg/7:4.4.2-1/debian/watch
2022-04-20 02:35:25 [INFO] GET https://sources.debian.org/api/src/rustc/1.58.1+dfsg1-1/debian/watch
2022-04-20 02:35:25 [INFO] GET https://sources.debian.org/api/src/zsh/5.8.1-1/debian/watch
2022-04-20 02:35:26 [INFO] GET https://sources.debian.org/data/main/p/python3-defaults/3.10.4-1/debian/watch
2022-04-20 02:35:26 [INFO] GET https://sources.debian.org/data/main/f/ffmpeg/7%3A4.4.2-1/debian/watch
2022-04-20 02:35:26 [INFO] GET https://sources.debian.org/data/main/z/zsh/5.8.1-1/debian/watch
2022-04-20 02:35:26 [INFO] GET https://sources.debian.org/data/main/r/rustc/1.58.1%2Bdfsg1-1/debian/watch
2022-04-20 02:35:26 [INFO] python3-defaults 3.10.4: https://www.python.org/ftp/python/3.10.4/Python-3.10.4.tar.xz
2022-04-20 02:35:27 [INFO] rustc 1.60.0: https://static.rust-lang.org/dist/rustc-1.60.0-src.tar.xz
2022-04-20 02:35:27 [INFO] zsh 5.8.1: https://www.zsh.org/pub/zsh-5.8.1.tar.xz
2022-04-20 02:35:28 [INFO] golang-defaults 1.18.1: https://golang.org/dl/go1.18.1.src.tar.gz
2022-04-20 02:35:47 [WARNING] retrying uscan for ffmpeg (attempt #1)
2022-04-20 02:36:09 [WARNING] retrying uscan for ffmpeg (attempt #2)
2022-04-20 02:36:33 [WARNING] retrying uscan for ffmpeg (attempt #3)
2022-04-20 02:36:33 [ERROR] failed to update entry for ffmpeg: uscan for ffmpeg failed
2022-04-20 02:36:33 [INFO] no updates found
2022-04-20 02:36:33 [ERROR] failed: ffmpeg
