2022-08-06 05:34:27 [INFO] persisted: Persisted(last_successful_crawls={'ffmpeg': '2022-08-05 20:45:57.071329+00:00', 'golang-defaults': '2022-08-05 20:45:56.349034+00:00', 'python3-defaults': '2022-08-05 20:45:55.839879+00:00', 'rustc': '2022-08-05 20:45:55.939247+00:00', 'zsh': '2022-08-05 20:45:56.533965+00:00'})
2022-08-06 05:34:27 [INFO] config: Config(feed=FeedConfig(base_url='https://release-feeds.zhimingwang.org/', author='release-feeds', aggregate_title='Aggregate software releases'), packages=['ffmpeg', 'golang-defaults', 'python3-defaults', 'rustc', 'zsh'])
2022-08-06 05:34:27 [INFO] GET https://sources.debian.org/api/src/ffmpeg/
2022-08-06 05:34:27 [INFO] GET https://sources.debian.org/api/src/python3-defaults/
2022-08-06 05:34:27 [INFO] GET https://sources.debian.org/api/src/rustc/
2022-08-06 05:34:27 [INFO] GET https://sources.debian.org/api/src/zsh/
2022-08-06 05:34:27 [INFO] GET https://sources.debian.org/api/src/python3-defaults/3.10.5-3/debian/watch
2022-08-06 05:34:27 [INFO] GET https://sources.debian.org/api/src/zsh/5.9-1/debian/watch
2022-08-06 05:34:27 [INFO] GET https://sources.debian.org/api/src/rustc/1.59.0+dfsg1-2/debian/watch
2022-08-06 05:34:27 [INFO] GET https://sources.debian.org/api/src/ffmpeg/7:5.1-2/debian/watch
2022-08-06 05:34:28 [INFO] GET https://sources.debian.org/data/main/p/python3-defaults/3.10.5-3/debian/watch
2022-08-06 05:34:28 [INFO] GET https://sources.debian.org/data/main/z/zsh/5.9-1/debian/watch
2022-08-06 05:34:28 [INFO] GET https://sources.debian.org/data/main/f/ffmpeg/7%3A5.1-2/debian/watch
2022-08-06 05:34:28 [INFO] GET https://sources.debian.org/data/main/r/rustc/1.59.0%2Bdfsg1-2/debian/watch
2022-08-06 05:34:28 [INFO] python3-defaults 3.10.6: https://www.python.org/ftp/python/3.10.6/Python-3.10.6.tar.xz
2022-08-06 05:34:29 [INFO] rustc 1.62.1: https://static.rust-lang.org/dist/rustc-1.62.1-src.tar.xz
2022-08-06 05:34:29 [INFO] zsh 5.9: https://www.zsh.org/pub/zsh-5.9.tar.xz
2022-08-06 05:34:29 [INFO] golang-defaults 1.19: https://golang.org/dl/go1.19.src.tar.gz
2022-08-06 05:34:48 [WARNING] retrying uscan for ffmpeg (attempt #1)
2022-08-06 05:35:11 [WARNING] retrying uscan for ffmpeg (attempt #2)
2022-08-06 05:35:35 [WARNING] retrying uscan for ffmpeg (attempt #3)
2022-08-06 05:35:35 [ERROR] failed to update entry for ffmpeg: uscan for ffmpeg failed
2022-08-06 05:35:35 [INFO] no updates found
2022-08-06 05:35:35 [ERROR] failed: ffmpeg
