2022-04-27 05:30:29 [INFO] persisted: Persisted(last_successful_crawls={'ffmpeg': '2022-04-27 05:15:20.295228+00:00', 'golang-defaults': '2022-04-27 05:15:19.714845+00:00', 'python3-defaults': '2022-04-27 05:15:19.215217+00:00', 'rustc': '2022-04-27 05:15:19.548244+00:00', 'zsh': '2022-04-27 05:15:19.432791+00:00'})
2022-04-27 05:30:29 [INFO] config: Config(feed=FeedConfig(base_url='https://release-feeds.zhimingwang.org/', author='release-feeds', aggregate_title='Aggregate software releases'), packages=['ffmpeg', 'golang-defaults', 'python3-defaults', 'rustc', 'zsh'])
2022-04-27 05:30:29 [INFO] GET https://sources.debian.org/api/src/ffmpeg/
2022-04-27 05:30:29 [INFO] GET https://sources.debian.org/api/src/python3-defaults/
2022-04-27 05:30:29 [INFO] GET https://sources.debian.org/api/src/rustc/
2022-04-27 05:30:29 [INFO] GET https://sources.debian.org/api/src/zsh/
2022-04-27 05:30:30 [INFO] GET https://sources.debian.org/api/src/python3-defaults/3.10.4-1/debian/watch
2022-04-27 05:30:30 [INFO] GET https://sources.debian.org/api/src/ffmpeg/7:4.4.2-1/debian/watch
2022-04-27 05:30:30 [INFO] GET https://sources.debian.org/api/src/rustc/1.58.1+dfsg1-1/debian/watch
2022-04-27 05:30:30 [INFO] GET https://sources.debian.org/api/src/zsh/5.8.1-1/debian/watch
2022-04-27 05:30:30 [INFO] GET https://sources.debian.org/data/main/p/python3-defaults/3.10.4-1/debian/watch
2022-04-27 05:30:30 [INFO] GET https://sources.debian.org/data/main/r/rustc/1.58.1%2Bdfsg1-1/debian/watch
2022-04-27 05:30:30 [INFO] GET https://sources.debian.org/data/main/f/ffmpeg/7%3A4.4.2-1/debian/watch
2022-04-27 05:30:30 [INFO] GET https://sources.debian.org/data/main/z/zsh/5.8.1-1/debian/watch
2022-04-27 05:30:31 [INFO] python3-defaults 3.10.4: https://www.python.org/ftp/python/3.10.4/Python-3.10.4.tar.xz
2022-04-27 05:30:31 [INFO] zsh 5.8.1: https://www.zsh.org/pub/zsh-5.8.1.tar.xz
2022-04-27 05:30:32 [INFO] ffmpeg 5.0.1: https://ffmpeg.org/releases/ffmpeg-5.0.1.tar.xz
2022-04-27 05:30:32 [INFO] rustc 1.60.0: https://static.rust-lang.org/dist/rustc-1.60.0-src.tar.xz
2022-04-27 05:30:51 [WARNING] retrying uscan for golang-defaults (attempt #1)
2022-04-27 05:30:53 [WARNING] retrying uscan for golang-defaults (attempt #2)
2022-04-27 05:31:13 [WARNING] retrying uscan for golang-defaults (attempt #3)
2022-04-27 05:31:13 [ERROR] failed to update entry for golang-defaults: uscan for golang-defaults failed
2022-04-27 05:31:13 [INFO] no updates found
2022-04-27 05:31:13 [ERROR] failed: golang-defaults
