2023-03-09 21:52:47 [INFO] persisted: Persisted(last_successful_crawls={'ffmpeg': '2023-03-09 21:43:13.324392+00:00', 'golang-defaults': '2023-03-09 21:43:12.800006+00:00', 'python3-defaults': '2023-03-09 21:43:11.795384+00:00', 'rustc': '2023-03-09 21:43:11.836170+00:00', 'zsh': '2023-03-09 21:43:12.502930+00:00'})
2023-03-09 21:52:47 [INFO] config: Config(feed=FeedConfig(base_url='https://release-feeds.zhimingwang.org/', author='release-feeds', aggregate_title='Aggregate software releases'), packages=['ffmpeg', 'golang-defaults', 'python3-defaults', 'rustc', 'zsh'])
2023-03-09 21:52:47 [INFO] GET https://sources.debian.org/api/src/ffmpeg/
2023-03-09 21:52:47 [INFO] GET https://sources.debian.org/api/src/python3-defaults/
2023-03-09 21:52:47 [INFO] GET https://sources.debian.org/api/src/rustc/
2023-03-09 21:52:47 [INFO] GET https://sources.debian.org/api/src/zsh/
2023-03-09 21:52:48 [INFO] GET https://sources.debian.org/api/src/python3-defaults/3.11.2-1/debian/watch
2023-03-09 21:52:48 [INFO] GET https://sources.debian.org/api/src/rustc/1.63.0+dfsg1-2/debian/watch
2023-03-09 21:52:48 [INFO] GET https://sources.debian.org/api/src/zsh/5.9-4/debian/watch
2023-03-09 21:52:48 [INFO] GET https://sources.debian.org/api/src/ffmpeg/7:5.1.2-3/debian/watch
2023-03-09 21:52:48 [INFO] GET https://sources.debian.org/data/main/p/python3-defaults/3.11.2-1/debian/watch
2023-03-09 21:52:48 [INFO] GET https://sources.debian.org/data/main/f/ffmpeg/7%3A5.1.2-3/debian/watch
2023-03-09 21:52:48 [INFO] GET https://sources.debian.org/data/main/z/zsh/5.9-4/debian/watch
2023-03-09 21:52:48 [INFO] GET https://sources.debian.org/data/main/r/rustc/1.63.0%2Bdfsg1-2/debian/watch
2023-03-09 21:52:49 [INFO] python3-defaults 3.11.2: https://www.python.org/ftp/python/3.11.2/Python-3.11.2.tar.xz
2023-03-09 21:52:49 [INFO] rustc 1.67.1: https://static.rust-lang.org/dist/rustc-1.67.1-src.tar.xz
2023-03-09 21:52:49 [WARNING] retrying uscan for ffmpeg (attempt #1)
2023-03-09 21:52:49 [INFO] golang-defaults 1.20.2: https://golang.org/dl/go1.20.2.src.tar.gz
2023-03-09 21:52:49 [INFO] zsh 5.9: https://www.zsh.org/pub/zsh-5.9.tar.xz
2023-03-09 21:52:51 [WARNING] retrying uscan for ffmpeg (attempt #2)
2023-03-09 21:53:00 [WARNING] retrying uscan for ffmpeg (attempt #3)
2023-03-09 21:53:00 [ERROR] failed to update entry for ffmpeg: uscan for ffmpeg failed
2023-03-09 21:53:00 [INFO] no updates found
2023-03-09 21:53:00 [ERROR] failed: ffmpeg
