2023-05-06 16:42:47 [INFO] persisted: Persisted(last_successful_crawls={'ffmpeg': '2023-05-06 16:35:28.196607+00:00', 'golang-defaults': '2023-05-06 16:35:27.391563+00:00', 'python3-defaults': '2023-05-06 16:35:26.879211+00:00', 'rustc': '2023-05-06 16:35:27.053827+00:00', 'zsh': '2023-05-06 16:35:27.385994+00:00'})
2023-05-06 16:42:47 [INFO] config: Config(feed=FeedConfig(base_url='https://release-feeds.zhimingwang.org/', author='release-feeds', aggregate_title='Aggregate software releases'), packages=['ffmpeg', 'golang-defaults', 'python3-defaults', 'rustc', 'zsh'])
2023-05-06 16:42:47 [INFO] GET https://sources.debian.org/api/src/python3-defaults/
2023-05-06 16:42:47 [INFO] GET https://sources.debian.org/api/src/ffmpeg/
2023-05-06 16:42:47 [INFO] GET https://sources.debian.org/api/src/rustc/
2023-05-06 16:42:47 [INFO] GET https://sources.debian.org/api/src/zsh/
2023-05-06 16:42:47 [INFO] GET https://sources.debian.org/api/src/rustc/1.63.0+dfsg1-2/debian/watch
2023-05-06 16:42:47 [INFO] GET https://sources.debian.org/api/src/python3-defaults/3.11.2-1/debian/watch
2023-05-06 16:42:47 [INFO] GET https://sources.debian.org/api/src/ffmpeg/7:5.1.3-1/debian/watch
2023-05-06 16:42:47 [INFO] GET https://sources.debian.org/api/src/zsh/5.9-4/debian/watch
2023-05-06 16:42:48 [INFO] GET https://sources.debian.org/data/main/r/rustc/1.63.0%2Bdfsg1-2/debian/watch
2023-05-06 16:42:48 [INFO] GET https://sources.debian.org/data/main/p/python3-defaults/3.11.2-1/debian/watch
2023-05-06 16:42:48 [INFO] GET https://sources.debian.org/data/main/f/ffmpeg/7%3A5.1.3-1/debian/watch
2023-05-06 16:42:48 [INFO] GET https://sources.debian.org/data/main/z/zsh/5.9-4/debian/watch
2023-05-06 16:42:48 [INFO] python3-defaults 3.11.3: https://www.python.org/ftp/python/3.11.3/Python-3.11.3.tar.xz
2023-05-06 16:42:49 [INFO] rustc 1.69.0: https://static.rust-lang.org/dist/rustc-1.69.0-src.tar.xz
2023-05-06 16:42:49 [INFO] zsh 5.9: https://www.zsh.org/pub/zsh-5.9.tar.xz
2023-05-06 16:42:49 [WARNING] retrying uscan for golang-defaults (attempt #1)
2023-05-06 16:42:50 [INFO] ffmpeg 6.0: https://ffmpeg.org/releases/ffmpeg-6.0.tar.xz
2023-05-06 16:42:51 [WARNING] retrying uscan for golang-defaults (attempt #2)
2023-05-06 16:42:56 [WARNING] retrying uscan for golang-defaults (attempt #3)
2023-05-06 16:42:56 [ERROR] failed to update entry for golang-defaults: uscan for golang-defaults failed
2023-05-06 16:42:56 [INFO] no updates found
2023-05-06 16:42:56 [ERROR] failed: golang-defaults
