2023-04-26 03:52:55 [INFO] persisted: Persisted(last_successful_crawls={'ffmpeg': '2023-04-26 03:42:53.917819+00:00', 'golang-defaults': '2023-04-26 03:42:52.307499+00:00', 'python3-defaults': '2023-04-26 03:42:51.997713+00:00', 'rustc': '2023-04-26 03:42:52.142867+00:00', 'zsh': '2023-04-26 03:42:52.610785+00:00'})
2023-04-26 03:52:55 [INFO] config: Config(feed=FeedConfig(base_url='https://release-feeds.zhimingwang.org/', author='release-feeds', aggregate_title='Aggregate software releases'), packages=['ffmpeg', 'golang-defaults', 'python3-defaults', 'rustc', 'zsh'])
2023-04-26 03:52:55 [INFO] GET https://sources.debian.org/api/src/python3-defaults/
2023-04-26 03:52:55 [INFO] GET https://sources.debian.org/api/src/ffmpeg/
2023-04-26 03:52:55 [INFO] GET https://sources.debian.org/api/src/zsh/
2023-04-26 03:52:55 [INFO] GET https://sources.debian.org/api/src/rustc/
2023-04-26 03:52:56 [INFO] GET https://sources.debian.org/api/src/rustc/1.63.0+dfsg1-2/debian/watch
2023-04-26 03:52:56 [INFO] GET https://sources.debian.org/api/src/python3-defaults/3.11.2-1/debian/watch
2023-04-26 03:52:56 [INFO] GET https://sources.debian.org/api/src/ffmpeg/7:5.1.3-1/debian/watch
2023-04-26 03:52:56 [INFO] GET https://sources.debian.org/api/src/zsh/5.9-4/debian/watch
2023-04-26 03:52:56 [INFO] GET https://sources.debian.org/data/main/r/rustc/1.63.0%2Bdfsg1-2/debian/watch
2023-04-26 03:52:56 [INFO] GET https://sources.debian.org/data/main/p/python3-defaults/3.11.2-1/debian/watch
2023-04-26 03:52:56 [INFO] GET https://sources.debian.org/data/main/f/ffmpeg/7%3A5.1.3-1/debian/watch
2023-04-26 03:52:56 [INFO] GET https://sources.debian.org/data/main/z/zsh/5.9-4/debian/watch
2023-04-26 03:52:57 [INFO] python3-defaults 3.11.3: https://www.python.org/ftp/python/3.11.3/Python-3.11.3.tar.xz
2023-04-26 03:52:57 [INFO] rustc 1.69.0: https://static.rust-lang.org/dist/rustc-1.69.0-src.tar.xz
2023-04-26 03:52:57 [INFO] golang-defaults 1.20.3: https://golang.org/dl/go1.20.3.src.tar.gz
2023-04-26 03:52:57 [INFO] zsh 5.9: https://www.zsh.org/pub/zsh-5.9.tar.xz
2023-04-26 03:53:17 [WARNING] retrying uscan for ffmpeg (attempt #1)
2023-04-26 03:53:39 [WARNING] retrying uscan for ffmpeg (attempt #2)
2023-04-26 03:54:04 [WARNING] retrying uscan for ffmpeg (attempt #3)
2023-04-26 03:54:04 [ERROR] failed to update entry for ffmpeg: uscan for ffmpeg failed
2023-04-26 03:54:04 [INFO] no updates found
2023-04-26 03:54:04 [ERROR] failed: ffmpeg
