2023-01-25 08:43:52 [INFO] persisted: Persisted(last_successful_crawls={'ffmpeg': '2023-01-25 08:28:18.279959+00:00', 'golang-defaults': '2023-01-25 08:36:19.392342+00:00', 'python3-defaults': '2023-01-25 08:28:17.221099+00:00', 'rustc': '2023-01-25 08:28:17.347656+00:00', 'zsh': '2023-01-25 08:28:17.949021+00:00'})
2023-01-25 08:43:52 [INFO] config: Config(feed=FeedConfig(base_url='https://release-feeds.zhimingwang.org/', author='release-feeds', aggregate_title='Aggregate software releases'), packages=['ffmpeg', 'golang-defaults', 'python3-defaults', 'rustc', 'zsh'])
2023-01-25 08:43:52 [INFO] GET https://sources.debian.org/api/src/python3-defaults/
2023-01-25 08:43:52 [INFO] GET https://sources.debian.org/api/src/ffmpeg/
2023-01-25 08:43:52 [INFO] GET https://sources.debian.org/api/src/rustc/
2023-01-25 08:43:52 [INFO] GET https://sources.debian.org/api/src/zsh/
2023-01-25 08:43:52 [INFO] GET https://sources.debian.org/api/src/zsh/5.9-2/debian/watch
2023-01-25 08:43:52 [INFO] GET https://sources.debian.org/api/src/rustc/1.63.0+dfsg1-2/debian/watch
2023-01-25 08:43:52 [INFO] GET https://sources.debian.org/api/src/python3-defaults/3.11.1-1/debian/watch
2023-01-25 08:43:52 [INFO] GET https://sources.debian.org/api/src/ffmpeg/7:5.1.2-2/debian/watch
2023-01-25 08:43:52 [INFO] GET https://sources.debian.org/data/main/p/python3-defaults/3.11.1-1/debian/watch
2023-01-25 08:43:52 [INFO] GET https://sources.debian.org/data/main/z/zsh/5.9-2/debian/watch
2023-01-25 08:43:52 [INFO] GET https://sources.debian.org/data/main/f/ffmpeg/7%3A5.1.2-2/debian/watch
2023-01-25 08:43:52 [INFO] GET https://sources.debian.org/data/main/r/rustc/1.63.0%2Bdfsg1-2/debian/watch
2023-01-25 08:43:53 [INFO] python3-defaults 3.11.1: https://www.python.org/ftp/python/3.11.1/Python-3.11.1.tar.xz
2023-01-25 08:43:53 [INFO] rustc 1.66.1: https://static.rust-lang.org/dist/rustc-1.66.1-src.tar.xz
2023-01-25 08:43:53 [INFO] golang-defaults 1.19.5: https://golang.org/dl/go1.19.5.src.tar.gz
2023-01-25 08:44:13 [WARNING] retrying uscan for ffmpeg (attempt #1)
2023-01-25 08:44:18 [WARNING] retrying uscan for zsh (attempt #1)
2023-01-25 08:44:35 [WARNING] retrying uscan for ffmpeg (attempt #2)
2023-01-25 08:44:40 [WARNING] retrying uscan for zsh (attempt #2)
2023-01-25 08:45:00 [WARNING] retrying uscan for ffmpeg (attempt #3)
2023-01-25 08:45:00 [ERROR] failed to update entry for ffmpeg: uscan for ffmpeg failed
2023-01-25 08:45:04 [WARNING] retrying uscan for zsh (attempt #3)
2023-01-25 08:45:04 [ERROR] failed to update entry for zsh: uscan for zsh failed
2023-01-25 08:45:04 [INFO] no updates found
2023-01-25 08:45:04 [ERROR] failed: ffmpeg, zsh
