2023-03-16 13:08:49 [INFO] persisted: Persisted(last_successful_crawls={'ffmpeg': '2023-03-16 12:51:42.252802+00:00', 'golang-defaults': '2023-03-16 12:51:41.276626+00:00', 'python3-defaults': '2023-03-16 12:51:40.324850+00:00', 'rustc': '2023-03-16 12:51:40.549993+00:00', 'zsh': '2023-03-16 12:51:41.136054+00:00'})
2023-03-16 13:08:49 [INFO] config: Config(feed=FeedConfig(base_url='https://release-feeds.zhimingwang.org/', author='release-feeds', aggregate_title='Aggregate software releases'), packages=['ffmpeg', 'golang-defaults', 'python3-defaults', 'rustc', 'zsh'])
2023-03-16 13:08:49 [INFO] GET https://sources.debian.org/api/src/ffmpeg/
2023-03-16 13:08:49 [INFO] GET https://sources.debian.org/api/src/python3-defaults/
2023-03-16 13:08:49 [INFO] GET https://sources.debian.org/api/src/rustc/
2023-03-16 13:08:49 [INFO] GET https://sources.debian.org/api/src/zsh/
2023-03-16 13:08:50 [INFO] GET https://sources.debian.org/api/src/python3-defaults/3.11.2-1/debian/watch
2023-03-16 13:08:50 [INFO] GET https://sources.debian.org/api/src/ffmpeg/7:5.1.2-3/debian/watch
2023-03-16 13:08:50 [INFO] GET https://sources.debian.org/api/src/rustc/1.63.0+dfsg1-2/debian/watch
2023-03-16 13:08:50 [INFO] GET https://sources.debian.org/api/src/zsh/5.9-4/debian/watch
2023-03-16 13:08:50 [INFO] GET https://sources.debian.org/data/main/f/ffmpeg/7%3A5.1.2-3/debian/watch
2023-03-16 13:08:50 [INFO] GET https://sources.debian.org/data/main/p/python3-defaults/3.11.2-1/debian/watch
2023-03-16 13:08:50 [INFO] GET https://sources.debian.org/data/main/r/rustc/1.63.0%2Bdfsg1-2/debian/watch
2023-03-16 13:08:50 [INFO] GET https://sources.debian.org/data/main/z/zsh/5.9-4/debian/watch
2023-03-16 13:08:51 [INFO] python3-defaults 3.11.2: https://www.python.org/ftp/python/3.11.2/Python-3.11.2.tar.xz
2023-03-16 13:08:51 [INFO] rustc 1.68.0: https://static.rust-lang.org/dist/rustc-1.68.0-src.tar.xz
2023-03-16 13:08:51 [INFO] zsh 5.9: https://www.zsh.org/pub/zsh-5.9.tar.xz
2023-03-16 13:08:52 [INFO] golang-defaults 1.20.2: https://golang.org/dl/go1.20.2.src.tar.gz
2023-03-16 13:09:11 [WARNING] retrying uscan for ffmpeg (attempt #1)
2023-03-16 13:09:37 [WARNING] retrying uscan for ffmpeg (attempt #2)
2023-03-16 13:10:02 [WARNING] retrying uscan for ffmpeg (attempt #3)
2023-03-16 13:10:02 [ERROR] failed to update entry for ffmpeg: uscan for ffmpeg failed
2023-03-16 13:10:02 [INFO] no updates found
2023-03-16 13:10:02 [ERROR] failed: ffmpeg
