2023-11-03 18:42:36 [INFO] persisted: Persisted(last_successful_crawls={'ffmpeg': '2023-11-03 18:34:51.795047+00:00', 'golang-defaults': '2023-11-03 18:34:50.825430+00:00', 'python3-defaults': '2023-11-03 18:34:50.488714+00:00', 'rustc': '2023-11-03 18:34:50.776043+00:00', 'zsh': '2023-11-03 18:34:51.043850+00:00'})
2023-11-03 18:42:36 [INFO] config: Config(feed=FeedConfig(base_url='https://release-feeds.zhimingwang.org/', author='release-feeds', aggregate_title='Aggregate software releases'), packages=['ffmpeg', 'golang-defaults', 'python3-defaults', 'rustc', 'zsh'])
2023-11-03 18:42:36 [INFO] GET https://sources.debian.org/api/src/python3-defaults/
2023-11-03 18:42:36 [INFO] GET https://sources.debian.org/api/src/ffmpeg/
2023-11-03 18:42:36 [INFO] GET https://sources.debian.org/api/src/zsh/
2023-11-03 18:42:36 [INFO] GET https://sources.debian.org/api/src/rustc/
2023-11-03 18:42:36 [INFO] GET https://sources.debian.org/api/src/ffmpeg/7:6.0-9/debian/watch
2023-11-03 18:42:36 [INFO] GET https://sources.debian.org/api/src/zsh/5.9-5/debian/watch
2023-11-03 18:42:36 [INFO] GET https://sources.debian.org/api/src/rustc/1.70.0+dfsg1-1/debian/watch
2023-11-03 18:42:36 [INFO] GET https://sources.debian.org/api/src/python3-defaults/3.11.4-5/debian/watch
2023-11-03 18:42:37 [INFO] golang-defaults 1.21.3: https://golang.org/dl/go1.21.3.src.tar.gz
2023-11-03 18:42:37 [INFO] GET https://sources.debian.org/data/main/z/zsh/5.9-5/debian/watch
2023-11-03 18:42:37 [INFO] GET https://sources.debian.org/data/main/f/ffmpeg/7%3A6.0-9/debian/watch
2023-11-03 18:42:37 [INFO] GET https://sources.debian.org/data/main/r/rustc/1.70.0%2Bdfsg1-1/debian/watch
2023-11-03 18:42:37 [INFO] GET https://sources.debian.org/data/main/p/python3-defaults/3.11.4-5/debian/watch
2023-11-03 18:42:38 [INFO] rustc 1.73.0: https://static.rust-lang.org/dist/rustc-1.73.0-src.tar.xz
2023-11-03 18:42:38 [INFO] python3-defaults 3.12.0: https://www.python.org/ftp/python/3.12.0/Python-3.12.0.tar.xz
2023-11-03 18:42:38 [INFO] zsh 5.9: https://www.zsh.org/pub/zsh-5.9.tar.xz
2023-11-03 18:42:39 [INFO] ffmpeg 6.0: https://ffmpeg.org/releases/ffmpeg-6.0.tar.xz
2023-11-03 18:42:39 [INFO] no updates found
