2023-10-23 11:14:54 [INFO] persisted: Persisted(last_successful_crawls={'ffmpeg': '2023-10-23 11:03:36.867020+00:00', 'golang-defaults': '2023-10-23 11:03:36.149628+00:00', 'python3-defaults': '2023-10-23 11:03:35.596701+00:00', 'rustc': '2023-10-23 11:03:35.660394+00:00', 'zsh': '2023-10-23 11:03:36.061053+00:00'})
2023-10-23 11:14:54 [INFO] config: Config(feed=FeedConfig(base_url='https://release-feeds.zhimingwang.org/', author='release-feeds', aggregate_title='Aggregate software releases'), packages=['ffmpeg', 'golang-defaults', 'python3-defaults', 'rustc', 'zsh'])
2023-10-23 11:14:54 [INFO] GET https://sources.debian.org/api/src/ffmpeg/
2023-10-23 11:14:54 [INFO] GET https://sources.debian.org/api/src/python3-defaults/
2023-10-23 11:14:54 [INFO] GET https://sources.debian.org/api/src/rustc/
2023-10-23 11:14:54 [INFO] GET https://sources.debian.org/api/src/zsh/
2023-10-23 11:14:55 [WARNING] retrying uscan for golang-defaults (attempt #1)
2023-10-23 11:14:55 [INFO] GET https://sources.debian.org/api/src/zsh/5.9-5/debian/watch
2023-10-23 11:14:55 [INFO] GET https://sources.debian.org/api/src/python3-defaults/3.11.4-5/debian/watch
2023-10-23 11:14:55 [INFO] GET https://sources.debian.org/api/src/rustc/1.70.0+dfsg1-1/debian/watch
2023-10-23 11:14:55 [INFO] GET https://sources.debian.org/api/src/ffmpeg/7:6.0-7/debian/watch
2023-10-23 11:14:55 [INFO] GET https://sources.debian.org/data/main/p/python3-defaults/3.11.4-5/debian/watch
2023-10-23 11:14:55 [INFO] GET https://sources.debian.org/data/main/f/ffmpeg/7%3A6.0-7/debian/watch
2023-10-23 11:14:55 [INFO] GET https://sources.debian.org/data/main/z/zsh/5.9-5/debian/watch
2023-10-23 11:14:55 [INFO] GET https://sources.debian.org/data/main/r/rustc/1.70.0%2Bdfsg1-1/debian/watch
2023-10-23 11:14:56 [INFO] python3-defaults 3.12.0: https://www.python.org/ftp/python/3.12.0/Python-3.12.0.tar.xz
2023-10-23 11:14:56 [INFO] rustc 1.73.0: https://static.rust-lang.org/dist/rustc-1.73.0-src.tar.xz
2023-10-23 11:14:56 [INFO] zsh 5.9: https://www.zsh.org/pub/zsh-5.9.tar.xz
2023-10-23 11:14:57 [INFO] ffmpeg 6.0: https://ffmpeg.org/releases/ffmpeg-6.0.tar.xz
2023-10-23 11:14:57 [WARNING] retrying uscan for golang-defaults (attempt #2)
2023-10-23 11:15:01 [WARNING] retrying uscan for golang-defaults (attempt #3)
2023-10-23 11:15:01 [ERROR] failed to update entry for golang-defaults: uscan for golang-defaults failed
2023-10-23 11:15:01 [INFO] no updates found
2023-10-23 11:15:01 [ERROR] failed: golang-defaults
