2023-11-08 06:27:06 [INFO] persisted: Persisted(last_successful_crawls={'ffmpeg': '2023-11-08 06:17:11.872123+00:00', 'golang-defaults': '2023-11-08 06:16:38.652691+00:00', 'python3-defaults': '2023-11-08 06:16:38.168503+00:00', 'rustc': '2023-11-08 06:16:38.309446+00:00', 'zsh': '2023-11-08 06:16:39.040960+00:00'})
2023-11-08 06:27:06 [INFO] config: Config(feed=FeedConfig(base_url='https://release-feeds.zhimingwang.org/', author='release-feeds', aggregate_title='Aggregate software releases'), packages=['ffmpeg', 'golang-defaults', 'python3-defaults', 'rustc', 'zsh'])
2023-11-08 06:27:06 [INFO] GET https://sources.debian.org/api/src/ffmpeg/
2023-11-08 06:27:06 [INFO] GET https://sources.debian.org/api/src/zsh/
2023-11-08 06:27:06 [INFO] GET https://sources.debian.org/api/src/rustc/
2023-11-08 06:27:06 [INFO] GET https://sources.debian.org/api/src/python3-defaults/
2023-11-08 06:27:07 [INFO] GET https://sources.debian.org/api/src/python3-defaults/3.11.4-5/debian/watch
2023-11-08 06:27:07 [INFO] GET https://sources.debian.org/api/src/rustc/1.70.0+dfsg1-1/debian/watch
2023-11-08 06:27:07 [INFO] GET https://sources.debian.org/api/src/ffmpeg/7:6.0-9/debian/watch
2023-11-08 06:27:07 [INFO] GET https://sources.debian.org/api/src/zsh/5.9-5/debian/watch
2023-11-08 06:27:07 [INFO] GET https://sources.debian.org/data/main/p/python3-defaults/3.11.4-5/debian/watch
2023-11-08 06:27:07 [INFO] GET https://sources.debian.org/data/main/r/rustc/1.70.0%2Bdfsg1-1/debian/watch
2023-11-08 06:27:07 [INFO] GET https://sources.debian.org/data/main/f/ffmpeg/7%3A6.0-9/debian/watch
2023-11-08 06:27:07 [INFO] GET https://sources.debian.org/data/main/z/zsh/5.9-5/debian/watch
2023-11-08 06:27:08 [INFO] python3-defaults 3.12.0: https://www.python.org/ftp/python/3.12.0/Python-3.12.0.tar.xz
2023-11-08 06:27:08 [INFO] rustc 1.73.0: https://static.rust-lang.org/dist/rustc-1.73.0-src.tar.xz
2023-11-08 06:27:08 [INFO] zsh 5.9: https://www.zsh.org/pub/zsh-5.9.tar.xz
2023-11-08 06:27:08 [INFO] golang-defaults 1.21.4: https://golang.org/dl/go1.21.4.src.tar.gz
2023-11-08 06:27:28 [WARNING] retrying uscan for ffmpeg (attempt #1)
2023-11-08 06:27:54 [WARNING] retrying uscan for ffmpeg (attempt #2)
2023-11-08 06:28:00 [WARNING] retrying uscan for ffmpeg (attempt #3)
2023-11-08 06:28:00 [ERROR] failed to update entry for ffmpeg: uscan for ffmpeg failed
2023-11-08 06:28:00 [INFO] no updates found
2023-11-08 06:28:00 [ERROR] failed: ffmpeg
