2023-04-05 08:44:59 [INFO] persisted: Persisted(last_successful_crawls={'ffmpeg': '2023-04-05 08:37:45.590267+00:00', 'golang-defaults': '2023-04-05 08:37:43.895473+00:00', 'python3-defaults': '2023-04-05 08:37:44.112649+00:00', 'rustc': '2023-04-05 08:37:44.295062+00:00', 'zsh': '2023-04-05 08:37:44.762108+00:00'})
2023-04-05 08:44:59 [INFO] config: Config(feed=FeedConfig(base_url='https://release-feeds.zhimingwang.org/', author='release-feeds', aggregate_title='Aggregate software releases'), packages=['ffmpeg', 'golang-defaults', 'python3-defaults', 'rustc', 'zsh'])
2023-04-05 08:44:59 [INFO] GET https://sources.debian.org/api/src/ffmpeg/
2023-04-05 08:44:59 [INFO] GET https://sources.debian.org/api/src/python3-defaults/
2023-04-05 08:44:59 [INFO] GET https://sources.debian.org/api/src/rustc/
2023-04-05 08:44:59 [INFO] GET https://sources.debian.org/api/src/zsh/
2023-04-05 08:45:00 [INFO] GET https://sources.debian.org/api/src/python3-defaults/3.11.2-1/debian/watch
2023-04-05 08:45:00 [INFO] GET https://sources.debian.org/api/src/rustc/1.63.0+dfsg1-2/debian/watch
2023-04-05 08:45:00 [INFO] GET https://sources.debian.org/api/src/zsh/5.9-4/debian/watch
2023-04-05 08:45:00 [INFO] GET https://sources.debian.org/api/src/ffmpeg/7:5.1.2-3/debian/watch
2023-04-05 08:45:00 [INFO] GET https://sources.debian.org/data/main/p/python3-defaults/3.11.2-1/debian/watch
2023-04-05 08:45:00 [INFO] GET https://sources.debian.org/data/main/r/rustc/1.63.0%2Bdfsg1-2/debian/watch
2023-04-05 08:45:00 [INFO] GET https://sources.debian.org/data/main/f/ffmpeg/7%3A5.1.2-3/debian/watch
2023-04-05 08:45:00 [INFO] GET https://sources.debian.org/data/main/z/zsh/5.9-4/debian/watch
2023-04-05 08:45:01 [INFO] python3-defaults 3.11.2: https://www.python.org/ftp/python/3.11.2/Python-3.11.2.tar.xz
2023-04-05 08:45:01 [INFO] rustc 1.68.2: https://static.rust-lang.org/dist/rustc-1.68.2-src.tar.xz
2023-04-05 08:45:01 [INFO] zsh 5.9: https://www.zsh.org/pub/zsh-5.9.tar.xz
2023-04-05 08:45:01 [INFO] golang-defaults 1.20.3: https://golang.org/dl/go1.20.3.src.tar.gz
2023-04-05 08:45:02 [INFO] ffmpeg 6.0: https://ffmpeg.org/releases/ffmpeg-6.0.tar.xz
2023-04-05 08:45:02 [INFO] no updates found
