2023-04-22 13:05:55 [INFO] persisted: Persisted(last_successful_crawls={'ffmpeg': '2023-04-22 12:57:20.986614+00:00', 'golang-defaults': '2023-04-22 12:57:20.396909+00:00', 'python3-defaults': '2023-04-22 12:57:20.092660+00:00', 'rustc': '2023-04-22 12:57:19.986704+00:00', 'zsh': '2023-04-22 12:57:20.293845+00:00'})
2023-04-22 13:05:55 [INFO] config: Config(feed=FeedConfig(base_url='https://release-feeds.zhimingwang.org/', author='release-feeds', aggregate_title='Aggregate software releases'), packages=['ffmpeg', 'golang-defaults', 'python3-defaults', 'rustc', 'zsh'])
2023-04-22 13:05:55 [INFO] GET https://sources.debian.org/api/src/ffmpeg/
2023-04-22 13:05:55 [INFO] GET https://sources.debian.org/api/src/python3-defaults/
2023-04-22 13:05:55 [INFO] GET https://sources.debian.org/api/src/rustc/
2023-04-22 13:05:55 [INFO] GET https://sources.debian.org/api/src/zsh/
2023-04-22 13:05:55 [INFO] GET https://sources.debian.org/api/src/python3-defaults/3.11.2-1/debian/watch
2023-04-22 13:05:55 [INFO] GET https://sources.debian.org/api/src/rustc/1.63.0+dfsg1-2/debian/watch
2023-04-22 13:05:55 [INFO] GET https://sources.debian.org/api/src/ffmpeg/7:5.1.3-1/debian/watch
2023-04-22 13:05:55 [INFO] GET https://sources.debian.org/api/src/zsh/5.9-4/debian/watch
2023-04-22 13:05:56 [INFO] GET https://sources.debian.org/data/main/p/python3-defaults/3.11.2-1/debian/watch
2023-04-22 13:05:56 [INFO] GET https://sources.debian.org/data/main/r/rustc/1.63.0%2Bdfsg1-2/debian/watch
2023-04-22 13:05:56 [INFO] GET https://sources.debian.org/data/main/f/ffmpeg/7%3A5.1.3-1/debian/watch
2023-04-22 13:05:56 [INFO] GET https://sources.debian.org/data/main/z/zsh/5.9-4/debian/watch
2023-04-22 13:05:56 [INFO] python3-defaults 3.11.3: https://www.python.org/ftp/python/3.11.3/Python-3.11.3.tar.xz
2023-04-22 13:05:56 [INFO] rustc 1.69.0: https://static.rust-lang.org/dist/rustc-1.69.0-src.tar.xz
2023-04-22 13:05:57 [INFO] golang-defaults 1.20.3: https://golang.org/dl/go1.20.3.src.tar.gz
2023-04-22 13:05:58 [INFO] ffmpeg 6.0: https://ffmpeg.org/releases/ffmpeg-6.0.tar.xz
2023-04-22 13:06:16 [WARNING] retrying uscan for zsh (attempt #1)
2023-04-22 13:06:39 [WARNING] retrying uscan for zsh (attempt #2)
2023-04-22 13:07:03 [WARNING] retrying uscan for zsh (attempt #3)
2023-04-22 13:07:03 [ERROR] failed to update entry for zsh: uscan for zsh failed
2023-04-22 13:07:03 [INFO] no updates found
2023-04-22 13:07:03 [ERROR] failed: zsh
