2024-03-27 12:17:55 [INFO] persisted: Persisted(last_successful_crawls={'ffmpeg': '2024-03-27 12:05:17.341053+00:00', 'golang-defaults': '2024-03-27 12:05:18.150803+00:00', 'python3-defaults': '2024-03-27 12:05:16.936131+00:00', 'rustc': '2024-03-27 12:05:16.930596+00:00', 'zsh': '2024-03-27 12:05:16.946396+00:00'})
2024-03-27 12:17:55 [INFO] config: Config(feed=FeedConfig(base_url='https://release-feeds.zhimingwang.org/', author='release-feeds', aggregate_title='Aggregate software releases'), packages=['ffmpeg', 'golang-defaults', 'python3-defaults', 'rustc', 'zsh'])
2024-03-27 12:17:55 [INFO] GET https://sources.debian.org/api/src/zsh/
2024-03-27 12:17:55 [INFO] GET https://sources.debian.org/api/src/python3-defaults/
2024-03-27 12:17:55 [INFO] GET https://sources.debian.org/api/src/ffmpeg/
2024-03-27 12:17:55 [INFO] GET https://sources.debian.org/api/src/rustc/
2024-03-27 12:17:55 [INFO] GET https://sources.debian.org/api/src/python3-defaults/3.11.8-1/debian/watch
2024-03-27 12:17:55 [INFO] GET https://sources.debian.org/api/src/rustc/1.70.0+dfsg1-9/debian/watch
2024-03-27 12:17:56 [INFO] GET https://sources.debian.org/api/src/zsh/5.9-6/debian/watch
2024-03-27 12:17:56 [INFO] GET https://sources.debian.org/api/src/ffmpeg/7:6.1.1-3/debian/watch
2024-03-27 12:17:56 [INFO] GET https://sources.debian.org/data/main/p/python3-defaults/3.11.8-1/debian/watch
2024-03-27 12:17:56 [INFO] GET https://sources.debian.org/data/main/r/rustc/1.70.0%2Bdfsg1-9/debian/watch
2024-03-27 12:17:56 [INFO] GET https://sources.debian.org/data/main/z/zsh/5.9-6/debian/watch
2024-03-27 12:17:56 [INFO] GET https://sources.debian.org/data/main/f/ffmpeg/7%3A6.1.1-3/debian/watch
2024-03-27 12:17:57 [INFO] python3-defaults 3.12.2: https://www.python.org/ftp/python/3.12.2/Python-3.12.2.tar.xz
2024-03-27 12:17:57 [INFO] rustc 1.77.0: https://static.rust-lang.org/dist/rustc-1.77.0-src.tar.xz
2024-03-27 12:17:57 [INFO] golang-defaults 1.22.1: https://golang.org/dl/go1.22.1.src.tar.gz
2024-03-27 12:17:58 [INFO] ffmpeg 6.1.1: https://ffmpeg.org/releases/ffmpeg-6.1.1.tar.xz
2024-03-27 12:18:17 [WARNING] retrying uscan for zsh (attempt #1)
2024-03-27 12:18:39 [WARNING] retrying uscan for zsh (attempt #2)
2024-03-27 12:19:03 [WARNING] retrying uscan for zsh (attempt #3)
2024-03-27 12:19:03 [ERROR] failed to update entry for zsh: uscan for zsh failed
2024-03-27 12:19:03 [INFO] no updates found
2024-03-27 12:19:03 [ERROR] failed: zsh
