2024-01-27 08:32:42 [INFO] persisted: Persisted(last_successful_crawls={'ffmpeg': '2024-01-27 08:24:29.271522+00:00', 'golang-defaults': '2024-01-27 08:24:28.265898+00:00', 'python3-defaults': '2024-01-27 08:24:27.988171+00:00', 'rustc': '2024-01-27 08:24:28.220351+00:00', 'zsh': '2024-01-27 08:24:28.641643+00:00'})
2024-01-27 08:32:42 [INFO] config: Config(feed=FeedConfig(base_url='https://release-feeds.zhimingwang.org/', author='release-feeds', aggregate_title='Aggregate software releases'), packages=['ffmpeg', 'golang-defaults', 'python3-defaults', 'rustc', 'zsh'])
2024-01-27 08:32:42 [INFO] GET https://sources.debian.org/api/src/ffmpeg/
2024-01-27 08:32:42 [INFO] GET https://sources.debian.org/api/src/rustc/
2024-01-27 08:32:42 [INFO] GET https://sources.debian.org/api/src/python3-defaults/
2024-01-27 08:32:42 [INFO] GET https://sources.debian.org/api/src/zsh/
2024-01-27 08:32:42 [INFO] GET https://sources.debian.org/api/src/rustc/1.70.0+dfsg1-5/debian/watch
2024-01-27 08:32:43 [INFO] GET https://sources.debian.org/api/src/python3-defaults/3.11.6-1/debian/watch
2024-01-27 08:32:43 [INFO] GET https://sources.debian.org/api/src/zsh/5.9-6/debian/watch
2024-01-27 08:32:43 [INFO] GET https://sources.debian.org/api/src/ffmpeg/7:6.1.1-1/debian/watch
2024-01-27 08:32:43 [INFO] GET https://sources.debian.org/data/main/r/rustc/1.70.0%2Bdfsg1-5/debian/watch
2024-01-27 08:32:43 [INFO] GET https://sources.debian.org/data/main/p/python3-defaults/3.11.6-1/debian/watch
2024-01-27 08:32:43 [INFO] GET https://sources.debian.org/data/main/f/ffmpeg/7%3A6.1.1-1/debian/watch
2024-01-27 08:32:43 [INFO] GET https://sources.debian.org/data/main/z/zsh/5.9-6/debian/watch
2024-01-27 08:32:43 [INFO] python3-defaults 3.12.1: https://www.python.org/ftp/python/3.12.1/Python-3.12.1.tar.xz
2024-01-27 08:32:43 [INFO] rustc 1.75.0: https://static.rust-lang.org/dist/rustc-1.75.0-src.tar.xz
2024-01-27 08:32:44 [INFO] zsh 5.9: https://www.zsh.org/pub/zsh-5.9.tar.xz
2024-01-27 08:32:45 [INFO] ffmpeg 6.1.1: https://ffmpeg.org/releases/ffmpeg-6.1.1.tar.xz
2024-01-27 08:33:03 [WARNING] retrying uscan for golang-defaults (attempt #1)
2024-01-27 08:33:05 [WARNING] retrying uscan for golang-defaults (attempt #2)
2024-01-27 08:33:09 [WARNING] retrying uscan for golang-defaults (attempt #3)
2024-01-27 08:33:09 [ERROR] failed to update entry for golang-defaults: uscan for golang-defaults failed
2024-01-27 08:33:09 [INFO] no updates found
2024-01-27 08:33:09 [ERROR] failed: golang-defaults
