2024-10-27 03:45:22 [INFO] persisted: Persisted(last_successful_crawls={'ffmpeg': '2024-10-27 03:05:06.678515+00:00', 'golang-defaults': '2024-10-27 03:05:05.402928+00:00', 'python3-defaults': '2024-10-27 03:05:04.792812+00:00', 'rustc': '2024-10-27 03:05:05.029165+00:00', 'zsh': '2024-10-27 03:05:05.441948+00:00'})
2024-10-27 03:45:22 [INFO] config: Config(feed=FeedConfig(base_url='https://release-feeds.zhimingwang.org/', author='release-feeds', aggregate_title='Aggregate software releases'), packages=['ffmpeg', 'golang-defaults', 'python3-defaults', 'rustc', 'zsh'])
2024-10-27 03:45:22 [INFO] GET https://sources.debian.org/api/src/rustc/
2024-10-27 03:45:22 [INFO] GET https://sources.debian.org/api/src/ffmpeg/
2024-10-27 03:45:22 [INFO] GET https://sources.debian.org/api/src/zsh/
2024-10-27 03:45:22 [INFO] GET https://sources.debian.org/api/src/python3-defaults/
2024-10-27 03:45:22 [INFO] GET https://sources.debian.org/api/src/zsh/5.9-8/debian/watch
2024-10-27 03:45:22 [INFO] GET https://sources.debian.org/api/src/python3-defaults/3.12.6-1/debian/watch
2024-10-27 03:45:22 [INFO] GET https://sources.debian.org/api/src/ffmpeg/7:7.0.2-3/debian/watch
2024-10-27 03:45:22 [INFO] GET https://sources.debian.org/api/src/rustc/1.82.0+dfsg1-1/debian/watch
2024-10-27 03:45:23 [INFO] GET https://sources.debian.org/data/main/p/python3-defaults/3.12.6-1/debian/watch
2024-10-27 03:45:23 [INFO] GET https://sources.debian.org/data/main/r/rustc/1.82.0%2Bdfsg1-1/debian/watch
2024-10-27 03:45:23 [INFO] GET https://sources.debian.org/data/main/f/ffmpeg/7%3A7.0.2-3/debian/watch
2024-10-27 03:45:23 [INFO] GET https://sources.debian.org/data/main/z/zsh/5.9-8/debian/watch
2024-10-27 03:45:23 [INFO] python3-defaults 3.13.0: https://www.python.org/ftp/python/3.13.0/Python-3.13.0.tar.xz
2024-10-27 03:45:23 [INFO] rustc 1.82.0: https://static.rust-lang.org/dist/rustc-1.82.0-src.tar.xz
2024-10-27 03:45:24 [INFO] zsh 5.9: https://www.zsh.org/pub/zsh-5.9.tar.xz
2024-10-27 03:45:24 [INFO] golang-defaults 1.23.2: https://golang.org/dl/go1.23.2.src.tar.gz
2024-10-27 03:45:43 [WARNING] retrying uscan for ffmpeg (attempt #1)
2024-10-27 03:46:14 [WARNING] retrying uscan for ffmpeg (attempt #2)
2024-10-27 03:46:42 [WARNING] retrying uscan for ffmpeg (attempt #3)
2024-10-27 03:46:42 [ERROR] failed to update entry for ffmpeg: uscan for ffmpeg failed
2024-10-27 03:46:42 [INFO] no updates found
2024-10-27 03:46:42 [ERROR] failed: ffmpeg
