2024-11-17 05:28:45 [INFO] persisted: Persisted(last_successful_crawls={'ffmpeg': '2024-11-17 04:54:04.504661+00:00', 'golang-defaults': '2024-11-17 04:54:03.047836+00:00', 'python3-defaults': '2024-11-17 04:54:01.371435+00:00', 'rustc': '2024-11-17 04:54:01.528794+00:00', 'zsh': '2024-11-17 04:54:01.873169+00:00'})
2024-11-17 05:28:45 [INFO] config: Config(feed=FeedConfig(base_url='https://release-feeds.zhimingwang.org/', author='release-feeds', aggregate_title='Aggregate software releases'), packages=['ffmpeg', 'golang-defaults', 'python3-defaults', 'rustc', 'zsh'])
2024-11-17 05:28:45 [INFO] GET https://sources.debian.org/api/src/ffmpeg/
2024-11-17 05:28:45 [INFO] GET https://sources.debian.org/api/src/rustc/
2024-11-17 05:28:45 [INFO] GET https://sources.debian.org/api/src/zsh/
2024-11-17 05:28:45 [INFO] GET https://sources.debian.org/api/src/python3-defaults/
2024-11-17 05:28:46 [INFO] GET https://sources.debian.org/api/src/python3-defaults/3.12.7-1/debian/watch
2024-11-17 05:28:46 [INFO] GET https://sources.debian.org/api/src/rustc/1.82.0+dfsg1-2/debian/watch
2024-11-17 05:28:46 [INFO] GET https://sources.debian.org/api/src/ffmpeg/7:7.1-3/debian/watch
2024-11-17 05:28:46 [INFO] GET https://sources.debian.org/api/src/zsh/5.9-8/debian/watch
2024-11-17 05:28:46 [INFO] GET https://sources.debian.org/data/main/p/python3-defaults/3.12.7-1/debian/watch
2024-11-17 05:28:46 [INFO] GET https://sources.debian.org/data/main/r/rustc/1.82.0%2Bdfsg1-2/debian/watch
2024-11-17 05:28:46 [INFO] GET https://sources.debian.org/data/main/f/ffmpeg/7%3A7.1-3/debian/watch
2024-11-17 05:28:46 [INFO] GET https://sources.debian.org/data/main/z/zsh/5.9-8/debian/watch
2024-11-17 05:28:46 [INFO] python3-defaults 3.13.0: https://www.python.org/ftp/python/3.13.0/Python-3.13.0.tar.xz
2024-11-17 05:28:46 [INFO] rustc 1.82.0: https://static.rust-lang.org/dist/rustc-1.82.0-src.tar.xz
2024-11-17 05:28:47 [INFO] zsh 5.9: https://www.zsh.org/pub/zsh-5.9.tar.xz
2024-11-17 05:28:48 [INFO] golang-defaults 1.23.3: https://golang.org/dl/go1.23.3.src.tar.gz
2024-11-17 05:29:06 [WARNING] retrying uscan for ffmpeg (attempt #1)
2024-11-17 05:29:29 [WARNING] retrying uscan for ffmpeg (attempt #2)
2024-11-17 05:29:54 [WARNING] retrying uscan for ffmpeg (attempt #3)
2024-11-17 05:29:54 [ERROR] failed to update entry for ffmpeg: uscan for ffmpeg failed
2024-11-17 05:29:54 [INFO] no updates found
2024-11-17 05:29:54 [ERROR] failed: ffmpeg
