2024-10-20 04:38:53 [INFO] persisted: Persisted(last_successful_crawls={'ffmpeg': '2024-10-20 03:52:53.636064+00:00', 'golang-defaults': '2024-10-20 03:52:51.808155+00:00', 'python3-defaults': '2024-10-20 03:52:51.085570+00:00', 'rustc': '2024-10-20 03:52:51.100360+00:00', 'zsh': '2024-10-20 03:52:51.750342+00:00'})
2024-10-20 04:38:53 [INFO] config: Config(feed=FeedConfig(base_url='https://release-feeds.zhimingwang.org/', author='release-feeds', aggregate_title='Aggregate software releases'), packages=['ffmpeg', 'golang-defaults', 'python3-defaults', 'rustc', 'zsh'])
2024-10-20 04:38:53 [INFO] GET https://sources.debian.org/api/src/ffmpeg/
2024-10-20 04:38:53 [INFO] GET https://sources.debian.org/api/src/zsh/
2024-10-20 04:38:53 [INFO] GET https://sources.debian.org/api/src/rustc/
2024-10-20 04:38:53 [INFO] GET https://sources.debian.org/api/src/python3-defaults/
2024-10-20 04:38:53 [INFO] GET https://sources.debian.org/api/src/python3-defaults/3.12.6-1/debian/watch
2024-10-20 04:38:53 [INFO] GET https://sources.debian.org/api/src/ffmpeg/7:7.0.2-3/debian/watch
2024-10-20 04:38:53 [INFO] GET https://sources.debian.org/api/src/rustc/1.81.0+dfsg1-2/debian/watch
2024-10-20 04:38:53 [INFO] GET https://sources.debian.org/api/src/zsh/5.9-8/debian/watch
2024-10-20 04:38:53 [INFO] GET https://sources.debian.org/data/main/p/python3-defaults/3.12.6-1/debian/watch
2024-10-20 04:38:53 [INFO] GET https://sources.debian.org/data/main/f/ffmpeg/7%3A7.0.2-3/debian/watch
2024-10-20 04:38:53 [INFO] GET https://sources.debian.org/data/main/r/rustc/1.81.0%2Bdfsg1-2/debian/watch
2024-10-20 04:38:53 [INFO] GET https://sources.debian.org/data/main/z/zsh/5.9-8/debian/watch
2024-10-20 04:38:54 [INFO] python3-defaults 3.13.0: https://www.python.org/ftp/python/3.13.0/Python-3.13.0.tar.xz
2024-10-20 04:38:54 [INFO] rustc 1.82.0: https://static.rust-lang.org/dist/rustc-1.82.0-src.tar.xz
2024-10-20 04:38:54 [INFO] zsh 5.9: https://www.zsh.org/pub/zsh-5.9.tar.xz
2024-10-20 04:38:55 [INFO] golang-defaults 1.23.2: https://golang.org/dl/go1.23.2.src.tar.gz
2024-10-20 04:39:14 [WARNING] retrying uscan for ffmpeg (attempt #1)
2024-10-20 04:39:39 [WARNING] retrying uscan for ffmpeg (attempt #2)
2024-10-20 04:40:04 [WARNING] retrying uscan for ffmpeg (attempt #3)
2024-10-20 04:40:04 [ERROR] failed to update entry for ffmpeg: uscan for ffmpeg failed
2024-10-20 04:40:04 [INFO] no updates found
2024-10-20 04:40:04 [ERROR] failed: ffmpeg
