2024-08-02 13:10:21 [INFO] persisted: Persisted(last_successful_crawls={'ffmpeg': '2024-08-02 12:59:36.202568+00:00', 'golang-defaults': '2024-08-02 12:59:34.793216+00:00', 'python3-defaults': '2024-08-02 12:59:34.639704+00:00', 'rustc': '2024-08-02 12:59:42.118155+00:00', 'zsh': '2024-08-02 12:59:35.329365+00:00'})
2024-08-02 13:10:21 [INFO] config: Config(feed=FeedConfig(base_url='https://release-feeds.zhimingwang.org/', author='release-feeds', aggregate_title='Aggregate software releases'), packages=['ffmpeg', 'golang-defaults', 'python3-defaults', 'rustc', 'zsh'])
2024-08-02 13:10:21 [INFO] GET https://sources.debian.org/api/src/ffmpeg/
2024-08-02 13:10:21 [INFO] GET https://sources.debian.org/api/src/zsh/
2024-08-02 13:10:21 [INFO] GET https://sources.debian.org/api/src/rustc/
2024-08-02 13:10:21 [INFO] GET https://sources.debian.org/api/src/python3-defaults/
2024-08-02 13:10:21 [INFO] GET https://sources.debian.org/api/src/python3-defaults/3.12.4-1/debian/watch
2024-08-02 13:10:21 [INFO] GET https://sources.debian.org/api/src/ffmpeg/7:7.0.1-5/debian/watch
2024-08-02 13:10:21 [INFO] GET https://sources.debian.org/api/src/zsh/5.9-6/debian/watch
2024-08-02 13:10:21 [INFO] GET https://sources.debian.org/api/src/rustc/1.79.0+dfsg1-2/debian/watch
2024-08-02 13:10:21 [INFO] GET https://sources.debian.org/data/main/p/python3-defaults/3.12.4-1/debian/watch
2024-08-02 13:10:21 [INFO] GET https://sources.debian.org/data/main/r/rustc/1.79.0%2Bdfsg1-2/debian/watch
2024-08-02 13:10:21 [INFO] GET https://sources.debian.org/data/main/f/ffmpeg/7%3A7.0.1-5/debian/watch
2024-08-02 13:10:21 [INFO] GET https://sources.debian.org/data/main/z/zsh/5.9-6/debian/watch
2024-08-02 13:10:22 [INFO] python3-defaults 3.12.4: https://www.python.org/ftp/python/3.12.4/Python-3.12.4.tar.xz
2024-08-02 13:10:22 [INFO] golang-defaults 1.22.5: https://golang.org/dl/go1.22.5.src.tar.gz
2024-08-02 13:10:22 [INFO] zsh 5.9: https://www.zsh.org/pub/zsh-5.9.tar.xz
2024-08-02 13:10:29 [INFO] rustc 1.79.0: https://static.rust-lang.org/dist/2024-06-13/rustc-1.79.0-src.tar.xz
2024-08-02 13:10:42 [WARNING] retrying uscan for ffmpeg (attempt #1)
2024-08-02 13:10:45 [WARNING] retrying uscan for ffmpeg (attempt #2)
2024-08-02 13:10:49 [WARNING] retrying uscan for ffmpeg (attempt #3)
2024-08-02 13:10:49 [ERROR] failed to update entry for ffmpeg: uscan for ffmpeg failed
2024-08-02 13:10:49 [INFO] no updates found
2024-08-02 13:10:49 [ERROR] failed: ffmpeg
