2024-04-13 07:33:13 [INFO] persisted: Persisted(last_successful_crawls={'ffmpeg': '2024-04-13 06:42:38.280580+00:00', 'golang-defaults': '2024-04-13 06:42:37.460118+00:00', 'python3-defaults': '2024-04-13 06:42:37.037870+00:00', 'rustc': '2024-04-13 06:42:37.137699+00:00', 'zsh': '2024-04-13 06:42:37.487067+00:00'})
2024-04-13 07:33:13 [INFO] config: Config(feed=FeedConfig(base_url='https://release-feeds.zhimingwang.org/', author='release-feeds', aggregate_title='Aggregate software releases'), packages=['ffmpeg', 'golang-defaults', 'python3-defaults', 'rustc', 'zsh'])
2024-04-13 07:33:13 [INFO] GET https://sources.debian.org/api/src/rustc/
2024-04-13 07:33:13 [INFO] GET https://sources.debian.org/api/src/zsh/
2024-04-13 07:33:13 [INFO] GET https://sources.debian.org/api/src/python3-defaults/
2024-04-13 07:33:13 [INFO] GET https://sources.debian.org/api/src/ffmpeg/
2024-04-13 07:33:14 [INFO] GET https://sources.debian.org/api/src/python3-defaults/3.11.8-1/debian/watch
2024-04-13 07:33:14 [INFO] GET https://sources.debian.org/api/src/zsh/5.9-6/debian/watch
2024-04-13 07:33:14 [INFO] GET https://sources.debian.org/api/src/rustc/1.70.0+dfsg1-9/debian/watch
2024-04-13 07:33:14 [INFO] GET https://sources.debian.org/api/src/ffmpeg/7:6.1.1-3/debian/watch
2024-04-13 07:33:14 [INFO] GET https://sources.debian.org/data/main/p/python3-defaults/3.11.8-1/debian/watch
2024-04-13 07:33:14 [INFO] GET https://sources.debian.org/data/main/z/zsh/5.9-6/debian/watch
2024-04-13 07:33:14 [INFO] GET https://sources.debian.org/data/main/r/rustc/1.70.0%2Bdfsg1-9/debian/watch
2024-04-13 07:33:14 [INFO] GET https://sources.debian.org/data/main/f/ffmpeg/7%3A6.1.1-3/debian/watch
2024-04-13 07:33:15 [INFO] python3-defaults 3.12.3: https://www.python.org/ftp/python/3.12.3/Python-3.12.3.tar.xz
2024-04-13 07:33:15 [INFO] rustc 1.77.2: https://static.rust-lang.org/dist/rustc-1.77.2-src.tar.xz
2024-04-13 07:33:15 [INFO] golang-defaults 1.22.2: https://golang.org/dl/go1.22.2.src.tar.gz
2024-04-13 07:33:16 [INFO] ffmpeg 7.0: https://ffmpeg.org/releases/ffmpeg-7.0.tar.xz
2024-04-13 07:33:35 [WARNING] retrying uscan for zsh (attempt #1)
2024-04-13 07:33:57 [WARNING] retrying uscan for zsh (attempt #2)
2024-04-13 07:34:21 [WARNING] retrying uscan for zsh (attempt #3)
2024-04-13 07:34:21 [ERROR] failed to update entry for zsh: uscan for zsh failed
2024-04-13 07:34:21 [INFO] no updates found
2024-04-13 07:34:21 [ERROR] failed: zsh
