2024-12-20 16:04:22 [INFO] persisted: Persisted(last_successful_crawls={'ffmpeg': '2024-12-20 15:52:40.825339+00:00', 'golang-defaults': '2024-12-20 15:52:40.504194+00:00', 'python3-defaults': '2024-12-20 15:52:39.737738+00:00', 'rustc': '2024-12-20 15:52:39.807084+00:00', 'zsh': '2024-12-20 15:52:40.486900+00:00'})
2024-12-20 16:04:22 [INFO] config: Config(feed=FeedConfig(base_url='https://release-feeds.zhimingwang.org/', author='release-feeds', aggregate_title='Aggregate software releases'), packages=['ffmpeg', 'golang-defaults', 'python3-defaults', 'rustc', 'zsh'])
2024-12-20 16:04:22 [INFO] GET https://sources.debian.org/api/src/python3-defaults/
2024-12-20 16:04:22 [INFO] GET https://sources.debian.org/api/src/zsh/
2024-12-20 16:04:22 [INFO] GET https://sources.debian.org/api/src/rustc/
2024-12-20 16:04:22 [INFO] GET https://sources.debian.org/api/src/ffmpeg/
2024-12-20 16:04:22 [INFO] GET https://sources.debian.org/api/src/zsh/5.9-8/debian/watch
2024-12-20 16:04:22 [INFO] GET https://sources.debian.org/api/src/rustc/1.83.0+dfsg1-1/debian/watch
2024-12-20 16:04:22 [INFO] GET https://sources.debian.org/api/src/python3-defaults/3.12.7-1/debian/watch
2024-12-20 16:04:22 [INFO] GET https://sources.debian.org/api/src/ffmpeg/7:7.1-3/debian/watch
2024-12-20 16:04:22 [INFO] GET https://sources.debian.org/data/main/z/zsh/5.9-8/debian/watch
2024-12-20 16:04:22 [INFO] GET https://sources.debian.org/data/main/r/rustc/1.83.0%2Bdfsg1-1/debian/watch
2024-12-20 16:04:22 [INFO] GET https://sources.debian.org/data/main/f/ffmpeg/7%3A7.1-3/debian/watch
2024-12-20 16:04:22 [INFO] GET https://sources.debian.org/data/main/p/python3-defaults/3.12.7-1/debian/watch
2024-12-20 16:04:23 [INFO] python3-defaults 3.13.1: https://www.python.org/ftp/python/3.13.1/Python-3.13.1.tar.xz
2024-12-20 16:04:23 [WARNING] retrying uscan for golang-defaults (attempt #1)
2024-12-20 16:04:23 [INFO] rustc 1.83.0: https://static.rust-lang.org/dist/rustc-1.83.0-src.tar.xz
2024-12-20 16:04:23 [INFO] zsh 5.9: https://www.zsh.org/pub/zsh-5.9.tar.xz
2024-12-20 16:04:24 [INFO] ffmpeg 7.1: https://ffmpeg.org/releases/ffmpeg-7.1.tar.xz
2024-12-20 16:04:25 [WARNING] retrying uscan for golang-defaults (attempt #2)
2024-12-20 16:04:29 [WARNING] retrying uscan for golang-defaults (attempt #3)
2024-12-20 16:04:29 [ERROR] failed to update entry for golang-defaults: uscan for golang-defaults failed
2024-12-20 16:04:29 [INFO] no updates found
2024-12-20 16:04:29 [ERROR] failed: golang-defaults
