2024-04-18 15:04:03 [INFO] persisted: Persisted(last_successful_crawls={'ffmpeg': '2024-04-18 14:52:38.729160+00:00', 'golang-defaults': '2024-04-18 14:52:37.726470+00:00', 'python3-defaults': '2024-04-18 14:52:37.269757+00:00', 'rustc': '2024-04-18 14:52:37.499137+00:00', 'zsh': '2024-04-18 14:52:37.866456+00:00'})
2024-04-18 15:04:03 [INFO] config: Config(feed=FeedConfig(base_url='https://release-feeds.zhimingwang.org/', author='release-feeds', aggregate_title='Aggregate software releases'), packages=['ffmpeg', 'golang-defaults', 'python3-defaults', 'rustc', 'zsh'])
2024-04-18 15:04:03 [INFO] GET https://sources.debian.org/api/src/ffmpeg/
2024-04-18 15:04:03 [INFO] GET https://sources.debian.org/api/src/python3-defaults/
2024-04-18 15:04:03 [INFO] GET https://sources.debian.org/api/src/rustc/
2024-04-18 15:04:03 [INFO] GET https://sources.debian.org/api/src/zsh/
2024-04-18 15:04:03 [INFO] GET https://sources.debian.org/api/src/python3-defaults/3.11.8-1/debian/watch
2024-04-18 15:04:03 [INFO] GET https://sources.debian.org/api/src/rustc/1.70.0+dfsg1-9/debian/watch
2024-04-18 15:04:03 [INFO] GET https://sources.debian.org/api/src/ffmpeg/7:6.1.1-3/debian/watch
2024-04-18 15:04:03 [INFO] GET https://sources.debian.org/api/src/zsh/5.9-6/debian/watch
2024-04-18 15:04:04 [INFO] GET https://sources.debian.org/data/main/r/rustc/1.70.0%2Bdfsg1-9/debian/watch
2024-04-18 15:04:04 [INFO] GET https://sources.debian.org/data/main/p/python3-defaults/3.11.8-1/debian/watch
2024-04-18 15:04:04 [INFO] GET https://sources.debian.org/data/main/z/zsh/5.9-6/debian/watch
2024-04-18 15:04:04 [INFO] GET https://sources.debian.org/data/main/f/ffmpeg/7%3A6.1.1-3/debian/watch
2024-04-18 15:04:04 [INFO] python3-defaults 3.12.3: https://www.python.org/ftp/python/3.12.3/Python-3.12.3.tar.xz
2024-04-18 15:04:04 [INFO] rustc 1.77.2: https://static.rust-lang.org/dist/rustc-1.77.2-src.tar.xz
2024-04-18 15:04:05 [INFO] zsh 5.9: https://www.zsh.org/pub/zsh-5.9.tar.xz
2024-04-18 15:04:05 [INFO] golang-defaults 1.22.2: https://golang.org/dl/go1.22.2.src.tar.gz
2024-04-18 15:04:28 [WARNING] retrying uscan for ffmpeg (attempt #1)
2024-04-18 15:04:33 [WARNING] retrying uscan for ffmpeg (attempt #2)
2024-04-18 15:04:38 [WARNING] retrying uscan for ffmpeg (attempt #3)
2024-04-18 15:04:38 [ERROR] failed to update entry for ffmpeg: uscan for ffmpeg failed
2024-04-18 15:04:38 [INFO] no updates found
2024-04-18 15:04:38 [ERROR] failed: ffmpeg
