2024-10-08 18:04:42 [INFO] persisted: Persisted(last_successful_crawls={'ffmpeg': '2024-10-08 17:52:49.163675+00:00', 'golang-defaults': '2024-10-08 17:52:49.418130+00:00', 'python3-defaults': '2024-10-08 17:52:47.667264+00:00', 'rustc': '2024-10-08 17:52:47.755313+00:00', 'zsh': '2024-10-08 17:52:48.568516+00:00'})
2024-10-08 18:04:42 [INFO] config: Config(feed=FeedConfig(base_url='https://release-feeds.zhimingwang.org/', author='release-feeds', aggregate_title='Aggregate software releases'), packages=['ffmpeg', 'golang-defaults', 'python3-defaults', 'rustc', 'zsh'])
2024-10-08 18:04:42 [INFO] GET https://sources.debian.org/api/src/ffmpeg/
2024-10-08 18:04:42 [INFO] GET https://sources.debian.org/api/src/zsh/
2024-10-08 18:04:42 [INFO] GET https://sources.debian.org/api/src/python3-defaults/
2024-10-08 18:04:42 [INFO] GET https://sources.debian.org/api/src/rustc/
2024-10-08 18:04:42 [INFO] GET https://sources.debian.org/api/src/ffmpeg/7:7.0.2-3/debian/watch
2024-10-08 18:04:42 [INFO] GET https://sources.debian.org/api/src/rustc/1.81.0+dfsg1-1/debian/watch
2024-10-08 18:04:42 [INFO] GET https://sources.debian.org/api/src/python3-defaults/3.12.6-1/debian/watch
2024-10-08 18:04:42 [INFO] GET https://sources.debian.org/api/src/zsh/5.9-8/debian/watch
2024-10-08 18:04:43 [INFO] GET https://sources.debian.org/data/main/r/rustc/1.81.0%2Bdfsg1-1/debian/watch
2024-10-08 18:04:43 [INFO] GET https://sources.debian.org/data/main/f/ffmpeg/7%3A7.0.2-3/debian/watch
2024-10-08 18:04:43 [INFO] GET https://sources.debian.org/data/main/p/python3-defaults/3.12.6-1/debian/watch
2024-10-08 18:04:43 [INFO] GET https://sources.debian.org/data/main/z/zsh/5.9-8/debian/watch
2024-10-08 18:04:43 [INFO] python3-defaults 3.13.0: https://www.python.org/ftp/python/3.13.0/Python-3.13.0.tar.xz
2024-10-08 18:04:43 [INFO] rustc 1.81.0: https://static.rust-lang.org/dist/rustc-1.81.0-src.tar.xz
2024-10-08 18:04:44 [INFO] zsh 5.9: https://www.zsh.org/pub/zsh-5.9.tar.xz
2024-10-08 18:04:45 [INFO] ffmpeg 7.1: https://ffmpeg.org/releases/ffmpeg-7.1.tar.xz
2024-10-08 18:05:03 [WARNING] retrying uscan for golang-defaults (attempt #1)
2024-10-08 18:05:26 [WARNING] retrying uscan for golang-defaults (attempt #2)
2024-10-08 18:05:50 [WARNING] retrying uscan for golang-defaults (attempt #3)
2024-10-08 18:05:50 [ERROR] failed to update entry for golang-defaults: uscan for golang-defaults failed
2024-10-08 18:05:50 [INFO] no updates found
2024-10-08 18:05:50 [ERROR] failed: golang-defaults
