2024-12-29 12:50:04 [INFO] persisted: Persisted(last_successful_crawls={'ffmpeg': '2024-12-29 12:34:19.273608+00:00', 'golang-defaults': '2024-12-29 12:34:17.953757+00:00', 'python3-defaults': '2024-12-29 12:34:17.039054+00:00', 'rustc': '2024-12-29 12:34:17.057894+00:00', 'zsh': '2024-12-29 12:34:17.618157+00:00'})
2024-12-29 12:50:04 [INFO] config: Config(feed=FeedConfig(base_url='https://release-feeds.zhimingwang.org/', author='release-feeds', aggregate_title='Aggregate software releases'), packages=['ffmpeg', 'golang-defaults', 'python3-defaults', 'rustc', 'zsh'])
2024-12-29 12:50:04 [INFO] GET https://sources.debian.org/api/src/ffmpeg/
2024-12-29 12:50:04 [INFO] GET https://sources.debian.org/api/src/python3-defaults/
2024-12-29 12:50:04 [INFO] GET https://sources.debian.org/api/src/rustc/
2024-12-29 12:50:04 [INFO] GET https://sources.debian.org/api/src/zsh/
2024-12-29 12:50:04 [INFO] GET https://sources.debian.org/api/src/rustc/1.83.0+dfsg1-1/debian/watch
2024-12-29 12:50:04 [INFO] GET https://sources.debian.org/api/src/python3-defaults/3.12.8-1/debian/watch
2024-12-29 12:50:04 [INFO] GET https://sources.debian.org/api/src/ffmpeg/7:7.1-3/debian/watch
2024-12-29 12:50:04 [INFO] GET https://sources.debian.org/api/src/zsh/5.9-8/debian/watch
2024-12-29 12:50:04 [INFO] GET https://sources.debian.org/data/main/f/ffmpeg/7%3A7.1-3/debian/watch
2024-12-29 12:50:04 [INFO] GET https://sources.debian.org/data/main/z/zsh/5.9-8/debian/watch
2024-12-29 12:50:04 [INFO] GET https://sources.debian.org/data/main/p/python3-defaults/3.12.8-1/debian/watch
2024-12-29 12:50:04 [INFO] GET https://sources.debian.org/data/main/r/rustc/1.83.0%2Bdfsg1-1/debian/watch
2024-12-29 12:50:05 [INFO] rustc 1.83.0: https://static.rust-lang.org/dist/rustc-1.83.0-src.tar.xz
2024-12-29 12:50:05 [INFO] python3-defaults 3.13.1: https://www.python.org/ftp/python/3.13.1/Python-3.13.1.tar.xz
2024-12-29 12:50:05 [INFO] zsh 5.9: https://www.zsh.org/pub/zsh-5.9.tar.xz
2024-12-29 12:50:05 [INFO] golang-defaults 1.23.4: https://golang.org/dl/go1.23.4.src.tar.gz
2024-12-29 12:50:25 [WARNING] retrying uscan for ffmpeg (attempt #1)
2024-12-29 12:50:48 [WARNING] retrying uscan for ffmpeg (attempt #2)
2024-12-29 12:51:12 [WARNING] retrying uscan for ffmpeg (attempt #3)
2024-12-29 12:51:12 [ERROR] failed to update entry for ffmpeg: uscan for ffmpeg failed
2024-12-29 12:51:12 [INFO] no updates found
2024-12-29 12:51:12 [ERROR] failed: ffmpeg
