2024-05-07 20:42:34 [INFO] persisted: Persisted(last_successful_crawls={'ffmpeg': '2024-05-07 19:42:41.122695+00:00', 'golang-defaults': '2024-05-07 19:42:38.542343+00:00', 'python3-defaults': '2024-05-07 19:42:39.669154+00:00', 'rustc': '2024-05-07 19:42:40.319677+00:00', 'zsh': '2024-05-07 19:42:40.461639+00:00'})
2024-05-07 20:42:34 [INFO] config: Config(feed=FeedConfig(base_url='https://release-feeds.zhimingwang.org/', author='release-feeds', aggregate_title='Aggregate software releases'), packages=['ffmpeg', 'golang-defaults', 'python3-defaults', 'rustc', 'zsh'])
2024-05-07 20:42:34 [INFO] GET https://sources.debian.org/api/src/ffmpeg/
2024-05-07 20:42:34 [INFO] GET https://sources.debian.org/api/src/python3-defaults/
2024-05-07 20:42:34 [INFO] GET https://sources.debian.org/api/src/rustc/
2024-05-07 20:42:34 [INFO] GET https://sources.debian.org/api/src/zsh/
2024-05-07 20:42:35 [INFO] golang-defaults 1.22.3: https://golang.org/dl/go1.22.3.src.tar.gz
2024-05-07 20:42:36 [WARNING] retrying download_watch_file for ffmpeg (attempt #1)
2024-05-07 20:42:36 [WARNING] retrying download_watch_file for python3-defaults (attempt #1)
2024-05-07 20:42:36 [WARNING] retrying download_watch_file for rustc (attempt #1)
2024-05-07 20:42:36 [WARNING] retrying download_watch_file for zsh (attempt #1)
2024-05-07 20:42:38 [INFO] GET https://sources.debian.org/api/src/ffmpeg/
2024-05-07 20:42:38 [INFO] GET https://sources.debian.org/api/src/python3-defaults/
2024-05-07 20:42:38 [INFO] GET https://sources.debian.org/api/src/rustc/
2024-05-07 20:42:38 [INFO] GET https://sources.debian.org/api/src/zsh/
2024-05-07 20:42:40 [WARNING] retrying download_watch_file for rustc (attempt #2)
2024-05-07 20:42:40 [WARNING] retrying download_watch_file for zsh (attempt #2)
2024-05-07 20:42:40 [WARNING] retrying download_watch_file for python3-defaults (attempt #2)
2024-05-07 20:42:40 [WARNING] retrying download_watch_file for ffmpeg (attempt #2)
2024-05-07 20:42:44 [INFO] GET https://sources.debian.org/api/src/rustc/
2024-05-07 20:42:44 [INFO] GET https://sources.debian.org/api/src/zsh/
2024-05-07 20:42:44 [INFO] GET https://sources.debian.org/api/src/python3-defaults/
2024-05-07 20:42:44 [INFO] GET https://sources.debian.org/api/src/ffmpeg/
2024-05-07 20:42:46 [WARNING] retrying download_watch_file for rustc (attempt #3)
2024-05-07 20:42:46 [ERROR] failed to update entry for rustc: no sid version found for rustc: {"package":"rustc","path":"rustc","pathl":[["rustc","/src/rustc/"]],"suite":"","type":"package","versions":[{"area":"main","suites":[],"version":"1.70.0+dfsg2-1"},{"area":"main","suites":[],"version":"1.70.0+dfsg2-1~exp3"},{"area":"main","suites":[],"version":"1.70.0+dfsg2-1~exp2"},{"area":"main","suites":[],"version":"1.70.0+dfsg2-1~exp1"},{"area":"main","suites":["trixie","experimental"],"version":"1.70.0+dfsg1-9"},{"area":"main","suites":["trixie"],"version":"1.70.0+dfsg1-8.1"},{"area":"main","suites":["trixie"],"version":"1.70.0+dfsg1-8"},{"area":"main","suites":["trixie"],"version":"1.70.0+dfsg1-7"},{"area":"main","suites":["trixie"],"version":"1.70.0+dfsg1-6"},{"area":"main","suites":["trixie"],"version":"1.70.0+dfsg1-5"},{"area":"main","suites":["trixie"],"version":"1.70.0+dfsg1-2"},{"area":"main","suites":["trixie"],"version":"1.70.0+dfsg1-1"},{"area":"main","suites":[],"version":"1.66.0+dfsg1-1"},{"area":"main","suites":["bookworm","trixie","bookworm-backports"],"version":"1.63.0+dfsg1-2"},{"area":"main","suites":["bullseye","bullseye-backports"],"version":"1.48.0+dfsg1-2"},{"area":"main","suites":["buster"],"version":"1.41.1+dfsg1-1~deb10u1"},{"area":"main","suites":["buster"],"version":"1.34.2+dfsg1-1"},{"area":"main","suites":["stretch"],"version":"1.34.2+dfsg1-1~deb9u1"}]}

2024-05-07 20:42:46 [WARNING] retrying download_watch_file for zsh (attempt #3)
2024-05-07 20:42:46 [ERROR] failed to update entry for zsh: no sid version found for zsh: {"package":"zsh","path":"zsh","pathl":[["zsh","/src/zsh/"]],"suite":"","type":"package","versions":[{"area":"main","suites":["trixie"],"version":"5.9-6"},{"area":"main","suites":["bookworm","bookworm-proposed-updates"],"version":"5.9-4"},{"area":"main","suites":["bullseye"],"version":"5.8-6+deb11u1"},{"area":"main","suites":["buster"],"version":"5.7.1-1+deb10u1"},{"area":"main","suites":["stretch"],"version":"5.3.1-4"},{"area":"main","suites":["jessie","jessie-kfreebsd"],"version":"5.0.7-5"},{"area":"main","suites":["wheezy"],"version":"4.3.17-1"},{"area":"main","suites":["squeeze"],"version":"4.3.10-14"},{"area":"main","suites":["lenny"],"version":"4.3.6-6"},{"area":"main","suites":["etch","etch-m68k"],"version":"4.3.2-25"},{"area":"main","suites":["sarge"],"version":"4.2.5-7"},{"area":"main","suites":["woody"],"version":"4.0.4-33"},{"area":"main","suites":["potato"],"version":"3.1.9.dev6-7"},{"area":"main","suites":["slink"],"version":"3.1.2-10"},{"area":"main","suites":["hamm"],"version":"3.1.2-8"}]}

2024-05-07 20:42:46 [WARNING] retrying download_watch_file for python3-defaults (attempt #3)
2024-05-07 20:42:46 [WARNING] retrying download_watch_file for ffmpeg (attempt #3)
2024-05-07 20:42:46 [ERROR] failed to update entry for python3-defaults: no sid version found for python3-defaults: {"package":"python3-defaults","path":"python3-defaults","pathl":[["python3-defaults","/src/python3-defaults/"]],"suite":"","type":"package","versions":[{"area":"main","suites":["experimental"],"version":"3.12.1-1"},{"area":"main","suites":["trixie"],"version":"3.11.8-1"},{"area":"main","suites":["bookworm"],"version":"3.11.2-1"},{"area":"main","suites":["bullseye"],"version":"3.9.2-3"},{"area":"main","suites":["buster"],"version":"3.7.3-1"},{"area":"main","suites":["stretch"],"version":"3.5.3-1"},{"area":"main","suites":["jessie","jessie-kfreebsd"],"version":"3.4.2-2"},{"area":"main","suites":["wheezy"],"version":"3.2.3-6"},{"area":"main","suites":["squeeze"],"version":"3.1.3-12+squeeze1"}]}

2024-05-07 20:42:46 [ERROR] failed to update entry for ffmpeg: no sid version found for ffmpeg: {"package":"ffmpeg","path":"ffmpeg","pathl":[["ffmpeg","/src/ffmpeg/"]],"suite":"","type":"package","versions":[{"area":"main","suites":["experimental"],"version":"7:7.0-1"},{"area":"main","suites":["trixie"],"version":"7:6.1.1-4"},{"area":"main","suites":["bookworm"],"version":"7:5.1.4-0+deb12u1"},{"area":"main","suites":["bullseye"],"version":"7:4.3.6-0+deb11u1"},{"area":"main","suites":["buster"],"version":"7:4.1.9-0+deb10u1"},{"area":"main","suites":["stretch"],"version":"7:3.2.14-1~deb9u1"},{"area":"main","suites":["jessie-backports"],"version":"7:3.2.10-1~deb9u1~bpo8+1"},{"area":"main","suites":["jessie-backports"],"version":"7:3.2.5-1~bpo8+1"},{"area":"main","suites":["squeeze-lts"],"version":"4:0.5.10-1+deb6u1"},{"area":"main","suites":["squeeze"],"version":"4:0.5.10-1"},{"area":"main","suites":["etch"],"version":"0.cvs20060823-8+etch1"},{"area":"main","suites":["etch-m68k"],"version":"0.cvs20060823-8"},{"area":"main","suites":["sarge"],"version":"0.cvs20050313-2sarge1"}]}

2024-05-07 20:42:46 [INFO] no updates found
2024-05-07 20:42:46 [ERROR] failed: rustc, zsh, python3-defaults, ffmpeg
