2024-03-09 09:42:41 [INFO] persisted: Persisted(last_successful_crawls={'ffmpeg': '2024-03-09 09:32:55.724200+00:00', 'golang-defaults': '2024-03-09 09:32:54.248911+00:00', 'python3-defaults': '2024-03-09 09:32:54.178124+00:00', 'rustc': '2024-03-09 09:32:54.512070+00:00', 'zsh': '2024-03-09 09:32:54.991698+00:00'})
2024-03-09 09:42:41 [INFO] config: Config(feed=FeedConfig(base_url='https://release-feeds.zhimingwang.org/', author='release-feeds', aggregate_title='Aggregate software releases'), packages=['ffmpeg', 'golang-defaults', 'python3-defaults', 'rustc', 'zsh'])
2024-03-09 09:42:41 [INFO] GET https://sources.debian.org/api/src/zsh/
2024-03-09 09:42:41 [INFO] GET https://sources.debian.org/api/src/python3-defaults/
2024-03-09 09:42:41 [INFO] GET https://sources.debian.org/api/src/ffmpeg/
2024-03-09 09:42:41 [INFO] GET https://sources.debian.org/api/src/rustc/
2024-03-09 09:42:42 [INFO] GET https://sources.debian.org/api/src/zsh/5.9-6/debian/watch
2024-03-09 09:42:42 [INFO] GET https://sources.debian.org/api/src/ffmpeg/7:6.1.1-2/debian/watch
2024-03-09 09:42:42 [INFO] GET https://sources.debian.org/api/src/rustc/1.70.0+dfsg1-7/debian/watch
2024-03-09 09:42:42 [INFO] GET https://sources.debian.org/api/src/python3-defaults/3.11.8-1/debian/watch
2024-03-09 09:42:42 [INFO] GET https://sources.debian.org/data/main/z/zsh/5.9-6/debian/watch
2024-03-09 09:42:42 [INFO] GET https://sources.debian.org/data/main/r/rustc/1.70.0%2Bdfsg1-7/debian/watch
2024-03-09 09:42:42 [INFO] GET https://sources.debian.org/data/main/p/python3-defaults/3.11.8-1/debian/watch
2024-03-09 09:42:42 [INFO] GET https://sources.debian.org/data/main/f/ffmpeg/7%3A6.1.1-2/debian/watch
2024-03-09 09:42:43 [INFO] python3-defaults 3.12.2: https://www.python.org/ftp/python/3.12.2/Python-3.12.2.tar.xz
2024-03-09 09:42:43 [INFO] rustc 1.76.0: https://static.rust-lang.org/dist/rustc-1.76.0-src.tar.xz
2024-03-09 09:42:43 [INFO] golang-defaults 1.22.1: https://golang.org/dl/go1.22.1.src.tar.gz
2024-03-09 09:42:44 [INFO] ffmpeg 6.1.1: https://ffmpeg.org/releases/ffmpeg-6.1.1.tar.xz
2024-03-09 09:43:03 [WARNING] retrying uscan for zsh (attempt #1)
2024-03-09 09:43:25 [WARNING] retrying uscan for zsh (attempt #2)
2024-03-09 09:43:49 [WARNING] retrying uscan for zsh (attempt #3)
2024-03-09 09:43:49 [ERROR] failed to update entry for zsh: uscan for zsh failed
2024-03-09 09:43:49 [INFO] no updates found
2024-03-09 09:43:49 [ERROR] failed: zsh
