2024-08-10 19:42:39 [INFO] persisted: Persisted(last_successful_crawls={'ffmpeg': '2024-08-10 19:22:50.726993+00:00', 'golang-defaults': '2024-08-10 19:22:50.141360+00:00', 'python3-defaults': '2024-08-10 19:22:49.143124+00:00', 'rustc': '2024-08-10 19:22:56.488771+00:00', 'zsh': '2024-08-10 19:22:49.869197+00:00'})
2024-08-10 19:42:39 [INFO] config: Config(feed=FeedConfig(base_url='https://release-feeds.zhimingwang.org/', author='release-feeds', aggregate_title='Aggregate software releases'), packages=['ffmpeg', 'golang-defaults', 'python3-defaults', 'rustc', 'zsh'])
2024-08-10 19:42:39 [INFO] GET https://sources.debian.org/api/src/ffmpeg/
2024-08-10 19:42:39 [INFO] GET https://sources.debian.org/api/src/rustc/
2024-08-10 19:42:39 [INFO] GET https://sources.debian.org/api/src/zsh/
2024-08-10 19:42:39 [INFO] GET https://sources.debian.org/api/src/python3-defaults/
2024-08-10 19:42:40 [INFO] GET https://sources.debian.org/api/src/python3-defaults/3.12.5-1/debian/watch
2024-08-10 19:42:40 [INFO] GET https://sources.debian.org/api/src/zsh/5.9-6/debian/watch
2024-08-10 19:42:40 [INFO] GET https://sources.debian.org/api/src/ffmpeg/7:7.0.2-2/debian/watch
2024-08-10 19:42:40 [INFO] GET https://sources.debian.org/api/src/rustc/1.79.0+dfsg1-2/debian/watch
2024-08-10 19:42:40 [INFO] GET https://sources.debian.org/data/main/p/python3-defaults/3.12.5-1/debian/watch
2024-08-10 19:42:40 [INFO] GET https://sources.debian.org/data/main/f/ffmpeg/7%3A7.0.2-2/debian/watch
2024-08-10 19:42:40 [INFO] GET https://sources.debian.org/data/main/r/rustc/1.79.0%2Bdfsg1-2/debian/watch
2024-08-10 19:42:40 [INFO] GET https://sources.debian.org/data/main/z/zsh/5.9-6/debian/watch
2024-08-10 19:42:41 [INFO] python3-defaults 3.12.5: https://www.python.org/ftp/python/3.12.5/Python-3.12.5.tar.xz
2024-08-10 19:42:41 [INFO] zsh 5.9: https://www.zsh.org/pub/zsh-5.9.tar.xz
2024-08-10 19:42:43 [INFO] ffmpeg 7.0.2: https://ffmpeg.org/releases/ffmpeg-7.0.2.tar.xz
2024-08-10 19:42:48 [INFO] rustc 1.79.0: https://static.rust-lang.org/dist/2024-06-13/rustc-1.79.0-src.tar.xz
2024-08-10 19:42:58 [WARNING] retrying uscan for golang-defaults (attempt #1)
2024-08-10 19:43:37 [WARNING] retrying uscan for golang-defaults (attempt #2)
2024-08-10 19:44:01 [WARNING] retrying uscan for golang-defaults (attempt #3)
2024-08-10 19:44:01 [ERROR] failed to update entry for golang-defaults: uscan for golang-defaults failed
2024-08-10 19:44:01 [INFO] no updates found
2024-08-10 19:44:01 [ERROR] failed: golang-defaults
