2024-08-10 11:42:45 [INFO] persisted: Persisted(last_successful_crawls={'ffmpeg': '2024-08-10 11:32:51.231161+00:00', 'golang-defaults': '2024-08-10 11:32:50.444043+00:00', 'python3-defaults': '2024-08-10 11:32:49.466882+00:00', 'rustc': '2024-08-10 11:32:56.764328+00:00', 'zsh': '2024-08-10 11:32:50.050337+00:00'})
2024-08-10 11:42:45 [INFO] config: Config(feed=FeedConfig(base_url='https://release-feeds.zhimingwang.org/', author='release-feeds', aggregate_title='Aggregate software releases'), packages=['ffmpeg', 'golang-defaults', 'python3-defaults', 'rustc', 'zsh'])
2024-08-10 11:42:45 [INFO] GET https://sources.debian.org/api/src/rustc/
2024-08-10 11:42:45 [INFO] GET https://sources.debian.org/api/src/python3-defaults/
2024-08-10 11:42:45 [INFO] GET https://sources.debian.org/api/src/ffmpeg/
2024-08-10 11:42:45 [INFO] GET https://sources.debian.org/api/src/zsh/
2024-08-10 11:42:45 [INFO] GET https://sources.debian.org/api/src/python3-defaults/3.12.5-1/debian/watch
2024-08-10 11:42:45 [INFO] GET https://sources.debian.org/api/src/ffmpeg/7:7.0.2-1/debian/watch
2024-08-10 11:42:45 [INFO] GET https://sources.debian.org/api/src/zsh/5.9-6/debian/watch
2024-08-10 11:42:45 [INFO] GET https://sources.debian.org/api/src/rustc/1.79.0+dfsg1-2/debian/watch
2024-08-10 11:42:45 [INFO] GET https://sources.debian.org/data/main/p/python3-defaults/3.12.5-1/debian/watch
2024-08-10 11:42:46 [INFO] GET https://sources.debian.org/data/main/f/ffmpeg/7%3A7.0.2-1/debian/watch
2024-08-10 11:42:46 [INFO] GET https://sources.debian.org/data/main/z/zsh/5.9-6/debian/watch
2024-08-10 11:42:46 [INFO] GET https://sources.debian.org/data/main/r/rustc/1.79.0%2Bdfsg1-2/debian/watch
2024-08-10 11:42:46 [INFO] python3-defaults 3.12.5: https://www.python.org/ftp/python/3.12.5/Python-3.12.5.tar.xz
2024-08-10 11:42:47 [INFO] zsh 5.9: https://www.zsh.org/pub/zsh-5.9.tar.xz
2024-08-10 11:42:47 [INFO] ffmpeg 7.0.2: https://ffmpeg.org/releases/ffmpeg-7.0.2.tar.xz
2024-08-10 11:42:48 [WARNING] retrying uscan for golang-defaults (attempt #1)
2024-08-10 11:42:50 [WARNING] retrying uscan for golang-defaults (attempt #2)
2024-08-10 11:42:54 [INFO] rustc 1.79.0: https://static.rust-lang.org/dist/2024-06-13/rustc-1.79.0-src.tar.xz
2024-08-10 11:42:55 [WARNING] retrying uscan for golang-defaults (attempt #3)
2024-08-10 11:42:55 [ERROR] failed to update entry for golang-defaults: uscan for golang-defaults failed
2024-08-10 11:42:55 [INFO] no updates found
2024-08-10 11:42:55 [ERROR] failed: golang-defaults
